[1] Puma starting in cluster mode...
[1] * Puma version: 7.2.0 ("On The Corner")
[1] * Ruby version: ruby 4.0.2 (2026-03-17 revision d3da9fec82) +YJIT +MN +PRISM [x86_64-linux]
[1] *  Min threads: 4
[1] *  Max threads: 4
[1] *  Environment: production
[1] *   Master PID: 1
[1] *      Workers: 128
[1] *     Restarts: (✔) hot (✖) phased (✖) refork
[1] * Preloading application
[1] * Listening on http://0.0.0.0:8080
[1] Use Ctrl-C to stop
[1] ! WARNING: Detected `RUBY_MN_THREADS=1`
[1] ! This setting is known to cause performance regressions with Puma.
[1] ! Consider disabling this environment variable: https://github.com/puma/puma/issues/3720
[1] - Worker 0 (PID: 8) booted in 0.26s, phase: 0
[1] - Worker 1 (PID: 12) booted in 0.26s, phase: 0
[1] - Worker 2 (PID: 16) booted in 0.26s, phase: 0
[1] - Worker 3 (PID: 20) booted in 0.26s, phase: 0
[1] - Worker 4 (PID: 24) booted in 0.26s, phase: 0
[1] - Worker 5 (PID: 28) booted in 0.25s, phase: 0
[1] - Worker 6 (PID: 32) booted in 0.25s, phase: 0
[1] - Worker 7 (PID: 37) booted in 0.25s, phase: 0
[1] - Worker 8 (PID: 43) booted in 0.25s, phase: 0
[1] - Worker 9 (PID: 48) booted in 0.25s, phase: 0
[1] - Worker 10 (PID: 53) booted in 0.25s, phase: 0
[1] - Worker 11 (PID: 58) booted in 0.24s, phase: 0
[1] - Worker 12 (PID: 64) booted in 0.24s, phase: 0
[1] - Worker 13 (PID: 70) booted in 0.24s, phase: 0
[1] - Worker 14 (PID: 79) booted in 0.24s, phase: 0
[1] - Worker 15 (PID: 85) booted in 0.24s, phase: 0
[1] - Worker 16 (PID: 92) booted in 0.23s, phase: 0
[1] - Worker 17 (PID: 98) booted in 0.23s, phase: 0
[1] - Worker 18 (PID: 103) booted in 0.23s, phase: 0
[1] - Worker 19 (PID: 107) booted in 0.23s, phase: 0
[1] - Worker 20 (PID: 112) booted in 0.23s, phase: 0
[1] - Worker 21 (PID: 118) booted in 0.23s, phase: 0
[1] - Worker 22 (PID: 124) booted in 0.23s, phase: 0
[1] - Worker 23 (PID: 131) booted in 0.23s, phase: 0
[1] - Worker 24 (PID: 136) booted in 0.22s, phase: 0
[1] - Worker 25 (PID: 141) booted in 0.22s, phase: 0
[1] - Worker 26 (PID: 146) booted in 0.22s, phase: 0
[1] - Worker 27 (PID: 152) booted in 0.22s, phase: 0
[1] - Worker 28 (PID: 158) booted in 0.22s, phase: 0
[1] - Worker 29 (PID: 168) booted in 0.22s, phase: 0
[1] - Worker 30 (PID: 177) booted in 0.21s, phase: 0
[1] - Worker 31 (PID: 182) booted in 0.21s, phase: 0
[1] - Worker 32 (PID: 188) booted in 0.21s, phase: 0
[1] - Worker 33 (PID: 192) booted in 0.21s, phase: 0
[1] - Worker 34 (PID: 197) booted in 0.21s, phase: 0
[1] - Worker 35 (PID: 204) booted in 0.21s, phase: 0
[1] - Worker 36 (PID: 208) booted in 0.22s, phase: 0
[1] - Worker 37 (PID: 213) booted in 0.21s, phase: 0
[1] - Worker 38 (PID: 219) booted in 0.21s, phase: 0
[1] - Worker 39 (PID: 224) booted in 0.21s, phase: 0
[1] - Worker 40 (PID: 229) booted in 0.21s, phase: 0
[1] - Worker 41 (PID: 235) booted in 0.21s, phase: 0
[1] - Worker 42 (PID: 240) booted in 0.21s, phase: 0
[1] - Worker 43 (PID: 246) booted in 0.21s, phase: 0
[1] - Worker 44 (PID: 252) booted in 0.21s, phase: 0
[1] - Worker 45 (PID: 257) booted in 0.21s, phase: 0
[1] - Worker 46 (PID: 265) booted in 0.2s, phase: 0
[1] - Worker 47 (PID: 270) booted in 0.2s, phase: 0
[1] - Worker 48 (PID: 277) booted in 0.2s, phase: 0
[1] - Worker 49 (PID: 283) booted in 0.2s, phase: 0
[1] - Worker 50 (PID: 289) booted in 0.2s, phase: 0
[1] - Worker 51 (PID: 295) booted in 0.2s, phase: 0
[1] - Worker 52 (PID: 301) booted in 0.2s, phase: 0
[1] - Worker 53 (PID: 306) booted in 0.19s, phase: 0
[1] - Worker 54 (PID: 312) booted in 0.19s, phase: 0
[1] - Worker 55 (PID: 319) booted in 0.19s, phase: 0
[1] - Worker 56 (PID: 325) booted in 0.19s, phase: 0
[1] - Worker 57 (PID: 331) booted in 0.19s, phase: 0
[1] - Worker 58 (PID: 337) booted in 0.19s, phase: 0
[1] - Worker 59 (PID: 346) booted in 0.18s, phase: 0
[1] - Worker 60 (PID: 350) booted in 0.18s, phase: 0
[1] - Worker 61 (PID: 356) booted in 0.18s, phase: 0
[1] - Worker 62 (PID: 362) booted in 0.18s, phase: 0
[1] - Worker 63 (PID: 368) booted in 0.18s, phase: 0
[1] - Worker 64 (PID: 374) booted in 0.18s, phase: 0
[1] - Worker 65 (PID: 381) booted in 0.17s, phase: 0
[1] - Worker 66 (PID: 386) booted in 0.17s, phase: 0
[1] - Worker 67 (PID: 392) booted in 0.17s, phase: 0
[1] - Worker 68 (PID: 398) booted in 0.17s, phase: 0
[1] - Worker 69 (PID: 406) booted in 0.17s, phase: 0
[1] - Worker 70 (PID: 411) booted in 0.16s, phase: 0
[1] - Worker 71 (PID: 416) booted in 0.16s, phase: 0
[1] - Worker 72 (PID: 422) booted in 0.16s, phase: 0
[1] - Worker 73 (PID: 430) booted in 0.16s, phase: 0
[1] - Worker 74 (PID: 437) booted in 0.16s, phase: 0
[1] - Worker 75 (PID: 443) booted in 0.15s, phase: 0
[1] - Worker 76 (PID: 450) booted in 0.15s, phase: 0
[1] - Worker 77 (PID: 457) booted in 0.15s, phase: 0
[1] - Worker 78 (PID: 460) booted in 0.15s, phase: 0
[1] - Worker 79 (PID: 466) booted in 0.15s, phase: 0
[1] - Worker 80 (PID: 472) booted in 0.15s, phase: 0
[1] - Worker 81 (PID: 477) booted in 0.14s, phase: 0
[1] - Worker 82 (PID: 483) booted in 0.14s, phase: 0
[1] - Worker 83 (PID: 489) booted in 0.14s, phase: 0
[1] - Worker 84 (PID: 496) booted in 0.14s, phase: 0
[1] - Worker 85 (PID: 500) booted in 0.14s, phase: 0
[1] - Worker 86 (PID: 506) booted in 0.14s, phase: 0
[1] - Worker 87 (PID: 512) booted in 0.13s, phase: 0
[1] - Worker 88 (PID: 517) booted in 0.13s, phase: 0
[1] - Worker 89 (PID: 523) booted in 0.13s, phase: 0
[1] - Worker 90 (PID: 530) booted in 0.13s, phase: 0
[1] - Worker 91 (PID: 535) booted in 0.13s, phase: 0
[1] - Worker 92 (PID: 542) booted in 0.13s, phase: 0
[1] - Worker 93 (PID: 550) booted in 0.12s, phase: 0
[1] - Worker 94 (PID: 558) booted in 0.12s, phase: 0
[1] - Worker 95 (PID: 562) booted in 0.12s, phase: 0
[1] - Worker 96 (PID: 568) booted in 0.12s, phase: 0
[1] - Worker 97 (PID: 574) booted in 0.11s, phase: 0
[1] - Worker 98 (PID: 580) booted in 0.11s, phase: 0
[1] - Worker 99 (PID: 586) booted in 0.11s, phase: 0
[1] - Worker 100 (PID: 591) booted in 0.11s, phase: 0
[1] - Worker 101 (PID: 597) booted in 0.11s, phase: 0
[1] - Worker 102 (PID: 603) booted in 0.11s, phase: 0
[1] - Worker 103 (PID: 610) booted in 0.1s, phase: 0
[1] - Worker 104 (PID: 616) booted in 0.1s, phase: 0
[1] - Worker 105 (PID: 623) booted in 0.1s, phase: 0
[1] - Worker 106 (PID: 630) booted in 0.1s, phase: 0
[1] - Worker 107 (PID: 635) booted in 0.09s, phase: 0
[1] - Worker 108 (PID: 641) booted in 0.09s, phase: 0
[1] - Worker 109 (PID: 649) booted in 0.09s, phase: 0
[1] - Worker 110 (PID: 656) booted in 0.09s, phase: 0
[1] - Worker 111 (PID: 661) booted in 0.09s, phase: 0
[1] - Worker 112 (PID: 665) booted in 0.08s, phase: 0
[1] - Worker 113 (PID: 671) booted in 0.08s, phase: 0
[1] - Worker 114 (PID: 677) booted in 0.08s, phase: 0
[1] - Worker 115 (PID: 684) booted in 0.08s, phase: 0
[1] - Worker 116 (PID: 689) booted in 0.08s, phase: 0
[1] - Worker 117 (PID: 693) booted in 0.07s, phase: 0
[1] - Worker 118 (PID: 699) booted in 0.07s, phase: 0
[1] - Worker 119 (PID: 706) booted in 0.07s, phase: 0
[1] - Worker 120 (PID: 711) booted in 0.07s, phase: 0
[1] - Worker 121 (PID: 716) booted in 0.07s, phase: 0
[1] - Worker 122 (PID: 722) booted in 0.07s, phase: 0
[1] - Worker 123 (PID: 727) booted in 0.06s, phase: 0
[1] - Worker 124 (PID: 733) booted in 0.06s, phase: 0
[1] - Worker 125 (PID: 739) booted in 0.06s, phase: 0
[1] - Worker 126 (PID: 744) booted in 0.06s, phase: 0
[1] - Worker 127 (PID: 750) booted in 0.06s, phase: 0
