[serve-worker-0 ] deno serve: Listening on http://0.0.0.0:8080/ with 128 threads
[serve-worker-78] Http: error reading a body from connection
    at async readableStreamCollectIntoUint8Array (ext:deno_web/06_streams.js:1095:19)
    at async consumeBody (ext:deno_fetch/22_body.js:268:9)
    at async Object.fetch (file:///app/main.ts:125:40)
    at async mapped (ext:deno_http/00_serve.ts:391:18) {
  name: "Http"
}
[serve-worker-2 ] BadResource: Cannot read body as underlying resource unavailable
    at ext:deno_fetch/22_body.js:170:19
    at eventLoopTick (ext:core/01_core.js:177:7)
    at async consumeBody (ext:deno_fetch/22_body.js:268:9)
    at async Object.fetch (file:///app/main.ts:132:27)
    at async mapped (ext:deno_http/00_serve.ts:391:18) {
  name: "BadResource"
}
[serve-worker-93] BadResource: Cannot read body as underlying resource unavailable
    at ext:deno_fetch/22_body.js:170:19
    at eventLoopTick (ext:core/01_core.js:177:7)
    at async consumeBody (ext:deno_fetch/22_body.js:268:9)
    at async Object.fetch (file:///app/main.ts:132:27)
    at async mapped (ext:deno_http/00_serve.ts:391:18) {
  name: "BadResource"
}
[serve-worker-18] BadResource: Cannot read body as underlying resource unavailable
    at ext:deno_fetch/22_body.js:170:19
    at eventLoopTick (ext:core/01_core.js:177:7)
    at async consumeBody (ext:deno_fetch/22_body.js:268:9)
    at async Object.fetch (file:///app/main.ts:132:27)
    at async mapped (ext:deno_http/00_serve.ts:391:18) {
  name: "BadResource"
}
[serve-worker-42] BadResource: Cannot read body as underlying resource unavailable
    at ext:deno_fetch/22_body.js:170:19
    at eventLoopTick (ext:core/01_core.js:177:7)
    at async consumeBody (ext:deno_fetch/22_body.js:268:9)
    at async Object.fetch (file:///app/main.ts:132:27)
    at async mapped (ext:deno_http/00_serve.ts:391:18) {
  name: "BadResource"
}
[serve-worker-57] Http: error reading a body from connection
    at async readableStreamCollectIntoUint8Array (ext:deno_web/06_streams.js:1095:19)
    at async consumeBody (ext:deno_fetch/22_body.js:268:9)
    at async Object.fetch (file:///app/main.ts:125:40)
    at async mapped (ext:deno_http/00_serve.ts:391:18) {
  name: "Http"
}
[serve-worker-57] Http: error reading a body from connection
    at async readableStreamCollectIntoUint8Array (ext:deno_web/06_streams.js:1095:19)
    at async consumeBody (ext:deno_fetch/22_body.js:268:9)
    at async Object.fetch (file:///app/main.ts:125:40)
    at async mapped (ext:deno_http/00_serve.ts:391:18) {
  name: "Http"
}
[serve-worker-78] Http: error reading a body from connection
    at async readableStreamCollectIntoUint8Array (ext:deno_web/06_streams.js:1095:19)
    at async consumeBody (ext:deno_fetch/22_body.js:268:9)
    at async Object.fetch (file:///app/main.ts:125:40)
    at async mapped (ext:deno_http/00_serve.ts:391:18) {
  name: "Http"
}
[serve-worker-78] Http: error reading a body from connection
    at async readableStreamCollectIntoUint8Array (ext:deno_web/06_streams.js:1095:19)
    at async consumeBody (ext:deno_fetch/22_body.js:268:9)
    at async Object.fetch (file:///app/main.ts:125:40)
    at async mapped (ext:deno_http/00_serve.ts:391:18) {
  name: "Http"
}
[serve-worker-42] Http: error reading a body from connection
    at async readableStreamCollectIntoUint8Array (ext:deno_web/06_streams.js:1095:19)
    at async consumeBody (ext:deno_fetch/22_body.js:268:9)
    at async Object.fetch (file:///app/main.ts:125:40)
    at async mapped (ext:deno_http/00_serve.ts:391:18) {
  name: "Http"
}
[serve-worker-78] Http: error reading a body from connection
    at async readableStreamCollectIntoUint8Array (ext:deno_web/06_streams.js:1095:19)
    at async consumeBody (ext:deno_fetch/22_body.js:268:9)
    at async Object.fetch (file:///app/main.ts:125:40)
    at async mapped (ext:deno_http/00_serve.ts:391:18) {
  name: "Http"
}
[serve-worker-78] Http: error reading a body from connection
    at async readableStreamCollectIntoUint8Array (ext:deno_web/06_streams.js:1095:19)
    at async consumeBody (ext:deno_fetch/22_body.js:268:9)
    at async Object.fetch (file:///app/main.ts:125:40)
    at async mapped (ext:deno_http/00_serve.ts:391:18) {
  name: "Http"
}
[serve-worker-42] Http: error reading a body from connection
    at async readableStreamCollectIntoUint8Array (ext:deno_web/06_streams.js:1095:19)
    at async consumeBody (ext:deno_fetch/22_body.js:268:9)
    at async Object.fetch (file:///app/main.ts:125:40)
    at async mapped (ext:deno_http/00_serve.ts:391:18) {
  name: "Http"
}
[serve-worker-42] Http: error reading a body from connection
    at async readableStreamCollectIntoUint8Array (ext:deno_web/06_streams.js:1095:19)
    at async consumeBody (ext:deno_fetch/22_body.js:268:9)
    at async Object.fetch (file:///app/main.ts:125:40)
    at async mapped (ext:deno_http/00_serve.ts:391:18) {
  name: "Http"
}
[serve-worker-78] Http: error reading a body from connection
    at async readableStreamCollectIntoUint8Array (ext:deno_web/06_streams.js:1095:19)
    at async consumeBody (ext:deno_fetch/22_body.js:268:9)
    at async Object.fetch (file:///app/main.ts:125:40)
    at async mapped (ext:deno_http/00_serve.ts:391:18) {
  name: "Http"
}
[serve-worker-78] Http: error reading a body from connection
    at async readableStreamCollectIntoUint8Array (ext:deno_web/06_streams.js:1095:19)
    at async consumeBody (ext:deno_fetch/22_body.js:268:9)
    at async Object.fetch (file:///app/main.ts:125:40)
    at async mapped (ext:deno_http/00_serve.ts:391:18) {
  name: "Http"
}
[serve-worker-78] Http: error reading a body from connection
    at async readableStreamCollectIntoUint8Array (ext:deno_web/06_streams.js:1095:19)
    at async consumeBody (ext:deno_fetch/22_body.js:268:9)
    at async Object.fetch (file:///app/main.ts:125:40)
    at async mapped (ext:deno_http/00_serve.ts:391:18) {
  name: "Http"
}
[serve-worker-78] BadResource: Cannot read body as underlying resource unavailable
    at ext:deno_fetch/22_body.js:170:19
    at eventLoopTick (ext:core/01_core.js:177:7)
    at async consumeBody (ext:deno_fetch/22_body.js:268:9)
    at async Object.fetch (file:///app/main.ts:132:27)
    at async mapped (ext:deno_http/00_serve.ts:391:18) {
  name: "BadResource"
}
[serve-worker-42] Http: error reading a body from connection
    at async readableStreamCollectIntoUint8Array (ext:deno_web/06_streams.js:1095:19)
    at async consumeBody (ext:deno_fetch/22_body.js:268:9)
    at async Object.fetch (file:///app/main.ts:125:40)
    at async mapped (ext:deno_http/00_serve.ts:391:18) {
  name: "Http"
}
[serve-worker-42] Http: error reading a body from connection
    at async readableStreamCollectIntoUint8Array (ext:deno_web/06_streams.js:1095:19)
    at async consumeBody (ext:deno_fetch/22_body.js:268:9)
    at async Object.fetch (file:///app/main.ts:125:40)
    at async mapped (ext:deno_http/00_serve.ts:391:18) {
  name: "Http"
}
[serve-worker-78] Http: error reading a body from connection
    at async readableStreamCollectIntoUint8Array (ext:deno_web/06_streams.js:1095:19)
    at async consumeBody (ext:deno_fetch/22_body.js:268:9)
    at async Object.fetch (file:///app/main.ts:125:40)
    at async mapped (ext:deno_http/00_serve.ts:391:18) {
  name: "Http"
}
[serve-worker-78] Http: error reading a body from connection
    at async readableStreamCollectIntoUint8Array (ext:deno_web/06_streams.js:1095:19)
    at async consumeBody (ext:deno_fetch/22_body.js:268:9)
    at async Object.fetch (file:///app/main.ts:125:40)
    at async mapped (ext:deno_http/00_serve.ts:391:18) {
  name: "Http"
}
[serve-worker-78] Http: error reading a body from connection
    at async readableStreamCollectIntoUint8Array (ext:deno_web/06_streams.js:1095:19)
    at async consumeBody (ext:deno_fetch/22_body.js:268:9)
    at async Object.fetch (file:///app/main.ts:125:40)
    at async mapped (ext:deno_http/00_serve.ts:391:18) {
  name: "Http"
}
[serve-worker-78] Http: error reading a body from connection
    at async readableStreamCollectIntoUint8Array (ext:deno_web/06_streams.js:1095:19)
    at async consumeBody (ext:deno_fetch/22_body.js:268:9)
    at async Object.fetch (file:///app/main.ts:125:40)
    at async mapped (ext:deno_http/00_serve.ts:391:18) {
  name: "Http"
}
[serve-worker-78] Http: error reading a body from connection
    at async readableStreamCollectIntoUint8Array (ext:deno_web/06_streams.js:1095:19)
    at async consumeBody (ext:deno_fetch/22_body.js:268:9)
    at async Object.fetch (file:///app/main.ts:125:40)
    at async mapped (ext:deno_http/00_serve.ts:391:18) {
  name: "Http"
}
[serve-worker-78] Http: error reading a body from connection
    at async readableStreamCollectIntoUint8Array (ext:deno_web/06_streams.js:1095:19)
    at async consumeBody (ext:deno_fetch/22_body.js:268:9)
    at async Object.fetch (file:///app/main.ts:125:40)
    at async mapped (ext:deno_http/00_serve.ts:391:18) {
  name: "Http"
}
[serve-worker-78] Http: error reading a body from connection
    at async readableStreamCollectIntoUint8Array (ext:deno_web/06_streams.js:1095:19)
    at async consumeBody (ext:deno_fetch/22_body.js:268:9)
    at async Object.fetch (file:///app/main.ts:125:40)
    at async mapped (ext:deno_http/00_serve.ts:391:18) {
  name: "Http"
}
[serve-worker-78] Http: error reading a body from connection
    at async readableStreamCollectIntoUint8Array (ext:deno_web/06_streams.js:1095:19)
    at async consumeBody (ext:deno_fetch/22_body.js:268:9)
    at async Object.fetch (file:///app/main.ts:125:40)
    at async mapped (ext:deno_http/00_serve.ts:391:18) {
  name: "Http"
}
[serve-worker-78] Http: error reading a body from connection
    at async readableStreamCollectIntoUint8Array (ext:deno_web/06_streams.js:1095:19)
    at async consumeBody (ext:deno_fetch/22_body.js:268:9)
    at async Object.fetch (file:///app/main.ts:125:40)
    at async mapped (ext:deno_http/00_serve.ts:391:18) {
  name: "Http"
}
[serve-worker-4 ] BadResource: Cannot read body as underlying resource unavailable
    at ext:deno_fetch/22_body.js:170:19
    at eventLoopTick (ext:core/01_core.js:177:7)
    at async consumeBody (ext:deno_fetch/22_body.js:268:9)
    at async Object.fetch (file:///app/main.ts:132:27)
    at async mapped (ext:deno_http/00_serve.ts:391:18) {
  name: "BadResource"
}
[serve-worker-118] Http: error reading a body from connection
    at async readableStreamCollectIntoUint8Array (ext:deno_web/06_streams.js:1095:19)
    at async consumeBody (ext:deno_fetch/22_body.js:268:9)
    at async Object.fetch (file:///app/main.ts:125:40)
    at async mapped (ext:deno_http/00_serve.ts:391:18) {
  name: "Http"
}
