2026-03-09T18:29:54.151Z  WARN 1 --- [tp1343835789-67] o.e.jetty.util.thread.QueuedThreadPool   : Job failed

java.lang.IllegalStateException: already released ReferenceCounter@429862c9[r=1]
	at org.eclipse.jetty.io.Retainable$ReferenceCounter.lambda$release$2(Retainable.java:192) ~[jetty-io-12.0.16.jar!/:12.0.16]
	at java.base/java.util.concurrent.atomic.AtomicInteger.updateAndGet(Unknown Source) ~[na:na]
	at org.eclipse.jetty.io.Retainable$ReferenceCounter.release(Retainable.java:189) ~[jetty-io-12.0.16.jar!/:12.0.16]
	at org.eclipse.jetty.io.AbstractRetainableByteBuffer.release(AbstractRetainableByteBuffer.java:58) ~[jetty-io-12.0.16.jar!/:12.0.16]
	at org.eclipse.jetty.io.ArrayByteBufferPool$Buffer.release(ArrayByteBufferPool.java:651) ~[jetty-io-12.0.16.jar!/:12.0.16]
	at org.eclipse.jetty.server.internal.HttpConnection.releaseRequestBuffer(HttpConnection.java:345) ~[jetty-server-12.0.16.jar!/:12.0.16]
	at org.eclipse.jetty.server.internal.HttpConnection.onFillable(HttpConnection.java:481) ~[jetty-server-12.0.16.jar!/:12.0.16]
	at org.eclipse.jetty.server.internal.HttpConnection.run(HttpConnection.java:646) ~[jetty-server-12.0.16.jar!/:12.0.16]
	at org.eclipse.jetty.util.thread.QueuedThreadPool.runJob(QueuedThreadPool.java:979) ~[jetty-util-12.0.16.jar!/:12.0.16]
	at org.eclipse.jetty.util.thread.QueuedThreadPool$Runner.doRunJob(QueuedThreadPool.java:1209) ~[jetty-util-12.0.16.jar!/:12.0.16]
	at org.eclipse.jetty.util.thread.QueuedThreadPool$Runner.run(QueuedThreadPool.java:1164) ~[jetty-util-12.0.16.jar!/:12.0.16]
	at java.base/java.lang.Thread.run(Unknown Source) ~[na:na]

2026-03-09T18:29:57.681Z  WARN 1 --- [p1343835789-129] .w.s.m.s.DefaultHandlerExceptionResolver : Resolved [org.springframework.http.converter.HttpMessageNotReadableException: I/O error while reading input message]
2026-03-09T18:29:57.681Z  WARN 1 --- [p1343835789-122] .w.s.m.s.DefaultHandlerExceptionResolver : Resolved [org.springframework.http.converter.HttpMessageNotReadableException: I/O error while reading input message]
2026-03-09T18:29:57.681Z  WARN 1 --- [p1343835789-188] .w.s.m.s.DefaultHandlerExceptionResolver : Resolved [org.springframework.http.converter.HttpMessageNotReadableException: I/O error while reading input message]
2026-03-09T18:29:57.681Z  WARN 1 --- [tp1343835789-98] .w.s.m.s.DefaultHandlerExceptionResolver : Resolved [org.springframework.http.converter.HttpMessageNotReadableException: I/O error while reading input message]
2026-03-09T18:29:57.682Z  WARN 1 --- [p1343835789-164] .w.s.m.s.DefaultHandlerExceptionResolver : Resolved [org.springframework.http.converter.HttpMessageNotReadableException: I/O error while reading input message]
2026-03-09T18:29:57.681Z  WARN 1 --- [p1343835789-273] .w.s.m.s.DefaultHandlerExceptionResolver : Resolved [org.springframework.http.converter.HttpMessageNotReadableException: I/O error while reading input message]
2026-03-09T18:29:57.681Z  WARN 1 --- [p1343835789-153] .w.s.m.s.DefaultHandlerExceptionResolver : Resolved [org.springframework.http.converter.HttpMessageNotReadableException: I/O error while reading input message]
2026-03-09T18:29:57.681Z  WARN 1 --- [p1343835789-104] .w.s.m.s.DefaultHandlerExceptionResolver : Resolved [org.springframework.http.converter.HttpMessageNotReadableException: I/O error while reading input message]
2026-03-09T18:29:57.681Z  WARN 1 --- [p1343835789-186] .w.s.m.s.DefaultHandlerExceptionResolver : Resolved [org.springframework.http.converter.HttpMessageNotReadableException: I/O error while reading input message]
2026-03-09T18:29:57.681Z  WARN 1 --- [p1343835789-169] .w.s.m.s.DefaultHandlerExceptionResolver : Resolved [org.springframework.http.converter.HttpMessageNotReadableException: I/O error while reading input message]
2026-03-09T18:29:57.682Z  WARN 1 --- [tp1343835789-68] .w.s.m.s.DefaultHandlerExceptionResolver : Resolved [org.springframework.http.converter.HttpMessageNotReadableException: I/O error while reading input message]
2026-03-09T18:29:57.681Z  WARN 1 --- [p1343835789-175] .w.s.m.s.DefaultHandlerExceptionResolver : Resolved [org.springframework.http.converter.HttpMessageNotReadableException: I/O error while reading input message]
2026-03-09T18:29:57.682Z  WARN 1 --- [p1343835789-158] .w.s.m.s.DefaultHandlerExceptionResolver : Resolved [org.springframework.http.converter.HttpMessageNotReadableException: I/O error while reading input message]
2026-03-09T18:29:57.682Z  WARN 1 --- [p1343835789-280] .w.s.m.s.DefaultHandlerExceptionResolver : Resolved [org.springframework.http.converter.HttpMessageNotReadableException: I/O error while reading input message]
2026-03-09T18:29:57.682Z  WARN 1 --- [p1343835789-185] .w.s.m.s.DefaultHandlerExceptionResolver : Resolved [org.springframework.http.converter.HttpMessageNotReadableException: I/O error while reading input message]
2026-03-09T18:29:57.682Z  WARN 1 --- [p1343835789-126] .w.s.m.s.DefaultHandlerExceptionResolver : Resolved [org.springframework.http.converter.HttpMessageNotReadableException: I/O error while reading input message]
2026-03-09T18:29:57.681Z  WARN 1 --- [p1343835789-110] .w.s.m.s.DefaultHandlerExceptionResolver : Resolved [org.springframework.http.converter.HttpMessageNotReadableException: I/O error while reading input message]
2026-03-09T18:29:57.681Z  WARN 1 --- [p1343835789-224] .w.s.m.s.DefaultHandlerExceptionResolver : Resolved [org.springframework.http.converter.HttpMessageNotReadableException: I/O error while reading input message]
2026-03-09T18:29:57.682Z  WARN 1 --- [p1343835789-183] .w.s.m.s.DefaultHandlerExceptionResolver : Resolved [org.springframework.http.converter.HttpMessageNotReadableException: I/O error while reading input message]
2026-03-09T18:29:57.681Z  WARN 1 --- [p1343835789-119] .w.s.m.s.DefaultHandlerExceptionResolver : Resolved [org.springframework.http.converter.HttpMessageNotReadableException: I/O error while reading input message]
2026-03-09T18:29:57.681Z  WARN 1 --- [p1343835789-149] .w.s.m.s.DefaultHandlerExceptionResolver : Resolved [org.springframework.http.converter.HttpMessageNotReadableException: I/O error while reading input message]
2026-03-09T18:29:57.681Z  WARN 1 --- [p1343835789-255] .w.s.m.s.DefaultHandlerExceptionResolver : Resolved [org.springframework.http.converter.HttpMessageNotReadableException: I/O error while reading input message]
2026-03-09T18:29:57.681Z  WARN 1 --- [p1343835789-157] .w.s.m.s.DefaultHandlerExceptionResolver : Resolved [org.springframework.http.converter.HttpMessageNotReadableException: I/O error while reading input message]
2026-03-09T18:29:57.681Z  WARN 1 --- [p1343835789-154] .w.s.m.s.DefaultHandlerExceptionResolver : Resolved [org.springframework.http.converter.HttpMessageNotReadableException: I/O error while reading input message]
2026-03-09T18:29:57.681Z  WARN 1 --- [p1343835789-123] .w.s.m.s.DefaultHandlerExceptionResolver : Resolved [org.springframework.http.converter.HttpMessageNotReadableException: I/O error while reading input message]
2026-03-09T18:29:57.681Z  WARN 1 --- [p1343835789-171] .w.s.m.s.DefaultHandlerExceptionResolver : Resolved [org.springframework.http.converter.HttpMessageNotReadableException: I/O error while reading input message]
2026-03-09T18:29:57.681Z  WARN 1 --- [p1343835789-201] .w.s.m.s.DefaultHandlerExceptionResolver : Resolved [org.springframework.http.converter.HttpMessageNotReadableException: I/O error while reading input message]
2026-03-09T18:29:57.681Z  WARN 1 --- [p1343835789-112] .w.s.m.s.DefaultHandlerExceptionResolver : Resolved [org.springframework.http.converter.HttpMessageNotReadableException: I/O error while reading input message]
2026-03-09T18:29:57.681Z  WARN 1 --- [tp1343835789-67] .w.s.m.s.DefaultHandlerExceptionResolver : Resolved [org.springframework.http.converter.HttpMessageNotReadableException: I/O error while reading input message]
2026-03-09T18:29:57.681Z  WARN 1 --- [p1343835789-151] .w.s.m.s.DefaultHandlerExceptionResolver : Resolved [org.springframework.http.converter.HttpMessageNotReadableException: I/O error while reading input message]
2026-03-09T18:29:57.683Z  WARN 1 --- [p1343835789-207] .w.s.m.s.DefaultHandlerExceptionResolver : Resolved [org.springframework.http.converter.HttpMessageNotReadableException: I/O error while reading input message]
2026-03-09T18:29:57.683Z  WARN 1 --- [tp1343835789-94] .w.s.m.s.DefaultHandlerExceptionResolver : Resolved [org.springframework.http.converter.HttpMessageNotReadableException: I/O error while reading input message]
2026-03-09T18:29:57.683Z  WARN 1 --- [p1343835789-275] .w.s.m.s.DefaultHandlerExceptionResolver : Resolved [org.springframework.http.converter.HttpMessageNotReadableException: I/O error while reading input message]
2026-03-09T18:29:57.683Z  WARN 1 --- [p1343835789-156] .w.s.m.s.DefaultHandlerExceptionResolver : Resolved [org.springframework.http.converter.HttpMessageNotReadableException: I/O error while reading input message]
2026-03-09T18:29:57.683Z  WARN 1 --- [p1343835789-211] .w.s.m.s.DefaultHandlerExceptionResolver : Resolved [org.springframework.http.converter.HttpMessageNotReadableException: I/O error while reading input message]
2026-03-09T18:29:57.683Z  WARN 1 --- [p1343835789-118] .w.s.m.s.DefaultHandlerExceptionResolver : Resolved [org.springframework.http.converter.HttpMessageNotReadableException: I/O error while reading input message]
2026-03-09T18:29:57.681Z  WARN 1 --- [p1343835789-235] .w.s.m.s.DefaultHandlerExceptionResolver : Resolved [org.springframework.http.converter.HttpMessageNotReadableException: I/O error while reading input message]
2026-03-09T18:29:57.681Z  WARN 1 --- [tp1343835789-76] .w.s.m.s.DefaultHandlerExceptionResolver : Resolved [org.springframework.http.converter.HttpMessageNotReadableException: I/O error while reading input message]
2026-03-09T18:29:57.681Z  WARN 1 --- [p1343835789-125] .w.s.m.s.DefaultHandlerExceptionResolver : Resolved [org.springframework.http.converter.HttpMessageNotReadableException: I/O error while reading input message]
2026-03-09T18:29:57.681Z  WARN 1 --- [p1343835789-254] .w.s.m.s.DefaultHandlerExceptionResolver : Resolved [org.springframework.http.converter.HttpMessageNotReadableException: I/O error while reading input message]
2026-03-09T18:29:57.681Z  WARN 1 --- [tp1343835789-73] .w.s.m.s.DefaultHandlerExceptionResolver : Resolved [org.springframework.http.converter.HttpMessageNotReadableException: I/O error while reading input message]
2026-03-09T18:29:57.681Z  WARN 1 --- [p1343835789-111] .w.s.m.s.DefaultHandlerExceptionResolver : Resolved [org.springframework.http.converter.HttpMessageNotReadableException: I/O error while reading input message]
2026-03-09T18:29:57.681Z  WARN 1 --- [p1343835789-237] .w.s.m.s.DefaultHandlerExceptionResolver : Resolved [org.springframework.http.converter.HttpMessageNotReadableException: I/O error while reading input message]
2026-03-09T18:29:57.681Z  WARN 1 --- [p1343835789-195] .w.s.m.s.DefaultHandlerExceptionResolver : Resolved [org.springframework.http.converter.HttpMessageNotReadableException: I/O error while reading input message]
2026-03-09T18:29:57.681Z  WARN 1 --- [p1343835789-128] .w.s.m.s.DefaultHandlerExceptionResolver : Resolved [org.springframework.http.converter.HttpMessageNotReadableException: I/O error while reading input message]
2026-03-09T18:29:57.681Z  WARN 1 --- [p1343835789-228] .w.s.m.s.DefaultHandlerExceptionResolver : Resolved [org.springframework.http.converter.HttpMessageNotReadableException: I/O error while reading input message]
2026-03-09T18:29:57.681Z  WARN 1 --- [p1343835789-214] .w.s.m.s.DefaultHandlerExceptionResolver : Resolved [org.springframework.http.converter.HttpMessageNotReadableException: I/O error while reading input message]
2026-03-09T18:29:57.681Z  WARN 1 --- [p1343835789-274] .w.s.m.s.DefaultHandlerExceptionResolver : Resolved [org.springframework.http.converter.HttpMessageNotReadableException: I/O error while reading input message]
2026-03-09T18:29:57.683Z  WARN 1 --- [p1343835789-215] .w.s.m.s.DefaultHandlerExceptionResolver : Resolved [org.springframework.http.converter.HttpMessageNotReadableException: I/O error while reading input message]
2026-03-09T18:29:57.681Z  WARN 1 --- [p1343835789-178] .w.s.m.s.DefaultHandlerExceptionResolver : Resolved [org.springframework.http.converter.HttpMessageNotReadableException: I/O error while reading input message]
2026-03-09T18:29:57.681Z  WARN 1 --- [p1343835789-138] .w.s.m.s.DefaultHandlerExceptionResolver : Resolved [org.springframework.http.converter.HttpMessageNotReadableException: I/O error while reading input message]
2026-03-09T18:29:57.681Z  WARN 1 --- [tp1343835789-70] .w.s.m.s.DefaultHandlerExceptionResolver : Resolved [org.springframework.http.converter.HttpMessageNotReadableException: I/O error while reading input message]
2026-03-09T18:29:57.682Z  WARN 1 --- [p1343835789-196] .w.s.m.s.DefaultHandlerExceptionResolver : Resolved [org.springframework.http.converter.HttpMessageNotReadableException: I/O error while reading input message]
2026-03-09T18:29:57.681Z  WARN 1 --- [p1343835789-221] .w.s.m.s.DefaultHandlerExceptionResolver : Resolved [org.springframework.http.converter.HttpMessageNotReadableException: I/O error while reading input message]
2026-03-09T18:29:57.682Z  WARN 1 --- [p1343835789-285] .w.s.m.s.DefaultHandlerExceptionResolver : Resolved [org.springframework.http.converter.HttpMessageNotReadableException: I/O error while reading input message]
2026-03-09T18:29:57.681Z  WARN 1 --- [p1343835789-163] .w.s.m.s.DefaultHandlerExceptionResolver : Resolved [org.springframework.http.converter.HttpMessageNotReadableException: I/O error while reading input message]
2026-03-09T18:29:57.681Z  WARN 1 --- [p1343835789-113] .w.s.m.s.DefaultHandlerExceptionResolver : Resolved [org.springframework.http.converter.HttpMessageNotReadableException: I/O error while reading input message]
2026-03-09T18:29:57.681Z  WARN 1 --- [p1343835789-108] .w.s.m.s.DefaultHandlerExceptionResolver : Resolved [org.springframework.http.converter.HttpMessageNotReadableException: I/O error while reading input message]
2026-03-09T18:29:57.681Z  WARN 1 --- [p1343835789-204] .w.s.m.s.DefaultHandlerExceptionResolver : Resolved [org.springframework.http.converter.HttpMessageNotReadableException: I/O error while reading input message]
2026-03-09T18:29:57.681Z  WARN 1 --- [p1343835789-192] .w.s.m.s.DefaultHandlerExceptionResolver : Resolved [org.springframework.http.converter.HttpMessageNotReadableException: I/O error while reading input message]
2026-03-09T18:29:57.682Z  WARN 1 --- [p1343835789-233] .w.s.m.s.DefaultHandlerExceptionResolver : Resolved [org.springframework.http.converter.HttpMessageNotReadableException: I/O error while reading input message]
2026-03-09T18:29:57.681Z  WARN 1 --- [p1343835789-102] .w.s.m.s.DefaultHandlerExceptionResolver : Resolved [org.springframework.http.converter.HttpMessageNotReadableException: I/O error while reading input message]
2026-03-09T18:29:57.682Z  WARN 1 --- [p1343835789-152] .w.s.m.s.DefaultHandlerExceptionResolver : Resolved [org.springframework.http.converter.HttpMessageNotReadableException: I/O error while reading input message]
2026-03-09T18:29:57.682Z  WARN 1 --- [tp1343835789-64] .w.s.m.s.DefaultHandlerExceptionResolver : Resolved [org.springframework.http.converter.HttpMessageNotReadableException: I/O error while reading input message]
2026-03-09T18:29:57.681Z  WARN 1 --- [p1343835789-284] .w.s.m.s.DefaultHandlerExceptionResolver : Resolved [org.springframework.http.converter.HttpMessageNotReadableException: I/O error while reading input message]
2026-03-09T18:29:57.682Z  WARN 1 --- [p1343835789-161] .w.s.m.s.DefaultHandlerExceptionResolver : Resolved [org.springframework.http.converter.HttpMessageNotReadableException: I/O error while reading input message]
2026-03-09T18:29:57.682Z  WARN 1 --- [p1343835789-172] .w.s.m.s.DefaultHandlerExceptionResolver : Resolved [org.springframework.http.converter.HttpMessageNotReadableException: I/O error while reading input message]
2026-03-09T18:29:57.681Z  WARN 1 --- [p1343835789-159] .w.s.m.s.DefaultHandlerExceptionResolver : Resolved [org.springframework.http.converter.HttpMessageNotReadableException: I/O error while reading input message]
2026-03-09T18:29:57.681Z  WARN 1 --- [tp1343835789-69] .w.s.m.s.DefaultHandlerExceptionResolver : Resolved [org.springframework.http.converter.HttpMessageNotReadableException: I/O error while reading input message]
2026-03-09T18:29:57.681Z  WARN 1 --- [p1343835789-231] .w.s.m.s.DefaultHandlerExceptionResolver : Resolved [org.springframework.http.converter.HttpMessageNotReadableException: I/O error while reading input message]
2026-03-09T18:29:57.682Z  WARN 1 --- [p1343835789-252] .w.s.m.s.DefaultHandlerExceptionResolver : Resolved [org.springframework.http.converter.HttpMessageNotReadableException: I/O error while reading input message]
2026-03-09T18:29:57.681Z  WARN 1 --- [p1343835789-222] .w.s.m.s.DefaultHandlerExceptionResolver : Resolved [org.springframework.http.converter.HttpMessageNotReadableException: I/O error while reading input message]
2026-03-09T18:29:57.682Z  WARN 1 --- [p1343835789-141] .w.s.m.s.DefaultHandlerExceptionResolver : Resolved [org.springframework.http.converter.HttpMessageNotReadableException: I/O error while reading input message]
2026-03-09T18:29:57.682Z  WARN 1 --- [p1343835789-137] .w.s.m.s.DefaultHandlerExceptionResolver : Resolved [org.springframework.http.converter.HttpMessageNotReadableException: I/O error while reading input message]
2026-03-09T18:29:57.681Z  WARN 1 --- [p1343835789-107] .w.s.m.s.DefaultHandlerExceptionResolver : Resolved [org.springframework.http.converter.HttpMessageNotReadableException: I/O error while reading input message]
2026-03-09T18:29:57.681Z  WARN 1 --- [p1343835789-117] .w.s.m.s.DefaultHandlerExceptionResolver : Resolved [org.springframework.http.converter.HttpMessageNotReadableException: I/O error while reading input message]
2026-03-09T18:29:57.681Z  WARN 1 --- [p1343835789-121] .w.s.m.s.DefaultHandlerExceptionResolver : Resolved [org.springframework.http.converter.HttpMessageNotReadableException: I/O error while reading input message]
2026-03-09T18:29:57.681Z  WARN 1 --- [p1343835789-100] .w.s.m.s.DefaultHandlerExceptionResolver : Resolved [org.springframework.http.converter.HttpMessageNotReadableException: I/O error while reading input message]
2026-03-09T18:29:57.681Z  WARN 1 --- [tp1343835789-95] .w.s.m.s.DefaultHandlerExceptionResolver : Resolved [org.springframework.http.converter.HttpMessageNotReadableException: I/O error while reading input message]
2026-03-09T18:29:57.683Z  WARN 1 --- [p1343835789-203] .w.s.m.s.DefaultHandlerExceptionResolver : Resolved [org.springframework.http.converter.HttpMessageNotReadableException: I/O error while reading input message]
2026-03-09T18:29:57.681Z  WARN 1 --- [p1343835789-238] .w.s.m.s.DefaultHandlerExceptionResolver : Resolved [org.springframework.http.converter.HttpMessageNotReadableException: I/O error while reading input message]
2026-03-09T18:29:57.681Z  WARN 1 --- [p1343835789-105] .w.s.m.s.DefaultHandlerExceptionResolver : Resolved [org.springframework.http.converter.HttpMessageNotReadableException: I/O error while reading input message]
2026-03-09T18:29:57.681Z  WARN 1 --- [p1343835789-247] .w.s.m.s.DefaultHandlerExceptionResolver : Resolved [org.springframework.http.converter.HttpMessageNotReadableException: I/O error while reading input message]
2026-03-09T18:29:57.681Z  WARN 1 --- [p1343835789-213] .w.s.m.s.DefaultHandlerExceptionResolver : Resolved [org.springframework.http.converter.HttpMessageNotReadableException: I/O error while reading input message]
2026-03-09T18:29:57.681Z  WARN 1 --- [p1343835789-223] .w.s.m.s.DefaultHandlerExceptionResolver : Resolved [org.springframework.http.converter.HttpMessageNotReadableException: I/O error while reading input message]
2026-03-09T18:29:57.681Z  WARN 1 --- [p1343835789-142] .w.s.m.s.DefaultHandlerExceptionResolver : Resolved [org.springframework.http.converter.HttpMessageNotReadableException: I/O error while reading input message]
2026-03-09T18:29:57.681Z  WARN 1 --- [p1343835789-289] .w.s.m.s.DefaultHandlerExceptionResolver : Resolved [org.springframework.http.converter.HttpMessageNotReadableException: I/O error while reading input message]
2026-03-09T18:29:57.681Z  WARN 1 --- [p1343835789-253] .w.s.m.s.DefaultHandlerExceptionResolver : Resolved [org.springframework.http.converter.HttpMessageNotReadableException: I/O error while reading input message]
2026-03-09T18:29:57.681Z  WARN 1 --- [p1343835789-147] .w.s.m.s.DefaultHandlerExceptionResolver : Resolved [org.springframework.http.converter.HttpMessageNotReadableException: I/O error while reading input message]
2026-03-09T18:29:57.681Z  WARN 1 --- [tp1343835789-97] .w.s.m.s.DefaultHandlerExceptionResolver : Resolved [org.springframework.http.converter.HttpMessageNotReadableException: I/O error while reading input message]
2026-03-09T18:29:57.681Z  WARN 1 --- [p1343835789-132] .w.s.m.s.DefaultHandlerExceptionResolver : Resolved [org.springframework.http.converter.HttpMessageNotReadableException: I/O error while reading input message]
2026-03-09T18:29:57.681Z  WARN 1 --- [p1343835789-287] .w.s.m.s.DefaultHandlerExceptionResolver : Resolved [org.springframework.http.converter.HttpMessageNotReadableException: I/O error while reading input message]
2026-03-09T18:29:57.681Z  WARN 1 --- [p1343835789-293] .w.s.m.s.DefaultHandlerExceptionResolver : Resolved [org.springframework.http.converter.HttpMessageNotReadableException: I/O error while reading input message]
2026-03-09T18:29:57.681Z  WARN 1 --- [p1343835789-220] .w.s.m.s.DefaultHandlerExceptionResolver : Resolved [org.springframework.http.converter.HttpMessageNotReadableException: I/O error while reading input message]
2026-03-09T18:29:57.681Z  WARN 1 --- [p1343835789-298] .w.s.m.s.DefaultHandlerExceptionResolver : Resolved [org.springframework.http.converter.HttpMessageNotReadableException: I/O error while reading input message]
2026-03-09T18:29:57.681Z  WARN 1 --- [p1343835789-250] .w.s.m.s.DefaultHandlerExceptionResolver : Resolved [org.springframework.http.converter.HttpMessageNotReadableException: I/O error while reading input message]
2026-03-09T18:29:59.930Z  WARN 1 --- [p1343835789-144] o.e.jetty.util.thread.QueuedThreadPool   : Job failed

java.lang.IllegalStateException: already released ReferenceCounter@32f6a813[r=0]
	at org.eclipse.jetty.io.Retainable$ReferenceCounter.lambda$release$2(Retainable.java:192) ~[jetty-io-12.0.16.jar!/:12.0.16]
	at java.base/java.util.concurrent.atomic.AtomicInteger.updateAndGet(Unknown Source) ~[na:na]
	at org.eclipse.jetty.io.Retainable$ReferenceCounter.release(Retainable.java:189) ~[jetty-io-12.0.16.jar!/:12.0.16]
	at org.eclipse.jetty.io.AbstractRetainableByteBuffer.release(AbstractRetainableByteBuffer.java:58) ~[jetty-io-12.0.16.jar!/:12.0.16]
	at org.eclipse.jetty.io.ArrayByteBufferPool$Buffer.release(ArrayByteBufferPool.java:651) ~[jetty-io-12.0.16.jar!/:12.0.16]
	at org.eclipse.jetty.server.internal.HttpConnection.releaseRequestBuffer(HttpConnection.java:345) ~[jetty-server-12.0.16.jar!/:12.0.16]
	at org.eclipse.jetty.server.internal.HttpConnection.onFillable(HttpConnection.java:481) ~[jetty-server-12.0.16.jar!/:12.0.16]
	at org.eclipse.jetty.server.internal.HttpConnection.run(HttpConnection.java:646) ~[jetty-server-12.0.16.jar!/:12.0.16]
	at org.eclipse.jetty.util.thread.QueuedThreadPool.runJob(QueuedThreadPool.java:979) ~[jetty-util-12.0.16.jar!/:12.0.16]
	at org.eclipse.jetty.util.thread.QueuedThreadPool$Runner.doRunJob(QueuedThreadPool.java:1209) ~[jetty-util-12.0.16.jar!/:12.0.16]
	at org.eclipse.jetty.util.thread.QueuedThreadPool$Runner.run(QueuedThreadPool.java:1164) ~[jetty-util-12.0.16.jar!/:12.0.16]
	at java.base/java.lang.Thread.run(Unknown Source) ~[na:na]

2026-03-09T18:30:04.810Z  WARN 1 --- [p1343835789-254] .w.s.m.s.DefaultHandlerExceptionResolver : Resolved [org.springframework.http.converter.HttpMessageNotReadableException: I/O error while reading input message]
2026-03-09T18:30:04.810Z  WARN 1 --- [p1343835789-196] .w.s.m.s.DefaultHandlerExceptionResolver : Resolved [org.springframework.http.converter.HttpMessageNotReadableException: I/O error while reading input message]
2026-03-09T18:30:04.810Z  WARN 1 --- [p1343835789-290] .w.s.m.s.DefaultHandlerExceptionResolver : Resolved [org.springframework.http.converter.HttpMessageNotReadableException: I/O error while reading input message]
2026-03-09T18:30:04.810Z  WARN 1 --- [p1343835789-223] .w.s.m.s.DefaultHandlerExceptionResolver : Resolved [org.springframework.http.converter.HttpMessageNotReadableException: I/O error while reading input message]
2026-03-09T18:30:04.810Z  WARN 1 --- [p1343835789-193] .w.s.m.s.DefaultHandlerExceptionResolver : Resolved [org.springframework.http.converter.HttpMessageNotReadableException: I/O error while reading input message]
2026-03-09T18:30:04.810Z  WARN 1 --- [p1343835789-114] .w.s.m.s.DefaultHandlerExceptionResolver : Resolved [org.springframework.http.converter.HttpMessageNotReadableException: I/O error while reading input message]
2026-03-09T18:30:04.810Z  WARN 1 --- [p1343835789-186] .w.s.m.s.DefaultHandlerExceptionResolver : Resolved [org.springframework.http.converter.HttpMessageNotReadableException: I/O error while reading input message]
2026-03-09T18:30:04.810Z  WARN 1 --- [p1343835789-116] .w.s.m.s.DefaultHandlerExceptionResolver : Resolved [org.springframework.http.converter.HttpMessageNotReadableException: I/O error while reading input message]
2026-03-09T18:30:04.810Z  WARN 1 --- [tp1343835789-99] .w.s.m.s.DefaultHandlerExceptionResolver : Resolved [org.springframework.http.converter.HttpMessageNotReadableException: I/O error while reading input message]
2026-03-09T18:30:04.810Z  WARN 1 --- [p1343835789-234] .w.s.m.s.DefaultHandlerExceptionResolver : Resolved [org.springframework.http.converter.HttpMessageNotReadableException: I/O error while reading input message]
2026-03-09T18:30:04.810Z  WARN 1 --- [p1343835789-246] .w.s.m.s.DefaultHandlerExceptionResolver : Resolved [org.springframework.http.converter.HttpMessageNotReadableException: I/O error while reading input message]
2026-03-09T18:30:04.810Z  WARN 1 --- [p1343835789-172] .w.s.m.s.DefaultHandlerExceptionResolver : Resolved [org.springframework.http.converter.HttpMessageNotReadableException: I/O error while reading input message]
2026-03-09T18:30:04.810Z  WARN 1 --- [p1343835789-138] .w.s.m.s.DefaultHandlerExceptionResolver : Resolved [org.springframework.http.converter.HttpMessageNotReadableException: I/O error while reading input message]
2026-03-09T18:30:04.810Z  WARN 1 --- [p1343835789-294] .w.s.m.s.DefaultHandlerExceptionResolver : Resolved [org.springframework.http.converter.HttpMessageNotReadableException: I/O error while reading input message]
2026-03-09T18:30:04.810Z  WARN 1 --- [p1343835789-256] .w.s.m.s.DefaultHandlerExceptionResolver : Resolved [org.springframework.http.converter.HttpMessageNotReadableException: I/O error while reading input message]
2026-03-09T18:30:04.810Z  WARN 1 --- [p1343835789-300] .w.s.m.s.DefaultHandlerExceptionResolver : Resolved [org.springframework.http.converter.HttpMessageNotReadableException: I/O error while reading input message]
2026-03-09T18:30:04.810Z  WARN 1 --- [p1343835789-190] .w.s.m.s.DefaultHandlerExceptionResolver : Resolved [org.springframework.http.converter.HttpMessageNotReadableException: I/O error while reading input message]
2026-03-09T18:30:04.810Z  WARN 1 --- [p1343835789-211] .w.s.m.s.DefaultHandlerExceptionResolver : Resolved [org.springframework.http.converter.HttpMessageNotReadableException: I/O error while reading input message]
2026-03-09T18:30:04.810Z  WARN 1 --- [p1343835789-218] .w.s.m.s.DefaultHandlerExceptionResolver : Resolved [org.springframework.http.converter.HttpMessageNotReadableException: I/O error while reading input message]
2026-03-09T18:30:04.810Z  WARN 1 --- [p1343835789-137] .w.s.m.s.DefaultHandlerExceptionResolver : Resolved [org.springframework.http.converter.HttpMessageNotReadableException: I/O error while reading input message]
2026-03-09T18:30:04.810Z  WARN 1 --- [p1343835789-249] .w.s.m.s.DefaultHandlerExceptionResolver : Resolved [org.springframework.http.converter.HttpMessageNotReadableException: I/O error while reading input message]
2026-03-09T18:30:04.810Z  WARN 1 --- [p1343835789-104] .w.s.m.s.DefaultHandlerExceptionResolver : Resolved [org.springframework.http.converter.HttpMessageNotReadableException: I/O error while reading input message]
2026-03-09T18:30:04.810Z  WARN 1 --- [p1343835789-131] .w.s.m.s.DefaultHandlerExceptionResolver : Resolved [org.springframework.http.converter.HttpMessageNotReadableException: I/O error while reading input message]
2026-03-09T18:30:04.810Z  WARN 1 --- [p1343835789-149] .w.s.m.s.DefaultHandlerExceptionResolver : Resolved [org.springframework.http.converter.HttpMessageNotReadableException: I/O error while reading input message]
2026-03-09T18:30:04.810Z  WARN 1 --- [p1343835789-118] .w.s.m.s.DefaultHandlerExceptionResolver : Resolved [org.springframework.http.converter.HttpMessageNotReadableException: I/O error while reading input message]
2026-03-09T18:30:04.810Z  WARN 1 --- [p1343835789-151] .w.s.m.s.DefaultHandlerExceptionResolver : Resolved [org.springframework.http.converter.HttpMessageNotReadableException: I/O error while reading input message]
2026-03-09T18:30:04.810Z  WARN 1 --- [p1343835789-285] .w.s.m.s.DefaultHandlerExceptionResolver : Resolved [org.springframework.http.converter.HttpMessageNotReadableException: I/O error while reading input message]
2026-03-09T18:30:04.810Z  WARN 1 --- [p1343835789-215] .w.s.m.s.DefaultHandlerExceptionResolver : Resolved [org.springframework.http.converter.HttpMessageNotReadableException: I/O error while reading input message]
2026-03-09T18:30:04.810Z  WARN 1 --- [p1343835789-146] .w.s.m.s.DefaultHandlerExceptionResolver : Resolved [org.springframework.http.converter.HttpMessageNotReadableException: I/O error while reading input message]
2026-03-09T18:30:04.810Z  WARN 1 --- [p1343835789-122] .w.s.m.s.DefaultHandlerExceptionResolver : Resolved [org.springframework.http.converter.HttpMessageNotReadableException: I/O error while reading input message]
2026-03-09T18:30:04.810Z  WARN 1 --- [p1343835789-163] .w.s.m.s.DefaultHandlerExceptionResolver : Resolved [org.springframework.http.converter.HttpMessageNotReadableException: I/O error while reading input message]
2026-03-09T18:30:04.810Z  WARN 1 --- [tp1343835789-92] .w.s.m.s.DefaultHandlerExceptionResolver : Resolved [org.springframework.http.converter.HttpMessageNotReadableException: I/O error while reading input message]
2026-03-09T18:30:04.812Z  WARN 1 --- [p1343835789-226] .w.s.m.s.DefaultHandlerExceptionResolver : Resolved [org.springframework.http.converter.HttpMessageNotReadableException: I/O error while reading input message]
2026-03-09T18:30:04.812Z  WARN 1 --- [p1343835789-257] .w.s.m.s.DefaultHandlerExceptionResolver : Resolved [org.springframework.http.converter.HttpMessageNotReadableException: I/O error while reading input message]
2026-03-09T18:30:04.812Z  WARN 1 --- [p1343835789-221] .w.s.m.s.DefaultHandlerExceptionResolver : Resolved [org.springframework.http.converter.HttpMessageNotReadableException: I/O error while reading input message]
2026-03-09T18:30:04.812Z  WARN 1 --- [p1343835789-219] .w.s.m.s.DefaultHandlerExceptionResolver : Resolved [org.springframework.http.converter.HttpMessageNotReadableException: I/O error while reading input message]
2026-03-09T18:30:04.812Z  WARN 1 --- [tp1343835789-76] .w.s.m.s.DefaultHandlerExceptionResolver : Resolved [org.springframework.http.converter.HttpMessageNotReadableException: I/O error while reading input message]
2026-03-09T18:30:04.812Z  WARN 1 --- [p1343835789-201] .w.s.m.s.DefaultHandlerExceptionResolver : Resolved [org.springframework.http.converter.HttpMessageNotReadableException: I/O error while reading input message]
2026-03-09T18:30:04.812Z  WARN 1 --- [tp1343835789-68] .w.s.m.s.DefaultHandlerExceptionResolver : Resolved [org.springframework.http.converter.HttpMessageNotReadableException: I/O error while reading input message]
2026-03-09T18:30:04.812Z  WARN 1 --- [p1343835789-298] .w.s.m.s.DefaultHandlerExceptionResolver : Resolved [org.springframework.http.converter.HttpMessageNotReadableException: I/O error while reading input message]
2026-03-09T18:30:04.812Z  WARN 1 --- [p1343835789-171] .w.s.m.s.DefaultHandlerExceptionResolver : Resolved [org.springframework.http.converter.HttpMessageNotReadableException: I/O error while reading input message]
2026-03-09T18:30:04.812Z  WARN 1 --- [p1343835789-164] .w.s.m.s.DefaultHandlerExceptionResolver : Resolved [org.springframework.http.converter.HttpMessageNotReadableException: I/O error while reading input message]
2026-03-09T18:30:04.812Z  WARN 1 --- [p1343835789-235] .w.s.m.s.DefaultHandlerExceptionResolver : Resolved [org.springframework.http.converter.HttpMessageNotReadableException: I/O error while reading input message]
2026-03-09T18:30:04.812Z  WARN 1 --- [tp1343835789-93] .w.s.m.s.DefaultHandlerExceptionResolver : Resolved [org.springframework.http.converter.HttpMessageNotReadableException: I/O error while reading input message]
2026-03-09T18:30:04.812Z  WARN 1 --- [p1343835789-213] .w.s.m.s.DefaultHandlerExceptionResolver : Resolved [org.springframework.http.converter.HttpMessageNotReadableException: I/O error while reading input message]
2026-03-09T18:30:04.812Z  WARN 1 --- [p1343835789-117] .w.s.m.s.DefaultHandlerExceptionResolver : Resolved [org.springframework.http.converter.HttpMessageNotReadableException: I/O error while reading input message]
2026-03-09T18:30:04.812Z  WARN 1 --- [p1343835789-191] .w.s.m.s.DefaultHandlerExceptionResolver : Resolved [org.springframework.http.converter.HttpMessageNotReadableException: I/O error while reading input message]
2026-03-09T18:30:04.812Z  WARN 1 --- [p1343835789-145] .w.s.m.s.DefaultHandlerExceptionResolver : Resolved [org.springframework.http.converter.HttpMessageNotReadableException: I/O error while reading input message]
2026-03-09T18:30:04.812Z  WARN 1 --- [p1343835789-175] .w.s.m.s.DefaultHandlerExceptionResolver : Resolved [org.springframework.http.converter.HttpMessageNotReadableException: I/O error while reading input message]
2026-03-09T18:30:04.812Z  WARN 1 --- [p1343835789-133] .w.s.m.s.DefaultHandlerExceptionResolver : Resolved [org.springframework.http.converter.HttpMessageNotReadableException: I/O error while reading input message]
2026-03-09T18:30:04.812Z  WARN 1 --- [p1343835789-194] .w.s.m.s.DefaultHandlerExceptionResolver : Resolved [org.springframework.http.converter.HttpMessageNotReadableException: I/O error while reading input message]
2026-03-09T18:30:04.812Z  WARN 1 --- [p1343835789-228] .w.s.m.s.DefaultHandlerExceptionResolver : Resolved [org.springframework.http.converter.HttpMessageNotReadableException: I/O error while reading input message]
2026-03-09T18:30:04.812Z  WARN 1 --- [p1343835789-299] .w.s.m.s.DefaultHandlerExceptionResolver : Resolved [org.springframework.http.converter.HttpMessageNotReadableException: I/O error while reading input message]
2026-03-09T18:30:04.812Z  WARN 1 --- [p1343835789-110] .w.s.m.s.DefaultHandlerExceptionResolver : Resolved [org.springframework.http.converter.HttpMessageNotReadableException: I/O error while reading input message]
2026-03-09T18:30:04.812Z  WARN 1 --- [p1343835789-247] .w.s.m.s.DefaultHandlerExceptionResolver : Resolved [org.springframework.http.converter.HttpMessageNotReadableException: I/O error while reading input message]
2026-03-09T18:30:04.812Z  WARN 1 --- [p1343835789-100] .w.s.m.s.DefaultHandlerExceptionResolver : Resolved [org.springframework.http.converter.HttpMessageNotReadableException: I/O error while reading input message]
2026-03-09T18:30:04.814Z  WARN 1 --- [tp1343835789-96] .w.s.m.s.DefaultHandlerExceptionResolver : Resolved [org.springframework.http.converter.HttpMessageNotReadableException: I/O error while reading input message]
2026-03-09T18:30:04.814Z  WARN 1 --- [p1343835789-143] .w.s.m.s.DefaultHandlerExceptionResolver : Resolved [org.springframework.http.converter.HttpMessageNotReadableException: I/O error while reading input message]
2026-03-09T18:30:04.814Z  WARN 1 --- [p1343835789-185] .w.s.m.s.DefaultHandlerExceptionResolver : Resolved [org.springframework.http.converter.HttpMessageNotReadableException: I/O error while reading input message]
2026-03-09T18:30:04.814Z  WARN 1 --- [p1343835789-112] .w.s.m.s.DefaultHandlerExceptionResolver : Resolved [org.springframework.http.converter.HttpMessageNotReadableException: I/O error while reading input message]
2026-03-09T18:30:04.814Z  WARN 1 --- [p1343835789-225] .w.s.m.s.DefaultHandlerExceptionResolver : Resolved [org.springframework.http.converter.HttpMessageNotReadableException: I/O error while reading input message]
2026-03-09T18:30:04.814Z  WARN 1 --- [p1343835789-275] .w.s.m.s.DefaultHandlerExceptionResolver : Resolved [org.springframework.http.converter.HttpMessageNotReadableException: I/O error while reading input message]
2026-03-09T18:30:04.814Z  WARN 1 --- [p1343835789-297] .w.s.m.s.DefaultHandlerExceptionResolver : Resolved [org.springframework.http.converter.HttpMessageNotReadableException: I/O error while reading input message]
2026-03-09T18:30:04.814Z  WARN 1 --- [p1343835789-134] .w.s.m.s.DefaultHandlerExceptionResolver : Resolved [org.springframework.http.converter.HttpMessageNotReadableException: I/O error while reading input message]
2026-03-09T18:30:04.814Z  WARN 1 --- [p1343835789-128] .w.s.m.s.DefaultHandlerExceptionResolver : Resolved [org.springframework.http.converter.HttpMessageNotReadableException: I/O error while reading input message]
2026-03-09T18:30:04.814Z  WARN 1 --- [p1343835789-140] .w.s.m.s.DefaultHandlerExceptionResolver : Resolved [org.springframework.http.converter.HttpMessageNotReadableException: I/O error while reading input message]
2026-03-09T18:30:04.814Z  WARN 1 --- [p1343835789-296] .w.s.m.s.DefaultHandlerExceptionResolver : Resolved [org.springframework.http.converter.HttpMessageNotReadableException: I/O error while reading input message]
2026-03-09T18:30:04.814Z  WARN 1 --- [p1343835789-216] .w.s.m.s.DefaultHandlerExceptionResolver : Resolved [org.springframework.http.converter.HttpMessageNotReadableException: I/O error while reading input message]
2026-03-09T18:30:04.814Z  WARN 1 --- [p1343835789-200] .w.s.m.s.DefaultHandlerExceptionResolver : Resolved [org.springframework.http.converter.HttpMessageNotReadableException: I/O error while reading input message]
2026-03-09T18:30:04.814Z  WARN 1 --- [p1343835789-184] .w.s.m.s.DefaultHandlerExceptionResolver : Resolved [org.springframework.http.converter.HttpMessageNotReadableException: I/O error while reading input message]
2026-03-09T18:30:04.814Z  WARN 1 --- [p1343835789-251] .w.s.m.s.DefaultHandlerExceptionResolver : Resolved [org.springframework.http.converter.HttpMessageNotReadableException: I/O error while reading input message]
2026-03-09T18:30:04.814Z  WARN 1 --- [p1343835789-115] .w.s.m.s.DefaultHandlerExceptionResolver : Resolved [org.springframework.http.converter.HttpMessageNotReadableException: I/O error while reading input message]
2026-03-09T18:30:04.814Z  WARN 1 --- [p1343835789-224] .w.s.m.s.DefaultHandlerExceptionResolver : Resolved [org.springframework.http.converter.HttpMessageNotReadableException: I/O error while reading input message]
2026-03-09T18:30:04.814Z  WARN 1 --- [p1343835789-177] .w.s.m.s.DefaultHandlerExceptionResolver : Resolved [org.springframework.http.converter.HttpMessageNotReadableException: I/O error while reading input message]
2026-03-09T18:30:04.814Z  WARN 1 --- [p1343835789-125] .w.s.m.s.DefaultHandlerExceptionResolver : Resolved [org.springframework.http.converter.HttpMessageNotReadableException: I/O error while reading input message]
2026-03-09T18:30:04.814Z  WARN 1 --- [p1343835789-158] .w.s.m.s.DefaultHandlerExceptionResolver : Resolved [org.springframework.http.converter.HttpMessageNotReadableException: I/O error while reading input message]
2026-03-09T18:30:04.814Z  WARN 1 --- [p1343835789-217] .w.s.m.s.DefaultHandlerExceptionResolver : Resolved [org.springframework.http.converter.HttpMessageNotReadableException: I/O error while reading input message]
2026-03-09T18:30:04.814Z  WARN 1 --- [p1343835789-237] .w.s.m.s.DefaultHandlerExceptionResolver : Resolved [org.springframework.http.converter.HttpMessageNotReadableException: I/O error while reading input message]
2026-03-09T18:30:04.814Z  WARN 1 --- [p1343835789-205] .w.s.m.s.DefaultHandlerExceptionResolver : Resolved [org.springframework.http.converter.HttpMessageNotReadableException: I/O error while reading input message]
2026-03-09T18:30:04.814Z  WARN 1 --- [p1343835789-230] .w.s.m.s.DefaultHandlerExceptionResolver : Resolved [org.springframework.http.converter.HttpMessageNotReadableException: I/O error while reading input message]
2026-03-09T18:30:04.814Z  WARN 1 --- [p1343835789-129] .w.s.m.s.DefaultHandlerExceptionResolver : Resolved [org.springframework.http.converter.HttpMessageNotReadableException: I/O error while reading input message]
2026-03-09T18:30:04.814Z  WARN 1 --- [p1343835789-148] .w.s.m.s.DefaultHandlerExceptionResolver : Resolved [org.springframework.http.converter.HttpMessageNotReadableException: I/O error while reading input message]
2026-03-09T18:30:04.814Z  WARN 1 --- [p1343835789-162] .w.s.m.s.DefaultHandlerExceptionResolver : Resolved [org.springframework.http.converter.HttpMessageNotReadableException: I/O error while reading input message]
2026-03-09T18:30:04.814Z  WARN 1 --- [p1343835789-154] .w.s.m.s.DefaultHandlerExceptionResolver : Resolved [org.springframework.http.converter.HttpMessageNotReadableException: I/O error while reading input message]
2026-03-09T18:30:04.814Z  WARN 1 --- [p1343835789-165] .w.s.m.s.DefaultHandlerExceptionResolver : Resolved [org.springframework.http.converter.HttpMessageNotReadableException: I/O error while reading input message]
2026-03-09T18:30:04.814Z  WARN 1 --- [p1343835789-159] .w.s.m.s.DefaultHandlerExceptionResolver : Resolved [org.springframework.http.converter.HttpMessageNotReadableException: I/O error while reading input message]
2026-03-09T18:30:04.814Z  WARN 1 --- [p1343835789-282] .w.s.m.s.DefaultHandlerExceptionResolver : Resolved [org.springframework.http.converter.HttpMessageNotReadableException: I/O error while reading input message]
2026-03-09T18:30:04.814Z  WARN 1 --- [p1343835789-156] .w.s.m.s.DefaultHandlerExceptionResolver : Resolved [org.springframework.http.converter.HttpMessageNotReadableException: I/O error while reading input message]
2026-03-09T18:30:04.814Z  WARN 1 --- [p1343835789-107] .w.s.m.s.DefaultHandlerExceptionResolver : Resolved [org.springframework.http.converter.HttpMessageNotReadableException: I/O error while reading input message]
2026-03-09T18:30:04.814Z  WARN 1 --- [p1343835789-180] .w.s.m.s.DefaultHandlerExceptionResolver : Resolved [org.springframework.http.converter.HttpMessageNotReadableException: I/O error while reading input message]
2026-03-09T18:30:04.814Z  WARN 1 --- [p1343835789-170] .w.s.m.s.DefaultHandlerExceptionResolver : Resolved [org.springframework.http.converter.HttpMessageNotReadableException: I/O error while reading input message]
2026-03-09T18:30:04.814Z  WARN 1 --- [p1343835789-252] .w.s.m.s.DefaultHandlerExceptionResolver : Resolved [org.springframework.http.converter.HttpMessageNotReadableException: I/O error while reading input message]
2026-03-09T18:30:04.814Z  WARN 1 --- [tp1343835789-65] .w.s.m.s.DefaultHandlerExceptionResolver : Resolved [org.springframework.http.converter.HttpMessageNotReadableException: I/O error while reading input message]
2026-03-09T18:30:04.814Z  WARN 1 --- [p1343835789-178] .w.s.m.s.DefaultHandlerExceptionResolver : Resolved [org.springframework.http.converter.HttpMessageNotReadableException: I/O error while reading input message]
2026-03-09T18:30:04.814Z  WARN 1 --- [tp1343835789-63] .w.s.m.s.DefaultHandlerExceptionResolver : Resolved [org.springframework.http.converter.HttpMessageNotReadableException: I/O error while reading input message]
2026-03-09T18:30:04.814Z  WARN 1 --- [p1343835789-173] .w.s.m.s.DefaultHandlerExceptionResolver : Resolved [org.springframework.http.converter.HttpMessageNotReadableException: I/O error while reading input message]
2026-03-09T18:30:06.831Z  WARN 1 --- [p1343835789-173] o.e.jetty.util.thread.QueuedThreadPool   : Job failed

java.lang.IllegalStateException: already released ReferenceCounter@326534fb[r=0]
	at org.eclipse.jetty.io.Retainable$ReferenceCounter.lambda$release$2(Retainable.java:192) ~[jetty-io-12.0.16.jar!/:12.0.16]
	at java.base/java.util.concurrent.atomic.AtomicInteger.updateAndGet(Unknown Source) ~[na:na]
	at org.eclipse.jetty.io.Retainable$ReferenceCounter.release(Retainable.java:189) ~[jetty-io-12.0.16.jar!/:12.0.16]
	at org.eclipse.jetty.io.AbstractRetainableByteBuffer.release(AbstractRetainableByteBuffer.java:58) ~[jetty-io-12.0.16.jar!/:12.0.16]
	at org.eclipse.jetty.io.ArrayByteBufferPool$Buffer.release(ArrayByteBufferPool.java:651) ~[jetty-io-12.0.16.jar!/:12.0.16]
	at org.eclipse.jetty.server.internal.HttpConnection.releaseRequestBuffer(HttpConnection.java:345) ~[jetty-server-12.0.16.jar!/:12.0.16]
	at org.eclipse.jetty.server.internal.HttpConnection.onFillable(HttpConnection.java:481) ~[jetty-server-12.0.16.jar!/:12.0.16]
	at org.eclipse.jetty.server.internal.HttpConnection.run(HttpConnection.java:646) ~[jetty-server-12.0.16.jar!/:12.0.16]
	at org.eclipse.jetty.util.thread.QueuedThreadPool.runJob(QueuedThreadPool.java:979) ~[jetty-util-12.0.16.jar!/:12.0.16]
	at org.eclipse.jetty.util.thread.QueuedThreadPool$Runner.doRunJob(QueuedThreadPool.java:1209) ~[jetty-util-12.0.16.jar!/:12.0.16]
	at org.eclipse.jetty.util.thread.QueuedThreadPool$Runner.run(QueuedThreadPool.java:1164) ~[jetty-util-12.0.16.jar!/:12.0.16]
	at java.base/java.lang.Thread.run(Unknown Source) ~[na:na]

2026-03-09T18:30:11.930Z  WARN 1 --- [p1343835789-299] .w.s.m.s.DefaultHandlerExceptionResolver : Resolved [org.springframework.http.converter.HttpMessageNotReadableException: I/O error while reading input message]
2026-03-09T18:30:11.930Z  WARN 1 --- [p1343835789-157] .w.s.m.s.DefaultHandlerExceptionResolver : Resolved [org.springframework.http.converter.HttpMessageNotReadableException: I/O error while reading input message]
2026-03-09T18:30:11.930Z  WARN 1 --- [p1343835789-115] .w.s.m.s.DefaultHandlerExceptionResolver : Resolved [org.springframework.http.converter.HttpMessageNotReadableException: I/O error while reading input message]
2026-03-09T18:30:11.930Z  WARN 1 --- [p1343835789-203] .w.s.m.s.DefaultHandlerExceptionResolver : Resolved [org.springframework.http.converter.HttpMessageNotReadableException: I/O error while reading input message]
2026-03-09T18:30:11.930Z  WARN 1 --- [p1343835789-118] .w.s.m.s.DefaultHandlerExceptionResolver : Resolved [org.springframework.http.converter.HttpMessageNotReadableException: I/O error while reading input message]
2026-03-09T18:30:11.930Z  WARN 1 --- [tp1343835789-93] .w.s.m.s.DefaultHandlerExceptionResolver : Resolved [org.springframework.http.converter.HttpMessageNotReadableException: I/O error while reading input message]
2026-03-09T18:30:11.930Z  WARN 1 --- [p1343835789-238] .w.s.m.s.DefaultHandlerExceptionResolver : Resolved [org.springframework.http.converter.HttpMessageNotReadableException: I/O error while reading input message]
2026-03-09T18:30:11.930Z  WARN 1 --- [p1343835789-249] .w.s.m.s.DefaultHandlerExceptionResolver : Resolved [org.springframework.http.converter.HttpMessageNotReadableException: I/O error while reading input message]
2026-03-09T18:30:11.930Z  WARN 1 --- [p1343835789-109] .w.s.m.s.DefaultHandlerExceptionResolver : Resolved [org.springframework.http.converter.HttpMessageNotReadableException: I/O error while reading input message]
2026-03-09T18:30:11.930Z  WARN 1 --- [p1343835789-294] .w.s.m.s.DefaultHandlerExceptionResolver : Resolved [org.springframework.http.converter.HttpMessageNotReadableException: I/O error while reading input message]
2026-03-09T18:30:11.930Z  WARN 1 --- [p1343835789-123] .w.s.m.s.DefaultHandlerExceptionResolver : Resolved [org.springframework.http.converter.HttpMessageNotReadableException: I/O error while reading input message]
2026-03-09T18:30:11.930Z  WARN 1 --- [p1343835789-236] .w.s.m.s.DefaultHandlerExceptionResolver : Resolved [org.springframework.http.converter.HttpMessageNotReadableException: I/O error while reading input message]
2026-03-09T18:30:11.930Z  WARN 1 --- [p1343835789-234] .w.s.m.s.DefaultHandlerExceptionResolver : Resolved [org.springframework.http.converter.HttpMessageNotReadableException: I/O error while reading input message]
2026-03-09T18:30:11.930Z  WARN 1 --- [p1343835789-289] .w.s.m.s.DefaultHandlerExceptionResolver : Resolved [org.springframework.http.converter.HttpMessageNotReadableException: I/O error while reading input message]
2026-03-09T18:30:11.930Z  WARN 1 --- [p1343835789-174] .w.s.m.s.DefaultHandlerExceptionResolver : Resolved [org.springframework.http.converter.HttpMessageNotReadableException: I/O error while reading input message]
2026-03-09T18:30:11.930Z  WARN 1 --- [p1343835789-256] .w.s.m.s.DefaultHandlerExceptionResolver : Resolved [org.springframework.http.converter.HttpMessageNotReadableException: I/O error while reading input message]
2026-03-09T18:30:11.930Z  WARN 1 --- [p1343835789-184] .w.s.m.s.DefaultHandlerExceptionResolver : Resolved [org.springframework.http.converter.HttpMessageNotReadableException: I/O error while reading input message]
2026-03-09T18:30:11.930Z  WARN 1 --- [p1343835789-151] .w.s.m.s.DefaultHandlerExceptionResolver : Resolved [org.springframework.http.converter.HttpMessageNotReadableException: I/O error while reading input message]
2026-03-09T18:30:11.930Z  WARN 1 --- [p1343835789-146] .w.s.m.s.DefaultHandlerExceptionResolver : Resolved [org.springframework.http.converter.HttpMessageNotReadableException: I/O error while reading input message]
2026-03-09T18:30:11.930Z  WARN 1 --- [p1343835789-275] .w.s.m.s.DefaultHandlerExceptionResolver : Resolved [org.springframework.http.converter.HttpMessageNotReadableException: I/O error while reading input message]
2026-03-09T18:30:11.930Z  WARN 1 --- [p1343835789-107] .w.s.m.s.DefaultHandlerExceptionResolver : Resolved [org.springframework.http.converter.HttpMessageNotReadableException: I/O error while reading input message]
2026-03-09T18:30:11.930Z  WARN 1 --- [p1343835789-281] .w.s.m.s.DefaultHandlerExceptionResolver : Resolved [org.springframework.http.converter.HttpMessageNotReadableException: I/O error while reading input message]
2026-03-09T18:30:11.930Z  WARN 1 --- [p1343835789-219] .w.s.m.s.DefaultHandlerExceptionResolver : Resolved [org.springframework.http.converter.HttpMessageNotReadableException: I/O error while reading input message]
2026-03-09T18:30:11.930Z  WARN 1 --- [p1343835789-217] .w.s.m.s.DefaultHandlerExceptionResolver : Resolved [org.springframework.http.converter.HttpMessageNotReadableException: I/O error while reading input message]
2026-03-09T18:30:11.930Z  WARN 1 --- [p1343835789-237] .w.s.m.s.DefaultHandlerExceptionResolver : Resolved [org.springframework.http.converter.HttpMessageNotReadableException: I/O error while reading input message]
2026-03-09T18:30:11.930Z  WARN 1 --- [p1343835789-252] .w.s.m.s.DefaultHandlerExceptionResolver : Resolved [org.springframework.http.converter.HttpMessageNotReadableException: I/O error while reading input message]
2026-03-09T18:30:11.930Z  WARN 1 --- [p1343835789-287] .w.s.m.s.DefaultHandlerExceptionResolver : Resolved [org.springframework.http.converter.HttpMessageNotReadableException: I/O error while reading input message]
2026-03-09T18:30:11.930Z  WARN 1 --- [p1343835789-282] .w.s.m.s.DefaultHandlerExceptionResolver : Resolved [org.springframework.http.converter.HttpMessageNotReadableException: I/O error while reading input message]
2026-03-09T18:30:11.930Z  WARN 1 --- [p1343835789-216] .w.s.m.s.DefaultHandlerExceptionResolver : Resolved [org.springframework.http.converter.HttpMessageNotReadableException: I/O error while reading input message]
2026-03-09T18:30:11.930Z  WARN 1 --- [p1343835789-134] .w.s.m.s.DefaultHandlerExceptionResolver : Resolved [org.springframework.http.converter.HttpMessageNotReadableException: I/O error while reading input message]
2026-03-09T18:30:11.930Z  WARN 1 --- [p1343835789-223] .w.s.m.s.DefaultHandlerExceptionResolver : Resolved [org.springframework.http.converter.HttpMessageNotReadableException: I/O error while reading input message]
2026-03-09T18:30:11.930Z  WARN 1 --- [p1343835789-106] .w.s.m.s.DefaultHandlerExceptionResolver : Resolved [org.springframework.http.converter.HttpMessageNotReadableException: I/O error while reading input message]
2026-03-09T18:30:11.933Z  WARN 1 --- [tp1343835789-68] .w.s.m.s.DefaultHandlerExceptionResolver : Resolved [org.springframework.http.converter.HttpMessageNotReadableException: I/O error while reading input message]
2026-03-09T18:30:11.933Z  WARN 1 --- [p1343835789-285] .w.s.m.s.DefaultHandlerExceptionResolver : Resolved [org.springframework.http.converter.HttpMessageNotReadableException: I/O error while reading input message]
2026-03-09T18:30:11.933Z  WARN 1 --- [tp1343835789-74] .w.s.m.s.DefaultHandlerExceptionResolver : Resolved [org.springframework.http.converter.HttpMessageNotReadableException: I/O error while reading input message]
2026-03-09T18:30:11.933Z  WARN 1 --- [p1343835789-105] .w.s.m.s.DefaultHandlerExceptionResolver : Resolved [org.springframework.http.converter.HttpMessageNotReadableException: I/O error while reading input message]
2026-03-09T18:30:11.933Z  WARN 1 --- [p1343835789-113] .w.s.m.s.DefaultHandlerExceptionResolver : Resolved [org.springframework.http.converter.HttpMessageNotReadableException: I/O error while reading input message]
2026-03-09T18:30:11.933Z  WARN 1 --- [p1343835789-214] .w.s.m.s.DefaultHandlerExceptionResolver : Resolved [org.springframework.http.converter.HttpMessageNotReadableException: I/O error while reading input message]
2026-03-09T18:30:11.933Z  WARN 1 --- [p1343835789-155] .w.s.m.s.DefaultHandlerExceptionResolver : Resolved [org.springframework.http.converter.HttpMessageNotReadableException: I/O error while reading input message]
2026-03-09T18:30:11.933Z  WARN 1 --- [p1343835789-142] .w.s.m.s.DefaultHandlerExceptionResolver : Resolved [org.springframework.http.converter.HttpMessageNotReadableException: I/O error while reading input message]
2026-03-09T18:30:11.933Z  WARN 1 --- [tp1343835789-65] .w.s.m.s.DefaultHandlerExceptionResolver : Resolved [org.springframework.http.converter.HttpMessageNotReadableException: I/O error while reading input message]
2026-03-09T18:30:11.933Z  WARN 1 --- [p1343835789-110] .w.s.m.s.DefaultHandlerExceptionResolver : Resolved [org.springframework.http.converter.HttpMessageNotReadableException: I/O error while reading input message]
2026-03-09T18:30:11.933Z  WARN 1 --- [p1343835789-195] .w.s.m.s.DefaultHandlerExceptionResolver : Resolved [org.springframework.http.converter.HttpMessageNotReadableException: I/O error while reading input message]
2026-03-09T18:30:11.933Z  WARN 1 --- [p1343835789-284] .w.s.m.s.DefaultHandlerExceptionResolver : Resolved [org.springframework.http.converter.HttpMessageNotReadableException: I/O error while reading input message]
2026-03-09T18:30:11.933Z  WARN 1 --- [p1343835789-161] .w.s.m.s.DefaultHandlerExceptionResolver : Resolved [org.springframework.http.converter.HttpMessageNotReadableException: I/O error while reading input message]
2026-03-09T18:30:11.933Z  WARN 1 --- [p1343835789-152] .w.s.m.s.DefaultHandlerExceptionResolver : Resolved [org.springframework.http.converter.HttpMessageNotReadableException: I/O error while reading input message]
2026-03-09T18:30:11.933Z  WARN 1 --- [p1343835789-116] .w.s.m.s.DefaultHandlerExceptionResolver : Resolved [org.springframework.http.converter.HttpMessageNotReadableException: I/O error while reading input message]
2026-03-09T18:30:11.933Z  WARN 1 --- [tp1343835789-95] .w.s.m.s.DefaultHandlerExceptionResolver : Resolved [org.springframework.http.converter.HttpMessageNotReadableException: I/O error while reading input message]
2026-03-09T18:30:11.933Z  WARN 1 --- [p1343835789-131] .w.s.m.s.DefaultHandlerExceptionResolver : Resolved [org.springframework.http.converter.HttpMessageNotReadableException: I/O error while reading input message]
2026-03-09T18:30:11.933Z  WARN 1 --- [p1343835789-204] .w.s.m.s.DefaultHandlerExceptionResolver : Resolved [org.springframework.http.converter.HttpMessageNotReadableException: I/O error while reading input message]
2026-03-09T18:30:11.933Z  WARN 1 --- [p1343835789-119] .w.s.m.s.DefaultHandlerExceptionResolver : Resolved [org.springframework.http.converter.HttpMessageNotReadableException: I/O error while reading input message]
2026-03-09T18:30:11.933Z  WARN 1 --- [p1343835789-221] .w.s.m.s.DefaultHandlerExceptionResolver : Resolved [org.springframework.http.converter.HttpMessageNotReadableException: I/O error while reading input message]
2026-03-09T18:30:11.933Z  WARN 1 --- [p1343835789-274] .w.s.m.s.DefaultHandlerExceptionResolver : Resolved [org.springframework.http.converter.HttpMessageNotReadableException: I/O error while reading input message]
2026-03-09T18:30:11.933Z  WARN 1 --- [p1343835789-229] .w.s.m.s.DefaultHandlerExceptionResolver : Resolved [org.springframework.http.converter.HttpMessageNotReadableException: I/O error while reading input message]
2026-03-09T18:30:11.933Z  WARN 1 --- [p1343835789-121] .w.s.m.s.DefaultHandlerExceptionResolver : Resolved [org.springframework.http.converter.HttpMessageNotReadableException: I/O error while reading input message]
2026-03-09T18:30:11.933Z  WARN 1 --- [tp1343835789-66] .w.s.m.s.DefaultHandlerExceptionResolver : Resolved [org.springframework.http.converter.HttpMessageNotReadableException: I/O error while reading input message]
2026-03-09T18:30:11.933Z  WARN 1 --- [p1343835789-125] .w.s.m.s.DefaultHandlerExceptionResolver : Resolved [org.springframework.http.converter.HttpMessageNotReadableException: I/O error while reading input message]
2026-03-09T18:30:11.933Z  WARN 1 --- [p1343835789-220] .w.s.m.s.DefaultHandlerExceptionResolver : Resolved [org.springframework.http.converter.HttpMessageNotReadableException: I/O error while reading input message]
2026-03-09T18:30:11.933Z  WARN 1 --- [p1343835789-112] .w.s.m.s.DefaultHandlerExceptionResolver : Resolved [org.springframework.http.converter.HttpMessageNotReadableException: I/O error while reading input message]
2026-03-09T18:30:11.933Z  WARN 1 --- [p1343835789-253] .w.s.m.s.DefaultHandlerExceptionResolver : Resolved [org.springframework.http.converter.HttpMessageNotReadableException: I/O error while reading input message]
2026-03-09T18:30:11.933Z  WARN 1 --- [p1343835789-158] .w.s.m.s.DefaultHandlerExceptionResolver : Resolved [org.springframework.http.converter.HttpMessageNotReadableException: I/O error while reading input message]
2026-03-09T18:30:11.933Z  WARN 1 --- [p1343835789-172] .w.s.m.s.DefaultHandlerExceptionResolver : Resolved [org.springframework.http.converter.HttpMessageNotReadableException: I/O error while reading input message]
2026-03-09T18:30:11.933Z  WARN 1 --- [p1343835789-255] .w.s.m.s.DefaultHandlerExceptionResolver : Resolved [org.springframework.http.converter.HttpMessageNotReadableException: I/O error while reading input message]
2026-03-09T18:30:11.933Z  WARN 1 --- [tp1343835789-97] .w.s.m.s.DefaultHandlerExceptionResolver : Resolved [org.springframework.http.converter.HttpMessageNotReadableException: I/O error while reading input message]
2026-03-09T18:30:11.935Z  WARN 1 --- [p1343835789-233] .w.s.m.s.DefaultHandlerExceptionResolver : Resolved [org.springframework.http.converter.HttpMessageNotReadableException: I/O error while reading input message]
2026-03-09T18:30:11.935Z  WARN 1 --- [p1343835789-124] .w.s.m.s.DefaultHandlerExceptionResolver : Resolved [org.springframework.http.converter.HttpMessageNotReadableException: I/O error while reading input message]
2026-03-09T18:30:11.935Z  WARN 1 --- [p1343835789-210] .w.s.m.s.DefaultHandlerExceptionResolver : Resolved [org.springframework.http.converter.HttpMessageNotReadableException: I/O error while reading input message]
2026-03-09T18:30:11.935Z  WARN 1 --- [p1343835789-104] .w.s.m.s.DefaultHandlerExceptionResolver : Resolved [org.springframework.http.converter.HttpMessageNotReadableException: I/O error while reading input message]
2026-03-09T18:30:11.935Z  WARN 1 --- [p1343835789-227] .w.s.m.s.DefaultHandlerExceptionResolver : Resolved [org.springframework.http.converter.HttpMessageNotReadableException: I/O error while reading input message]
2026-03-09T18:30:11.935Z  WARN 1 --- [p1343835789-273] .w.s.m.s.DefaultHandlerExceptionResolver : Resolved [org.springframework.http.converter.HttpMessageNotReadableException: I/O error while reading input message]
2026-03-09T18:30:11.935Z  WARN 1 --- [p1343835789-279] .w.s.m.s.DefaultHandlerExceptionResolver : Resolved [org.springframework.http.converter.HttpMessageNotReadableException: I/O error while reading input message]
2026-03-09T18:30:11.935Z  WARN 1 --- [p1343835789-153] .w.s.m.s.DefaultHandlerExceptionResolver : Resolved [org.springframework.http.converter.HttpMessageNotReadableException: I/O error while reading input message]
2026-03-09T18:30:11.935Z  WARN 1 --- [p1343835789-277] .w.s.m.s.DefaultHandlerExceptionResolver : Resolved [org.springframework.http.converter.HttpMessageNotReadableException: I/O error while reading input message]
2026-03-09T18:30:11.935Z  WARN 1 --- [p1343835789-206] .w.s.m.s.DefaultHandlerExceptionResolver : Resolved [org.springframework.http.converter.HttpMessageNotReadableException: I/O error while reading input message]
2026-03-09T18:30:11.935Z  WARN 1 --- [tp1343835789-69] .w.s.m.s.DefaultHandlerExceptionResolver : Resolved [org.springframework.http.converter.HttpMessageNotReadableException: I/O error while reading input message]
2026-03-09T18:30:11.935Z  WARN 1 --- [p1343835789-114] .w.s.m.s.DefaultHandlerExceptionResolver : Resolved [org.springframework.http.converter.HttpMessageNotReadableException: I/O error while reading input message]
2026-03-09T18:30:11.935Z  WARN 1 --- [p1343835789-286] .w.s.m.s.DefaultHandlerExceptionResolver : Resolved [org.springframework.http.converter.HttpMessageNotReadableException: I/O error while reading input message]
2026-03-09T18:30:11.935Z  WARN 1 --- [p1343835789-162] .w.s.m.s.DefaultHandlerExceptionResolver : Resolved [org.springframework.http.converter.HttpMessageNotReadableException: I/O error while reading input message]
2026-03-09T18:30:11.935Z  WARN 1 --- [p1343835789-196] .w.s.m.s.DefaultHandlerExceptionResolver : Resolved [org.springframework.http.converter.HttpMessageNotReadableException: I/O error while reading input message]
2026-03-09T18:30:11.935Z  WARN 1 --- [p1343835789-100] .w.s.m.s.DefaultHandlerExceptionResolver : Resolved [org.springframework.http.converter.HttpMessageNotReadableException: I/O error while reading input message]
2026-03-09T18:30:11.935Z  WARN 1 --- [p1343835789-225] .w.s.m.s.DefaultHandlerExceptionResolver : Resolved [org.springframework.http.converter.HttpMessageNotReadableException: I/O error while reading input message]
2026-03-09T18:30:11.935Z  WARN 1 --- [p1343835789-248] .w.s.m.s.DefaultHandlerExceptionResolver : Resolved [org.springframework.http.converter.HttpMessageNotReadableException: I/O error while reading input message]
2026-03-09T18:30:11.935Z  WARN 1 --- [p1343835789-209] .w.s.m.s.DefaultHandlerExceptionResolver : Resolved [org.springframework.http.converter.HttpMessageNotReadableException: I/O error while reading input message]
2026-03-09T18:30:11.935Z  WARN 1 --- [p1343835789-147] .w.s.m.s.DefaultHandlerExceptionResolver : Resolved [org.springframework.http.converter.HttpMessageNotReadableException: I/O error while reading input message]
2026-03-09T18:30:11.935Z  WARN 1 --- [tp1343835789-63] .w.s.m.s.DefaultHandlerExceptionResolver : Resolved [org.springframework.http.converter.HttpMessageNotReadableException: I/O error while reading input message]
2026-03-09T18:30:11.935Z  WARN 1 --- [tp1343835789-67] .w.s.m.s.DefaultHandlerExceptionResolver : Resolved [org.springframework.http.converter.HttpMessageNotReadableException: I/O error while reading input message]
2026-03-09T18:30:11.935Z  WARN 1 --- [p1343835789-222] .w.s.m.s.DefaultHandlerExceptionResolver : Resolved [org.springframework.http.converter.HttpMessageNotReadableException: I/O error while reading input message]
2026-03-09T18:30:11.935Z  WARN 1 --- [p1343835789-297] .w.s.m.s.DefaultHandlerExceptionResolver : Resolved [org.springframework.http.converter.HttpMessageNotReadableException: I/O error while reading input message]
2026-03-09T18:30:11.935Z  WARN 1 --- [tp1343835789-96] .w.s.m.s.DefaultHandlerExceptionResolver : Resolved [org.springframework.http.converter.HttpMessageNotReadableException: I/O error while reading input message]
2026-03-09T18:30:11.935Z  WARN 1 --- [p1343835789-288] .w.s.m.s.DefaultHandlerExceptionResolver : Resolved [org.springframework.http.converter.HttpMessageNotReadableException: I/O error while reading input message]
2026-03-09T18:30:11.935Z  WARN 1 --- [p1343835789-296] .w.s.m.s.DefaultHandlerExceptionResolver : Resolved [org.springframework.http.converter.HttpMessageNotReadableException: I/O error while reading input message]
2026-03-09T18:30:11.935Z  WARN 1 --- [p1343835789-231] .w.s.m.s.DefaultHandlerExceptionResolver : Resolved [org.springframework.http.converter.HttpMessageNotReadableException: I/O error while reading input message]
2026-03-09T18:30:11.935Z  WARN 1 --- [p1343835789-140] .w.s.m.s.DefaultHandlerExceptionResolver : Resolved [org.springframework.http.converter.HttpMessageNotReadableException: I/O error while reading input message]
2026-03-09T18:30:11.935Z  WARN 1 --- [p1343835789-293] .w.s.m.s.DefaultHandlerExceptionResolver : Resolved [org.springframework.http.converter.HttpMessageNotReadableException: I/O error while reading input message]
2026-03-09T18:30:11.935Z  WARN 1 --- [p1343835789-141] .w.s.m.s.DefaultHandlerExceptionResolver : Resolved [org.springframework.http.converter.HttpMessageNotReadableException: I/O error while reading input message]
2026-03-09T18:30:11.935Z  WARN 1 --- [p1343835789-122] .w.s.m.s.DefaultHandlerExceptionResolver : Resolved [org.springframework.http.converter.HttpMessageNotReadableException: I/O error while reading input message]
