[1] Puma starting in cluster mode...
[1] * Puma version: 7.2.0 ("On The Corner")
[1] * Ruby version: ruby 4.0.2 (2026-03-17 revision d3da9fec82) +YJIT +MN +PRISM [x86_64-linux]
[1] *  Min threads: 3
[1] *  Max threads: 3
[1] *  Environment: production
[1] *   Master PID: 1
[1] *      Workers: 128
[1] *     Restarts: (✔) hot (✖) phased (✖) refork
[1] * Preloading application
[1] * Listening on http://0.0.0.0:8080
[1] Use Ctrl-C to stop
[1] ! WARNING: Detected `RUBY_MN_THREADS=1`
[1] ! This setting is known to cause performance regressions with Puma.
[1] ! Consider disabling this environment variable: https://github.com/puma/puma/issues/3720
[1] - Worker 0 (PID: 8) booted in 0.41s, phase: 0
[1] - Worker 1 (PID: 12) booted in 0.41s, phase: 0
[1] - Worker 2 (PID: 16) booted in 0.4s, phase: 0
[1] - Worker 3 (PID: 20) booted in 0.4s, phase: 0
[1] - Worker 4 (PID: 25) booted in 0.4s, phase: 0
[1] - Worker 5 (PID: 30) booted in 0.39s, phase: 0
[1] - Worker 6 (PID: 35) booted in 0.39s, phase: 0
[1] - Worker 7 (PID: 41) booted in 0.39s, phase: 0
[1] - Worker 8 (PID: 47) booted in 0.39s, phase: 0
[1] - Worker 9 (PID: 53) booted in 0.38s, phase: 0
[1] - Worker 10 (PID: 60) booted in 0.38s, phase: 0
[1] - Worker 11 (PID: 66) booted in 0.38s, phase: 0
[1] - Worker 12 (PID: 71) booted in 0.37s, phase: 0
[1] - Worker 13 (PID: 77) booted in 0.37s, phase: 0
[1] - Worker 14 (PID: 84) booted in 0.37s, phase: 0
[1] - Worker 15 (PID: 91) booted in 0.36s, phase: 0
[1] - Worker 16 (PID: 97) booted in 0.36s, phase: 0
[1] - Worker 17 (PID: 103) booted in 0.36s, phase: 0
[1] - Worker 18 (PID: 108) booted in 0.36s, phase: 0
[1] - Worker 19 (PID: 114) booted in 0.35s, phase: 0
[1] - Worker 20 (PID: 120) booted in 0.35s, phase: 0
[1] - Worker 21 (PID: 126) booted in 0.35s, phase: 0
[1] - Worker 22 (PID: 131) booted in 0.34s, phase: 0
[1] - Worker 23 (PID: 137) booted in 0.34s, phase: 0
[1] - Worker 24 (PID: 143) booted in 0.34s, phase: 0
[1] - Worker 25 (PID: 149) booted in 0.34s, phase: 0
[1] - Worker 26 (PID: 153) booted in 0.33s, phase: 0
[1] - Worker 27 (PID: 160) booted in 0.33s, phase: 0
[1] - Worker 28 (PID: 166) booted in 0.33s, phase: 0
[1] - Worker 29 (PID: 174) booted in 0.32s, phase: 0
[1] - Worker 30 (PID: 182) booted in 0.32s, phase: 0
[1] - Worker 31 (PID: 187) booted in 0.32s, phase: 0
[1] - Worker 32 (PID: 192) booted in 0.32s, phase: 0
[1] - Worker 33 (PID: 198) booted in 0.31s, phase: 0
[1] - Worker 34 (PID: 202) booted in 0.31s, phase: 0
[1] - Worker 35 (PID: 208) booted in 0.31s, phase: 0
[1] - Worker 36 (PID: 214) booted in 0.31s, phase: 0
[1] - Worker 37 (PID: 219) booted in 0.3s, phase: 0
[1] - Worker 38 (PID: 224) booted in 0.3s, phase: 0
[1] - Worker 39 (PID: 230) booted in 0.3s, phase: 0
[1] - Worker 40 (PID: 236) booted in 0.3s, phase: 0
[1] - Worker 41 (PID: 243) booted in 0.29s, phase: 0
[1] - Worker 42 (PID: 250) booted in 0.29s, phase: 0
[1] - Worker 43 (PID: 256) booted in 0.29s, phase: 0
[1] - Worker 44 (PID: 263) booted in 0.28s, phase: 0
[1] - Worker 45 (PID: 269) booted in 0.28s, phase: 0
[1] - Worker 46 (PID: 277) booted in 0.27s, phase: 0
[1] - Worker 47 (PID: 282) booted in 0.27s, phase: 0
[1] - Worker 48 (PID: 288) booted in 0.27s, phase: 0
[1] - Worker 49 (PID: 294) booted in 0.26s, phase: 0
[1] - Worker 50 (PID: 301) booted in 0.26s, phase: 0
[1] - Worker 51 (PID: 305) booted in 0.26s, phase: 0
[1] - Worker 52 (PID: 311) booted in 0.25s, phase: 0
[1] - Worker 53 (PID: 316) booted in 0.25s, phase: 0
[1] - Worker 54 (PID: 322) booted in 0.25s, phase: 0
[1] - Worker 55 (PID: 326) booted in 0.25s, phase: 0
[1] - Worker 56 (PID: 333) booted in 0.24s, phase: 0
[1] - Worker 57 (PID: 338) booted in 0.24s, phase: 0
[1] - Worker 58 (PID: 344) booted in 0.24s, phase: 0
[1] - Worker 59 (PID: 348) booted in 0.24s, phase: 0
[1] - Worker 60 (PID: 356) booted in 0.24s, phase: 0
[1] - Worker 61 (PID: 360) booted in 0.23s, phase: 0
[1] - Worker 62 (PID: 366) booted in 0.23s, phase: 0
[1] - Worker 63 (PID: 373) booted in 0.23s, phase: 0
[1] - Worker 64 (PID: 380) booted in 0.22s, phase: 0
[1] - Worker 65 (PID: 389) booted in 0.22s, phase: 0
[1] - Worker 66 (PID: 396) booted in 0.22s, phase: 0
[1] - Worker 67 (PID: 403) booted in 0.21s, phase: 0
[1] - Worker 68 (PID: 408) booted in 0.21s, phase: 0
[1] - Worker 69 (PID: 414) booted in 0.21s, phase: 0
[1] - Worker 70 (PID: 419) booted in 0.2s, phase: 0
[1] - Worker 71 (PID: 424) booted in 0.2s, phase: 0
[1] - Worker 72 (PID: 430) booted in 0.2s, phase: 0
[1] - Worker 73 (PID: 437) booted in 0.2s, phase: 0
[1] - Worker 74 (PID: 443) booted in 0.19s, phase: 0
[1] - Worker 75 (PID: 450) booted in 0.19s, phase: 0
[1] - Worker 76 (PID: 455) booted in 0.18s, phase: 0
[1] - Worker 77 (PID: 462) booted in 0.18s, phase: 0
[1] - Worker 78 (PID: 467) booted in 0.18s, phase: 0
[1] - Worker 79 (PID: 472) booted in 0.18s, phase: 0
[1] - Worker 80 (PID: 479) booted in 0.18s, phase: 0
[1] - Worker 81 (PID: 484) booted in 0.18s, phase: 0
[1] - Worker 82 (PID: 490) booted in 0.18s, phase: 0
[1] - Worker 83 (PID: 496) booted in 0.17s, phase: 0
[1] - Worker 84 (PID: 501) booted in 0.17s, phase: 0
[1] - Worker 85 (PID: 507) booted in 0.17s, phase: 0
[1] - Worker 86 (PID: 513) booted in 0.17s, phase: 0
[1] - Worker 87 (PID: 518) booted in 0.17s, phase: 0
[1] - Worker 88 (PID: 523) booted in 0.17s, phase: 0
[1] - Worker 89 (PID: 529) booted in 0.16s, phase: 0
[1] - Worker 90 (PID: 535) booted in 0.16s, phase: 0
[1] - Worker 91 (PID: 540) booted in 0.16s, phase: 0
[1] - Worker 92 (PID: 546) booted in 0.16s, phase: 0
[1] - Worker 93 (PID: 552) booted in 0.16s, phase: 0
[1] - Worker 94 (PID: 557) booted in 0.15s, phase: 0
[1] - Worker 95 (PID: 565) booted in 0.15s, phase: 0
[1] - Worker 96 (PID: 572) booted in 0.15s, phase: 0
[1] - Worker 97 (PID: 578) booted in 0.15s, phase: 0
[1] - Worker 98 (PID: 586) booted in 0.14s, phase: 0
[1] - Worker 99 (PID: 592) booted in 0.14s, phase: 0
[1] - Worker 100 (PID: 599) booted in 0.13s, phase: 0
[1] - Worker 101 (PID: 605) booted in 0.13s, phase: 0
[1] - Worker 102 (PID: 611) booted in 0.13s, phase: 0
[1] - Worker 103 (PID: 615) booted in 0.13s, phase: 0
[1] - Worker 104 (PID: 622) booted in 0.12s, phase: 0
[1] - Worker 105 (PID: 629) booted in 0.12s, phase: 0
[1] - Worker 106 (PID: 635) booted in 0.12s, phase: 0
[1] - Worker 107 (PID: 642) booted in 0.11s, phase: 0
[1] - Worker 108 (PID: 649) booted in 0.11s, phase: 0
[1] - Worker 109 (PID: 654) booted in 0.1s, phase: 0
[1] - Worker 110 (PID: 660) booted in 0.1s, phase: 0
[1] - Worker 111 (PID: 664) booted in 0.1s, phase: 0
[1] - Worker 112 (PID: 670) booted in 0.1s, phase: 0
[1] - Worker 113 (PID: 675) booted in 0.1s, phase: 0
[1] - Worker 114 (PID: 680) booted in 0.09s, phase: 0
[1] - Worker 115 (PID: 686) booted in 0.09s, phase: 0
[1] - Worker 116 (PID: 691) booted in 0.09s, phase: 0
[1] - Worker 117 (PID: 696) booted in 0.09s, phase: 0
[1] - Worker 118 (PID: 701) booted in 0.08s, phase: 0
[1] - Worker 119 (PID: 710) booted in 0.08s, phase: 0
[1] - Worker 120 (PID: 715) booted in 0.08s, phase: 0
[1] - Worker 121 (PID: 721) booted in 0.08s, phase: 0
[1] - Worker 122 (PID: 727) booted in 0.08s, phase: 0
[1] - Worker 123 (PID: 733) booted in 0.07s, phase: 0
[1] - Worker 124 (PID: 738) booted in 0.07s, phase: 0
[1] - Worker 125 (PID: 744) booted in 0.07s, phase: 0
[1] - Worker 126 (PID: 752) booted in 0.07s, phase: 0
[1] - Worker 127 (PID: 758) booted in 0.06s, phase: 0
