[1] Puma starting in cluster mode...
[1] * Puma version: 7.2.0 ("On The Corner")
[1] * Ruby version: ruby 4.0.2 (2026-03-17 revision d3da9fec82) +YJIT +MN +PRISM [x86_64-linux]
[1] *  Min threads: 3
[1] *  Max threads: 3
[1] *  Environment: production
[1] *   Master PID: 1
[1] *      Workers: 128
[1] *     Restarts: (✔) hot (✖) phased (✖) refork
[1] * Preloading application
[1] * Listening on http://0.0.0.0:8080
[1] Use Ctrl-C to stop
[1] ! WARNING: Detected `RUBY_MN_THREADS=1`
[1] ! This setting is known to cause performance regressions with Puma.
[1] ! Consider disabling this environment variable: https://github.com/puma/puma/issues/3720
[1] - Worker 0 (PID: 8) booted in 0.38s, phase: 0
[1] - Worker 1 (PID: 12) booted in 0.37s, phase: 0
[1] - Worker 2 (PID: 16) booted in 0.37s, phase: 0
[1] - Worker 3 (PID: 20) booted in 0.37s, phase: 0
[1] - Worker 4 (PID: 25) booted in 0.37s, phase: 0
[1] - Worker 5 (PID: 29) booted in 0.36s, phase: 0
[1] - Worker 6 (PID: 34) booted in 0.36s, phase: 0
[1] - Worker 7 (PID: 39) booted in 0.36s, phase: 0
[1] - Worker 8 (PID: 45) booted in 0.36s, phase: 0
[1] - Worker 9 (PID: 50) booted in 0.35s, phase: 0
[1] - Worker 10 (PID: 58) booted in 0.35s, phase: 0
[1] - Worker 11 (PID: 64) booted in 0.35s, phase: 0
[1] - Worker 12 (PID: 70) booted in 0.35s, phase: 0
[1] - Worker 13 (PID: 76) booted in 0.34s, phase: 0
[1] - Worker 14 (PID: 84) booted in 0.34s, phase: 0
[1] - Worker 15 (PID: 90) booted in 0.34s, phase: 0
[1] - Worker 16 (PID: 97) booted in 0.33s, phase: 0
[1] - Worker 17 (PID: 102) booted in 0.33s, phase: 0
[1] - Worker 18 (PID: 108) booted in 0.33s, phase: 0
[1] - Worker 19 (PID: 114) booted in 0.33s, phase: 0
[1] - Worker 20 (PID: 118) booted in 0.32s, phase: 0
[1] - Worker 21 (PID: 123) booted in 0.32s, phase: 0
[1] - Worker 22 (PID: 129) booted in 0.32s, phase: 0
[1] - Worker 23 (PID: 135) booted in 0.32s, phase: 0
[1] - Worker 24 (PID: 140) booted in 0.32s, phase: 0
[1] - Worker 25 (PID: 146) booted in 0.31s, phase: 0
[1] - Worker 26 (PID: 152) booted in 0.31s, phase: 0
[1] - Worker 27 (PID: 158) booted in 0.31s, phase: 0
[1] - Worker 28 (PID: 164) booted in 0.31s, phase: 0
[1] - Worker 29 (PID: 172) booted in 0.3s, phase: 0
[1] - Worker 30 (PID: 180) booted in 0.3s, phase: 0
[1] - Worker 31 (PID: 186) booted in 0.3s, phase: 0
[1] - Worker 32 (PID: 190) booted in 0.3s, phase: 0
[1] - Worker 33 (PID: 196) booted in 0.29s, phase: 0
[1] - Worker 34 (PID: 201) booted in 0.29s, phase: 0
[1] - Worker 35 (PID: 208) booted in 0.29s, phase: 0
[1] - Worker 36 (PID: 212) booted in 0.29s, phase: 0
[1] - Worker 37 (PID: 218) booted in 0.28s, phase: 0
[1] - Worker 38 (PID: 224) booted in 0.28s, phase: 0
[1] - Worker 39 (PID: 229) booted in 0.28s, phase: 0
[1] - Worker 40 (PID: 235) booted in 0.28s, phase: 0
[1] - Worker 41 (PID: 241) booted in 0.28s, phase: 0
[1] - Worker 42 (PID: 247) booted in 0.27s, phase: 0
[1] - Worker 43 (PID: 251) booted in 0.27s, phase: 0
[1] - Worker 44 (PID: 258) booted in 0.27s, phase: 0
[1] - Worker 45 (PID: 263) booted in 0.27s, phase: 0
[1] - Worker 46 (PID: 270) booted in 0.27s, phase: 0
[1] - Worker 47 (PID: 275) booted in 0.26s, phase: 0
[1] - Worker 48 (PID: 282) booted in 0.26s, phase: 0
[1] - Worker 49 (PID: 289) booted in 0.26s, phase: 0
[1] - Worker 50 (PID: 295) booted in 0.26s, phase: 0
[1] - Worker 51 (PID: 302) booted in 0.25s, phase: 0
[1] - Worker 52 (PID: 307) booted in 0.25s, phase: 0
[1] - Worker 53 (PID: 313) booted in 0.25s, phase: 0
[1] - Worker 54 (PID: 320) booted in 0.25s, phase: 0
[1] - Worker 55 (PID: 326) booted in 0.24s, phase: 0
[1] - Worker 56 (PID: 333) booted in 0.24s, phase: 0
[1] - Worker 57 (PID: 338) booted in 0.24s, phase: 0
[1] - Worker 58 (PID: 344) booted in 0.23s, phase: 0
[1] - Worker 59 (PID: 349) booted in 0.23s, phase: 0
[1] - Worker 60 (PID: 356) booted in 0.23s, phase: 0
[1] - Worker 61 (PID: 362) booted in 0.23s, phase: 0
[1] - Worker 62 (PID: 366) booted in 0.23s, phase: 0
[1] - Worker 63 (PID: 372) booted in 0.22s, phase: 0
[1] - Worker 64 (PID: 380) booted in 0.22s, phase: 0
[1] - Worker 65 (PID: 387) booted in 0.22s, phase: 0
[1] - Worker 66 (PID: 394) booted in 0.21s, phase: 0
[1] - Worker 67 (PID: 400) booted in 0.21s, phase: 0
[1] - Worker 68 (PID: 406) booted in 0.21s, phase: 0
[1] - Worker 69 (PID: 411) booted in 0.21s, phase: 0
[1] - Worker 70 (PID: 416) booted in 0.2s, phase: 0
[1] - Worker 71 (PID: 423) booted in 0.2s, phase: 0
[1] - Worker 72 (PID: 429) booted in 0.2s, phase: 0
[1] - Worker 73 (PID: 435) booted in 0.19s, phase: 0
[1] - Worker 74 (PID: 442) booted in 0.19s, phase: 0
[1] - Worker 75 (PID: 447) booted in 0.19s, phase: 0
[1] - Worker 76 (PID: 452) booted in 0.19s, phase: 0
[1] - Worker 77 (PID: 458) booted in 0.19s, phase: 0
[1] - Worker 78 (PID: 462) booted in 0.18s, phase: 0
[1] - Worker 79 (PID: 468) booted in 0.18s, phase: 0
[1] - Worker 80 (PID: 475) booted in 0.19s, phase: 0
[1] - Worker 81 (PID: 481) booted in 0.19s, phase: 0
[1] - Worker 82 (PID: 485) booted in 0.19s, phase: 0
[1] - Worker 83 (PID: 492) booted in 0.18s, phase: 0
[1] - Worker 84 (PID: 498) booted in 0.18s, phase: 0
[1] - Worker 85 (PID: 505) booted in 0.18s, phase: 0
[1] - Worker 86 (PID: 513) booted in 0.18s, phase: 0
[1] - Worker 87 (PID: 520) booted in 0.17s, phase: 0
[1] - Worker 88 (PID: 526) booted in 0.17s, phase: 0
[1] - Worker 89 (PID: 532) booted in 0.17s, phase: 0
[1] - Worker 90 (PID: 537) booted in 0.17s, phase: 0
[1] - Worker 91 (PID: 544) booted in 0.16s, phase: 0
[1] - Worker 92 (PID: 551) booted in 0.16s, phase: 0
[1] - Worker 93 (PID: 557) booted in 0.16s, phase: 0
[1] - Worker 94 (PID: 564) booted in 0.15s, phase: 0
[1] - Worker 95 (PID: 569) booted in 0.15s, phase: 0
[1] - Worker 96 (PID: 575) booted in 0.15s, phase: 0
[1] - Worker 97 (PID: 581) booted in 0.14s, phase: 0
[1] - Worker 98 (PID: 587) booted in 0.14s, phase: 0
[1] - Worker 99 (PID: 592) booted in 0.14s, phase: 0
[1] - Worker 100 (PID: 597) booted in 0.14s, phase: 0
[1] - Worker 101 (PID: 604) booted in 0.13s, phase: 0
[1] - Worker 102 (PID: 609) booted in 0.13s, phase: 0
[1] - Worker 103 (PID: 615) booted in 0.13s, phase: 0
[1] - Worker 104 (PID: 621) booted in 0.13s, phase: 0
[1] - Worker 105 (PID: 626) booted in 0.12s, phase: 0
[1] - Worker 106 (PID: 632) booted in 0.12s, phase: 0
[1] - Worker 107 (PID: 639) booted in 0.12s, phase: 0
[1] - Worker 108 (PID: 644) booted in 0.12s, phase: 0
[1] - Worker 109 (PID: 650) booted in 0.11s, phase: 0
[1] - Worker 110 (PID: 656) booted in 0.11s, phase: 0
[1] - Worker 111 (PID: 662) booted in 0.11s, phase: 0
[1] - Worker 112 (PID: 667) booted in 0.11s, phase: 0
[1] - Worker 113 (PID: 674) booted in 0.1s, phase: 0
[1] - Worker 114 (PID: 680) booted in 0.1s, phase: 0
[1] - Worker 115 (PID: 684) booted in 0.1s, phase: 0
[1] - Worker 116 (PID: 690) booted in 0.1s, phase: 0
[1] - Worker 117 (PID: 700) booted in 0.09s, phase: 0
[1] - Worker 118 (PID: 706) booted in 0.09s, phase: 0
[1] - Worker 119 (PID: 713) booted in 0.09s, phase: 0
[1] - Worker 120 (PID: 718) booted in 0.08s, phase: 0
[1] - Worker 121 (PID: 723) booted in 0.08s, phase: 0
[1] - Worker 122 (PID: 728) booted in 0.08s, phase: 0
[1] - Worker 123 (PID: 736) booted in 0.08s, phase: 0
[1] - Worker 124 (PID: 741) booted in 0.07s, phase: 0
[1] - Worker 125 (PID: 747) booted in 0.07s, phase: 0
[1] - Worker 126 (PID: 754) booted in 0.07s, phase: 0
[1] - Worker 127 (PID: 760) booted in 0.06s, phase: 0
