[1] Puma starting in cluster mode...
[1] * Puma version: 6.6.1 ("Return to Forever")
[1] * Ruby version: ruby 3.4.9 (2026-03-11 revision 76cca827ab) +YJIT +PRISM [x86_64-linux]
[1] *  Min threads: 4
[1] *  Max threads: 4
[1] *  Environment: production
[1] *   Master PID: 1
[1] *      Workers: 128
[1] *     Restarts: (✔) hot (✖) phased (✖) refork
[1] * Preloading application
[1] * Listening on http://0.0.0.0:8080
[1] Use Ctrl-C to stop
[1] - Worker 0 (PID: 8) booted in 0.33s, phase: 0
[1] - Worker 1 (PID: 16) booted in 0.33s, phase: 0
[1] - Worker 2 (PID: 20) booted in 0.33s, phase: 0
[1] - Worker 3 (PID: 32) booted in 0.32s, phase: 0
[1] - Worker 4 (PID: 52) booted in 0.32s, phase: 0
[1] - Worker 5 (PID: 64) booted in 0.32s, phase: 0
[1] - Worker 6 (PID: 75) booted in 0.32s, phase: 0
[1] - Worker 7 (PID: 88) booted in 0.31s, phase: 0
[1] - Worker 8 (PID: 96) booted in 0.31s, phase: 0
[1] - Worker 9 (PID: 108) booted in 0.31s, phase: 0
[1] - Worker 10 (PID: 123) booted in 0.3s, phase: 0
[1] - Worker 11 (PID: 128) booted in 0.31s, phase: 0
[1] - Worker 12 (PID: 142) booted in 0.3s, phase: 0
[1] - Worker 13 (PID: 153) booted in 0.3s, phase: 0
[1] - Worker 14 (PID: 172) booted in 0.3s, phase: 0
[1] - Worker 15 (PID: 179) booted in 0.29s, phase: 0
[1] - Worker 16 (PID: 188) booted in 0.29s, phase: 0
[1] - Worker 17 (PID: 198) booted in 0.29s, phase: 0
[1] - Worker 18 (PID: 212) booted in 0.29s, phase: 0
[1] - Worker 19 (PID: 224) booted in 0.29s, phase: 0
[1] - Worker 20 (PID: 236) booted in 0.29s, phase: 0
[1] - Worker 21 (PID: 248) booted in 0.28s, phase: 0
[1] - Worker 22 (PID: 260) booted in 0.28s, phase: 0
[1] - Worker 23 (PID: 272) booted in 0.28s, phase: 0
[1] - Worker 24 (PID: 284) booted in 0.28s, phase: 0
[1] - Worker 25 (PID: 296) booted in 0.28s, phase: 0
[1] - Worker 26 (PID: 308) booted in 0.28s, phase: 0
[1] - Worker 27 (PID: 320) booted in 0.27s, phase: 0
[1] - Worker 28 (PID: 332) booted in 0.27s, phase: 0
[1] - Worker 29 (PID: 352) booted in 0.27s, phase: 0
[1] - Worker 30 (PID: 364) booted in 0.27s, phase: 0
[1] - Worker 31 (PID: 368) booted in 0.26s, phase: 0
[1] - Worker 32 (PID: 379) booted in 0.26s, phase: 0
[1] - Worker 33 (PID: 387) booted in 0.26s, phase: 0
[1] - Worker 34 (PID: 402) booted in 0.26s, phase: 0
[1] - Worker 35 (PID: 410) booted in 0.26s, phase: 0
[1] - Worker 36 (PID: 422) booted in 0.26s, phase: 0
[1] - Worker 37 (PID: 435) booted in 0.25s, phase: 0
[1] - Worker 38 (PID: 447) booted in 0.25s, phase: 0
[1] - Worker 39 (PID: 459) booted in 0.25s, phase: 0
[1] - Worker 40 (PID: 473) booted in 0.25s, phase: 0
[1] - Worker 41 (PID: 483) booted in 0.25s, phase: 0
[1] - Worker 42 (PID: 495) booted in 0.24s, phase: 0
[1] - Worker 43 (PID: 507) booted in 0.24s, phase: 0
[1] - Worker 44 (PID: 522) booted in 0.24s, phase: 0
[1] - Worker 45 (PID: 528) booted in 0.24s, phase: 0
[1] - Worker 46 (PID: 542) booted in 0.24s, phase: 0
[1] - Worker 47 (PID: 555) booted in 0.24s, phase: 0
[1] - Worker 48 (PID: 567) booted in 0.23s, phase: 0
[1] - Worker 49 (PID: 579) booted in 0.23s, phase: 0
[1] - Worker 50 (PID: 591) booted in 0.23s, phase: 0
[1] - Worker 51 (PID: 607) booted in 0.23s, phase: 0
[1] - Worker 52 (PID: 619) booted in 0.23s, phase: 0
[1] - Worker 53 (PID: 626) booted in 0.22s, phase: 0
[1] - Worker 54 (PID: 639) booted in 0.22s, phase: 0
[1] - Worker 55 (PID: 651) booted in 0.22s, phase: 0
[1] - Worker 56 (PID: 667) booted in 0.22s, phase: 0
[1] - Worker 57 (PID: 675) booted in 0.22s, phase: 0
[1] - Worker 58 (PID: 691) booted in 0.22s, phase: 0
[1] - Worker 59 (PID: 702) booted in 0.21s, phase: 0
[1] - Worker 60 (PID: 711) booted in 0.21s, phase: 0
[1] - Worker 61 (PID: 725) booted in 0.21s, phase: 0
[1] - Worker 62 (PID: 735) booted in 0.21s, phase: 0
[1] - Worker 63 (PID: 747) booted in 0.21s, phase: 0
[1] - Worker 64 (PID: 763) booted in 0.2s, phase: 0
[1] - Worker 65 (PID: 773) booted in 0.2s, phase: 0
[1] - Worker 66 (PID: 786) booted in 0.2s, phase: 0
[1] - Worker 67 (PID: 797) booted in 0.2s, phase: 0
[1] - Worker 68 (PID: 811) booted in 0.2s, phase: 0
[1] - Worker 69 (PID: 816) booted in 0.2s, phase: 0
[1] - Worker 70 (PID: 832) booted in 0.19s, phase: 0
[1] - Worker 71 (PID: 848) booted in 0.19s, phase: 0
[1] - Worker 72 (PID: 860) booted in 0.19s, phase: 0
[1] - Worker 73 (PID: 873) booted in 0.19s, phase: 0
[1] - Worker 74 (PID: 883) booted in 0.18s, phase: 0
[1] - Worker 75 (PID: 894) booted in 0.18s, phase: 0
[1] - Worker 76 (PID: 904) booted in 0.18s, phase: 0
[1] - Worker 77 (PID: 919) booted in 0.18s, phase: 0
[1] - Worker 78 (PID: 931) booted in 0.18s, phase: 0
[1] - Worker 79 (PID: 943) booted in 0.17s, phase: 0
[1] - Worker 80 (PID: 955) booted in 0.17s, phase: 0
[1] - Worker 81 (PID: 967) booted in 0.17s, phase: 0
[1] - Worker 82 (PID: 979) booted in 0.17s, phase: 0
[1] - Worker 83 (PID: 992) booted in 0.16s, phase: 0
[1] - Worker 84 (PID: 1009) booted in 0.16s, phase: 0
[1] - Worker 85 (PID: 1024) booted in 0.16s, phase: 0
[1] - Worker 86 (PID: 1027) booted in 0.16s, phase: 0
[1] - Worker 87 (PID: 1039) booted in 0.15s, phase: 0
[1] - Worker 88 (PID: 1052) booted in 0.15s, phase: 0
[1] - Worker 89 (PID: 1063) booted in 0.15s, phase: 0
[1] - Worker 90 (PID: 1075) booted in 0.15s, phase: 0
[1] - Worker 91 (PID: 1090) booted in 0.14s, phase: 0
[1] - Worker 92 (PID: 1101) booted in 0.14s, phase: 0
[1] - Worker 93 (PID: 1111) booted in 0.14s, phase: 0
[1] - Worker 94 (PID: 1123) booted in 0.14s, phase: 0
[1] - Worker 95 (PID: 1135) booted in 0.13s, phase: 0
[1] - Worker 96 (PID: 1147) booted in 0.13s, phase: 0
[1] - Worker 97 (PID: 1165) booted in 0.13s, phase: 0
[1] - Worker 98 (PID: 1178) booted in 0.12s, phase: 0
[1] - Worker 99 (PID: 1183) booted in 0.12s, phase: 0
[1] - Worker 100 (PID: 1198) booted in 0.12s, phase: 0
[1] - Worker 101 (PID: 1207) booted in 0.12s, phase: 0
[1] - Worker 102 (PID: 1219) booted in 0.12s, phase: 0
[1] - Worker 103 (PID: 1238) booted in 0.11s, phase: 0
[1] - Worker 104 (PID: 1248) booted in 0.11s, phase: 0
[1] - Worker 105 (PID: 1255) booted in 0.11s, phase: 0
[1] - Worker 106 (PID: 1267) booted in 0.11s, phase: 0
[1] - Worker 107 (PID: 1276) booted in 0.1s, phase: 0
[1] - Worker 108 (PID: 1295) booted in 0.1s, phase: 0
[1] - Worker 109 (PID: 1311) booted in 0.1s, phase: 0
[1] - Worker 110 (PID: 1315) booted in 0.1s, phase: 0
[1] - Worker 111 (PID: 1327) booted in 0.09s, phase: 0
[1] - Worker 112 (PID: 1340) booted in 0.09s, phase: 0
[1] - Worker 113 (PID: 1352) booted in 0.09s, phase: 0
[1] - Worker 114 (PID: 1363) booted in 0.09s, phase: 0
[1] - Worker 115 (PID: 1373) booted in 0.08s, phase: 0
[1] - Worker 116 (PID: 1383) booted in 0.08s, phase: 0
[1] - Worker 117 (PID: 1395) booted in 0.08s, phase: 0
[1] - Worker 118 (PID: 1405) booted in 0.08s, phase: 0
[1] - Worker 119 (PID: 1419) booted in 0.08s, phase: 0
[1] - Worker 120 (PID: 1432) booted in 0.07s, phase: 0
[1] - Worker 121 (PID: 1444) booted in 0.07s, phase: 0
[1] - Worker 122 (PID: 1457) booted in 0.07s, phase: 0
[1] - Worker 123 (PID: 1470) booted in 0.07s, phase: 0
[1] - Worker 124 (PID: 1481) booted in 0.07s, phase: 0
[1] - Worker 125 (PID: 1495) booted in 0.07s, phase: 0
[1] - Worker 126 (PID: 1507) booted in 0.06s, phase: 0
[1] - Worker 127 (PID: 1519) booted in 0.06s, phase: 0
