[serve-worker-0 ] deno serve: Listening on http://0.0.0.0:8080/ with 128 threads
[serve-worker-29] Http: error reading a body from connection
    at async readableStreamCollectIntoUint8Array (ext:deno_web/06_streams.js:1095:19)
    at async consumeBody (ext:deno_fetch/22_body.js:268:9)
    at async Object.fetch (file:///app/main.ts:125:40)
    at async mapped (ext:deno_http/00_serve.ts:391:18) {
  name: "Http"
}
[serve-worker-124] Http: error reading a body from connection
    at async readableStreamCollectIntoUint8Array (ext:deno_web/06_streams.js:1095:19)
    at async consumeBody (ext:deno_fetch/22_body.js:268:9)
    at async Object.fetch (file:///app/main.ts:125:40)
    at async mapped (ext:deno_http/00_serve.ts:391:18) {
  name: "Http"
}
[serve-worker-80] BadResource: Cannot read body as underlying resource unavailable
    at ext:deno_fetch/22_body.js:170:19
    at eventLoopTick (ext:core/01_core.js:177:7)
    at async consumeBody (ext:deno_fetch/22_body.js:268:9)
    at async Object.fetch (file:///app/main.ts:132:27)
    at async mapped (ext:deno_http/00_serve.ts:391:18) {
  name: "BadResource"
}
[serve-worker-119] BadResource: Cannot read body as underlying resource unavailable
    at ext:deno_fetch/22_body.js:170:19
    at eventLoopTick (ext:core/01_core.js:177:7)
    at async consumeBody (ext:deno_fetch/22_body.js:268:9)
    at async Object.fetch (file:///app/main.ts:132:27)
    at async mapped (ext:deno_http/00_serve.ts:391:18) {
  name: "BadResource"
}
[serve-worker-113] BadResource: Cannot read body as underlying resource unavailable
    at ext:deno_fetch/22_body.js:170:19
    at eventLoopTick (ext:core/01_core.js:177:7)
    at async consumeBody (ext:deno_fetch/22_body.js:268:9)
    at async Object.fetch (file:///app/main.ts:132:27)
    at async mapped (ext:deno_http/00_serve.ts:391:18) {
  name: "BadResource"
}
[serve-worker-105] BadResource: Cannot read body as underlying resource unavailable
    at ext:deno_fetch/22_body.js:170:19
    at eventLoopTick (ext:core/01_core.js:177:7)
    at async consumeBody (ext:deno_fetch/22_body.js:268:9)
    at async Object.fetch (file:///app/main.ts:132:27)
    at async mapped (ext:deno_http/00_serve.ts:391:18) {
  name: "BadResource"
}
[serve-worker-124] Http: error reading a body from connection
    at async readableStreamCollectIntoUint8Array (ext:deno_web/06_streams.js:1095:19)
    at async consumeBody (ext:deno_fetch/22_body.js:268:9)
    at async Object.fetch (file:///app/main.ts:125:40)
    at async mapped (ext:deno_http/00_serve.ts:391:18) {
  name: "Http"
}
[serve-worker-126] BadResource: Cannot read body as underlying resource unavailable
    at ext:deno_fetch/22_body.js:170:19
    at eventLoopTick (ext:core/01_core.js:177:7)
    at async consumeBody (ext:deno_fetch/22_body.js:268:9)
    at async Object.fetch (file:///app/main.ts:132:27)
    at async mapped (ext:deno_http/00_serve.ts:391:18) {
  name: "BadResource"
}
[serve-worker-50] BadResource: Cannot read body as underlying resource unavailable
    at ext:deno_fetch/22_body.js:170:19
    at eventLoopTick (ext:core/01_core.js:177:7)
    at async consumeBody (ext:deno_fetch/22_body.js:268:9)
    at async Object.fetch (file:///app/main.ts:132:27)
    at async mapped (ext:deno_http/00_serve.ts:391:18) {
  name: "BadResource"
}
[serve-worker-10] BadResource: Cannot read body as underlying resource unavailable
    at ext:deno_fetch/22_body.js:170:19
    at eventLoopTick (ext:core/01_core.js:177:7)
    at async consumeBody (ext:deno_fetch/22_body.js:268:9)
    at async Object.fetch (file:///app/main.ts:132:27)
    at async mapped (ext:deno_http/00_serve.ts:391:18) {
  name: "BadResource"
}
[serve-worker-16] BadResource: Cannot read body as underlying resource unavailable
    at ext:deno_fetch/22_body.js:170:19
    at eventLoopTick (ext:core/01_core.js:177:7)
    at async consumeBody (ext:deno_fetch/22_body.js:268:9)
    at async Object.fetch (file:///app/main.ts:132:27)
    at async mapped (ext:deno_http/00_serve.ts:391:18) {
  name: "BadResource"
}
[serve-worker-19] Http: error reading a body from connection
    at async readableStreamCollectIntoUint8Array (ext:deno_web/06_streams.js:1095:19)
    at async consumeBody (ext:deno_fetch/22_body.js:268:9)
    at async Object.fetch (file:///app/main.ts:125:40)
    at async mapped (ext:deno_http/00_serve.ts:391:18) {
  name: "Http"
}
[serve-worker-49] Http: error reading a body from connection
    at async readableStreamCollectIntoUint8Array (ext:deno_web/06_streams.js:1095:19)
    at async consumeBody (ext:deno_fetch/22_body.js:268:9)
    at async Object.fetch (file:///app/main.ts:125:40)
    at async mapped (ext:deno_http/00_serve.ts:391:18) {
  name: "Http"
}
[serve-worker-10] Http: error reading a body from connection
    at async readableStreamCollectIntoUint8Array (ext:deno_web/06_streams.js:1095:19)
    at async consumeBody (ext:deno_fetch/22_body.js:268:9)
    at async Object.fetch (file:///app/main.ts:125:40)
    at async mapped (ext:deno_http/00_serve.ts:391:18) {
  name: "Http"
}
[serve-worker-19] Http: error reading a body from connection
    at async readableStreamCollectIntoUint8Array (ext:deno_web/06_streams.js:1095:19)
    at async consumeBody (ext:deno_fetch/22_body.js:268:9)
    at async Object.fetch (file:///app/main.ts:125:40)
    at async mapped (ext:deno_http/00_serve.ts:391:18) {
  name: "Http"
}
[serve-worker-5 ] Http: error reading a body from connection
    at async readableStreamCollectIntoUint8Array (ext:deno_web/06_streams.js:1095:19)
    at async consumeBody (ext:deno_fetch/22_body.js:268:9)
    at async Object.fetch (file:///app/main.ts:125:40)
    at async mapped (ext:deno_http/00_serve.ts:391:18) {
  name: "Http"
}
[serve-worker-10] Http: error reading a body from connection
    at async readableStreamCollectIntoUint8Array (ext:deno_web/06_streams.js:1095:19)
    at async consumeBody (ext:deno_fetch/22_body.js:268:9)
    at async Object.fetch (file:///app/main.ts:125:40)
    at async mapped (ext:deno_http/00_serve.ts:391:18) {
  name: "Http"
}
[serve-worker-10] Http: error reading a body from connection
    at async readableStreamCollectIntoUint8Array (ext:deno_web/06_streams.js:1095:19)
    at async consumeBody (ext:deno_fetch/22_body.js:268:9)
    at async Object.fetch (file:///app/main.ts:125:40)
    at async mapped (ext:deno_http/00_serve.ts:391:18) {
  name: "Http"
}
[serve-worker-124] BadResource: Cannot read body as underlying resource unavailable
    at ext:deno_fetch/22_body.js:170:19
    at eventLoopTick (ext:core/01_core.js:177:7)
    at async consumeBody (ext:deno_fetch/22_body.js:268:9)
    at async Object.fetch (file:///app/main.ts:132:27)
    at async mapped (ext:deno_http/00_serve.ts:391:18) {
  name: "BadResource"
}
[serve-worker-124] BadResource: Cannot read body as underlying resource unavailable
    at ext:deno_fetch/22_body.js:170:19
    at eventLoopTick (ext:core/01_core.js:177:7)
    at async consumeBody (ext:deno_fetch/22_body.js:268:9)
    at async Object.fetch (file:///app/main.ts:132:27)
    at async mapped (ext:deno_http/00_serve.ts:391:18) {
  name: "BadResource"
}
[serve-worker-40] Http: error reading a body from connection
    at async readableStreamCollectIntoUint8Array (ext:deno_web/06_streams.js:1095:19)
    at async consumeBody (ext:deno_fetch/22_body.js:268:9)
    at async Object.fetch (file:///app/main.ts:125:40)
    at async mapped (ext:deno_http/00_serve.ts:391:18) {
  name: "Http"
}
[serve-worker-124] Http: error reading a body from connection
    at async readableStreamCollectIntoUint8Array (ext:deno_web/06_streams.js:1095:19)
    at async consumeBody (ext:deno_fetch/22_body.js:268:9)
    at async Object.fetch (file:///app/main.ts:125:40)
    at async mapped (ext:deno_http/00_serve.ts:391:18) {
  name: "Http"
}
[serve-worker-124] Http: error reading a body from connection
    at async readableStreamCollectIntoUint8Array (ext:deno_web/06_streams.js:1095:19)
    at async consumeBody (ext:deno_fetch/22_body.js:268:9)
    at async Object.fetch (file:///app/main.ts:125:40)
    at async mapped (ext:deno_http/00_serve.ts:391:18) {
  name: "Http"
}
[serve-worker-64] BadResource: Cannot read body as underlying resource unavailable
    at ext:deno_fetch/22_body.js:170:19
    at eventLoopTick (ext:core/01_core.js:177:7)
    at async consumeBody (ext:deno_fetch/22_body.js:268:9)
    at async Object.fetch (file:///app/main.ts:132:27)
    at async mapped (ext:deno_http/00_serve.ts:391:18) {
  name: "BadResource"
}
[serve-worker-10] BadResource: Cannot read body as underlying resource unavailable
    at ext:deno_fetch/22_body.js:170:19
    at eventLoopTick (ext:core/01_core.js:177:7)
    at async consumeBody (ext:deno_fetch/22_body.js:268:9)
    at async Object.fetch (file:///app/main.ts:132:27)
    at async mapped (ext:deno_http/00_serve.ts:391:18) {
  name: "BadResource"
}
[serve-worker-50] BadResource: Cannot read body as underlying resource unavailable
    at ext:deno_fetch/22_body.js:170:19
    at eventLoopTick (ext:core/01_core.js:177:7)
    at async consumeBody (ext:deno_fetch/22_body.js:268:9)
    at async Object.fetch (file:///app/main.ts:132:27)
    at async mapped (ext:deno_http/00_serve.ts:391:18) {
  name: "BadResource"
}
[serve-worker-54] BadResource: Cannot read body as underlying resource unavailable
    at ext:deno_fetch/22_body.js:170:19
    at eventLoopTick (ext:core/01_core.js:177:7)
    at async consumeBody (ext:deno_fetch/22_body.js:268:9)
    at async Object.fetch (file:///app/main.ts:132:27)
    at async mapped (ext:deno_http/00_serve.ts:391:18) {
  name: "BadResource"
}
[serve-worker-40] BadResource: Cannot read body as underlying resource unavailable
    at ext:deno_fetch/22_body.js:170:19
    at eventLoopTick (ext:core/01_core.js:177:7)
    at async consumeBody (ext:deno_fetch/22_body.js:268:9)
    at async Object.fetch (file:///app/main.ts:132:27)
    at async mapped (ext:deno_http/00_serve.ts:391:18) {
  name: "BadResource"
}
[serve-worker-45] BadResource: Cannot read body as underlying resource unavailable
    at ext:deno_fetch/22_body.js:170:19
    at eventLoopTick (ext:core/01_core.js:177:7)
    at async consumeBody (ext:deno_fetch/22_body.js:268:9)
    at async Object.fetch (file:///app/main.ts:132:27)
    at async mapped (ext:deno_http/00_serve.ts:391:18) {
  name: "BadResource"
}
[serve-worker-29] BadResource: Cannot read body as underlying resource unavailable
    at ext:deno_fetch/22_body.js:170:19
    at eventLoopTick (ext:core/01_core.js:177:7)
    at async consumeBody (ext:deno_fetch/22_body.js:268:9)
    at async Object.fetch (file:///app/main.ts:132:27)
    at async mapped (ext:deno_http/00_serve.ts:391:18) {
  name: "BadResource"
}
[serve-worker-126] BadResource: Cannot read body as underlying resource unavailable
    at ext:deno_fetch/22_body.js:170:19
    at eventLoopTick (ext:core/01_core.js:177:7)
    at async consumeBody (ext:deno_fetch/22_body.js:268:9)
    at async Object.fetch (file:///app/main.ts:132:27)
    at async mapped (ext:deno_http/00_serve.ts:391:18) {
  name: "BadResource"
}
[serve-worker-58] BadResource: Cannot read body as underlying resource unavailable
    at ext:deno_fetch/22_body.js:170:19
    at eventLoopTick (ext:core/01_core.js:177:7)
    at async consumeBody (ext:deno_fetch/22_body.js:268:9)
    at async Object.fetch (file:///app/main.ts:132:27)
    at async mapped (ext:deno_http/00_serve.ts:391:18) {
  name: "BadResource"
}
[serve-worker-69] BadResource: Cannot read body as underlying resource unavailable
    at ext:deno_fetch/22_body.js:170:19
    at eventLoopTick (ext:core/01_core.js:177:7)
    at async consumeBody (ext:deno_fetch/22_body.js:268:9)
    at async Object.fetch (file:///app/main.ts:132:27)
    at async mapped (ext:deno_http/00_serve.ts:391:18) {
  name: "BadResource"
}
[serve-worker-118] Http: error reading a body from connection
    at async readableStreamCollectIntoUint8Array (ext:deno_web/06_streams.js:1095:19)
    at async consumeBody (ext:deno_fetch/22_body.js:268:9)
    at async Object.fetch (file:///app/main.ts:125:40)
    at async mapped (ext:deno_http/00_serve.ts:391:18) {
  name: "Http"
}
[serve-worker-69] BadResource: Cannot read body as underlying resource unavailable
    at ext:deno_fetch/22_body.js:170:19
    at eventLoopTick (ext:core/01_core.js:177:7)
    at async consumeBody (ext:deno_fetch/22_body.js:268:9)
    at async Object.fetch (file:///app/main.ts:132:27)
    at async mapped (ext:deno_http/00_serve.ts:391:18) {
  name: "BadResource"
}
[serve-worker-118] BadResource: Cannot read body as underlying resource unavailable
    at ext:deno_fetch/22_body.js:170:19
    at eventLoopTick (ext:core/01_core.js:177:7)
    at async consumeBody (ext:deno_fetch/22_body.js:268:9)
    at async Object.fetch (file:///app/main.ts:132:27)
    at async mapped (ext:deno_http/00_serve.ts:391:18) {
  name: "BadResource"
}
[serve-worker-67] Http: error reading a body from connection
    at async readableStreamCollectIntoUint8Array (ext:deno_web/06_streams.js:1095:19)
    at async consumeBody (ext:deno_fetch/22_body.js:268:9)
    at async Object.fetch (file:///app/main.ts:125:40)
    at async mapped (ext:deno_http/00_serve.ts:391:18) {
  name: "Http"
}
[serve-worker-74] BadResource: Cannot read body as underlying resource unavailable
    at ext:deno_fetch/22_body.js:170:19
    at eventLoopTick (ext:core/01_core.js:177:7)
    at async consumeBody (ext:deno_fetch/22_body.js:268:9)
    at async Object.fetch (file:///app/main.ts:132:27)
    at async mapped (ext:deno_http/00_serve.ts:391:18) {
  name: "BadResource"
}
[serve-worker-111] Http: error reading a body from connection
    at async readableStreamCollectIntoUint8Array (ext:deno_web/06_streams.js:1095:19)
    at async consumeBody (ext:deno_fetch/22_body.js:268:9)
    at async Object.fetch (file:///app/main.ts:125:40)
    at async mapped (ext:deno_http/00_serve.ts:391:18) {
  name: "Http"
}
[serve-worker-117] Http: error reading a body from connection
    at async readableStreamCollectIntoUint8Array (ext:deno_web/06_streams.js:1095:19)
    at async consumeBody (ext:deno_fetch/22_body.js:268:9)
    at async Object.fetch (file:///app/main.ts:125:40)
    at async mapped (ext:deno_http/00_serve.ts:391:18) {
  name: "Http"
}
[serve-worker-57] Http: error reading a body from connection
    at async readableStreamCollectIntoUint8Array (ext:deno_web/06_streams.js:1095:19)
    at async consumeBody (ext:deno_fetch/22_body.js:268:9)
    at async Object.fetch (file:///app/main.ts:125:40)
    at async mapped (ext:deno_http/00_serve.ts:391:18) {
  name: "Http"
}
[serve-worker-66] Http: error reading a body from connection
    at async readableStreamCollectIntoUint8Array (ext:deno_web/06_streams.js:1095:19)
    at async consumeBody (ext:deno_fetch/22_body.js:268:9)
    at async Object.fetch (file:///app/main.ts:125:40)
    at async mapped (ext:deno_http/00_serve.ts:391:18) {
  name: "Http"
}
[serve-worker-75] Http: error reading a body from connection
    at async readableStreamCollectIntoUint8Array (ext:deno_web/06_streams.js:1095:19)
    at async consumeBody (ext:deno_fetch/22_body.js:268:9)
    at async Object.fetch (file:///app/main.ts:125:40)
    at async mapped (ext:deno_http/00_serve.ts:391:18) {
  name: "Http"
}
[serve-worker-10] BadResource: Cannot read body as underlying resource unavailable
    at ext:deno_fetch/22_body.js:170:19
    at eventLoopTick (ext:core/01_core.js:177:7)
    at async consumeBody (ext:deno_fetch/22_body.js:268:9)
    at async Object.fetch (file:///app/main.ts:132:27)
    at async mapped (ext:deno_http/00_serve.ts:391:18) {
  name: "BadResource"
}
[serve-worker-10] BadResource: Cannot read body as underlying resource unavailable
    at ext:deno_fetch/22_body.js:170:19
    at eventLoopTick (ext:core/01_core.js:177:7)
    at async consumeBody (ext:deno_fetch/22_body.js:268:9)
    at async Object.fetch (file:///app/main.ts:132:27)
    at async mapped (ext:deno_http/00_serve.ts:391:18) {
  name: "BadResource"
}
[serve-worker-31] BadResource: Cannot read body as underlying resource unavailable
    at ext:deno_fetch/22_body.js:170:19
    at eventLoopTick (ext:core/01_core.js:177:7)
    at async consumeBody (ext:deno_fetch/22_body.js:268:9)
    at async Object.fetch (file:///app/main.ts:132:27)
    at async mapped (ext:deno_http/00_serve.ts:391:18) {
  name: "BadResource"
}
[serve-worker-59] BadResource: Cannot read body as underlying resource unavailable
    at ext:deno_fetch/22_body.js:170:19
    at eventLoopTick (ext:core/01_core.js:177:7)
    at async consumeBody (ext:deno_fetch/22_body.js:268:9)
    at async Object.fetch (file:///app/main.ts:132:27)
    at async mapped (ext:deno_http/00_serve.ts:391:18) {
  name: "BadResource"
}
[serve-worker-59] BadResource: Cannot read body as underlying resource unavailable
    at ext:deno_fetch/22_body.js:170:19
    at eventLoopTick (ext:core/01_core.js:177:7)
    at async consumeBody (ext:deno_fetch/22_body.js:268:9)
    at async Object.fetch (file:///app/main.ts:132:27)
    at async mapped (ext:deno_http/00_serve.ts:391:18) {
  name: "BadResource"
}
[serve-worker-34] Http: error reading a body from connection
    at async readableStreamCollectIntoUint8Array (ext:deno_web/06_streams.js:1095:19)
    at async consumeBody (ext:deno_fetch/22_body.js:268:9)
    at async Object.fetch (file:///app/main.ts:125:40)
    at async mapped (ext:deno_http/00_serve.ts:391:18) {
  name: "Http"
}
[serve-worker-15] Http: error reading a body from connection
    at async readableStreamCollectIntoUint8Array (ext:deno_web/06_streams.js:1095:19)
    at async consumeBody (ext:deno_fetch/22_body.js:268:9)
    at async Object.fetch (file:///app/main.ts:125:40)
    at async mapped (ext:deno_http/00_serve.ts:391:18) {
  name: "Http"
}
[serve-worker-110] Http: error reading a body from connection
    at async readableStreamCollectIntoUint8Array (ext:deno_web/06_streams.js:1095:19)
    at async consumeBody (ext:deno_fetch/22_body.js:268:9)
    at async Object.fetch (file:///app/main.ts:125:40)
    at async mapped (ext:deno_http/00_serve.ts:391:18) {
  name: "Http"
}
[serve-worker-47] BadResource: Cannot read body as underlying resource unavailable
    at ext:deno_fetch/22_body.js:170:19
    at eventLoopTick (ext:core/01_core.js:177:7)
    at async consumeBody (ext:deno_fetch/22_body.js:268:9)
    at async Object.fetch (file:///app/main.ts:132:27)
    at async mapped (ext:deno_http/00_serve.ts:391:18) {
  name: "BadResource"
}
[serve-worker-4 ] BadResource: Cannot read body as underlying resource unavailable
    at ext:deno_fetch/22_body.js:170:19
    at eventLoopTick (ext:core/01_core.js:177:7)
    at async consumeBody (ext:deno_fetch/22_body.js:268:9)
    at async Object.fetch (file:///app/main.ts:132:27)
    at async mapped (ext:deno_http/00_serve.ts:391:18) {
  name: "BadResource"
}
[serve-worker-114] Http: error reading a body from connection
    at async readableStreamCollectIntoUint8Array (ext:deno_web/06_streams.js:1095:19)
    at async consumeBody (ext:deno_fetch/22_body.js:268:9)
    at async Object.fetch (file:///app/main.ts:125:40)
    at async mapped (ext:deno_http/00_serve.ts:391:18) {
  name: "Http"
}
[serve-worker-53] Http: error reading a body from connection
    at async readableStreamCollectIntoUint8Array (ext:deno_web/06_streams.js:1095:19)
    at async consumeBody (ext:deno_fetch/22_body.js:268:9)
    at async Object.fetch (file:///app/main.ts:125:40)
    at async mapped (ext:deno_http/00_serve.ts:391:18) {
  name: "Http"
}
[serve-worker-88] Http: error reading a body from connection
    at async readableStreamCollectIntoUint8Array (ext:deno_web/06_streams.js:1095:19)
    at async consumeBody (ext:deno_fetch/22_body.js:268:9)
    at async Object.fetch (file:///app/main.ts:125:40)
    at async mapped (ext:deno_http/00_serve.ts:391:18) {
  name: "Http"
}
[serve-worker-122] BadResource: Cannot read body as underlying resource unavailable
    at ext:deno_fetch/22_body.js:170:19
    at eventLoopTick (ext:core/01_core.js:177:7)
    at async consumeBody (ext:deno_fetch/22_body.js:268:9)
    at async Object.fetch (file:///app/main.ts:132:27)
    at async mapped (ext:deno_http/00_serve.ts:391:18) {
  name: "BadResource"
}
[serve-worker-106] BadResource: Cannot read body as underlying resource unavailable
    at ext:deno_fetch/22_body.js:170:19
    at eventLoopTick (ext:core/01_core.js:177:7)
    at async consumeBody (ext:deno_fetch/22_body.js:268:9)
    at async Object.fetch (file:///app/main.ts:132:27)
    at async mapped (ext:deno_http/00_serve.ts:391:18) {
  name: "BadResource"
}
[serve-worker-4 ] Http: error reading a body from connection
    at async readableStreamCollectIntoUint8Array (ext:deno_web/06_streams.js:1095:19)
    at async consumeBody (ext:deno_fetch/22_body.js:268:9)
    at async Object.fetch (file:///app/main.ts:125:40)
    at async mapped (ext:deno_http/00_serve.ts:391:18) {
  name: "Http"
}
[serve-worker-75] Http: error reading a body from connection
    at async readableStreamCollectIntoUint8Array (ext:deno_web/06_streams.js:1095:19)
    at async consumeBody (ext:deno_fetch/22_body.js:268:9)
    at async Object.fetch (file:///app/main.ts:125:40)
    at async mapped (ext:deno_http/00_serve.ts:391:18) {
  name: "Http"
}
[serve-worker-81] Http: error reading a body from connection
    at async readableStreamCollectIntoUint8Array (ext:deno_web/06_streams.js:1095:19)
    at async consumeBody (ext:deno_fetch/22_body.js:268:9)
    at async Object.fetch (file:///app/main.ts:125:40)
    at async mapped (ext:deno_http/00_serve.ts:391:18) {
  name: "Http"
}
[serve-worker-127] Http: error reading a body from connection
    at async readableStreamCollectIntoUint8Array (ext:deno_web/06_streams.js:1095:19)
    at async consumeBody (ext:deno_fetch/22_body.js:268:9)
    at async Object.fetch (file:///app/main.ts:125:40)
    at async mapped (ext:deno_http/00_serve.ts:391:18) {
  name: "Http"
}
[serve-worker-23] BadResource: Cannot read body as underlying resource unavailable
    at ext:deno_fetch/22_body.js:170:19
    at eventLoopTick (ext:core/01_core.js:177:7)
    at async consumeBody (ext:deno_fetch/22_body.js:268:9)
    at async Object.fetch (file:///app/main.ts:132:27)
    at async mapped (ext:deno_http/00_serve.ts:391:18) {
  name: "BadResource"
}
[serve-worker-0 ] BadResource: Cannot read body as underlying resource unavailable
    at ext:deno_fetch/22_body.js:170:19
    at eventLoopTick (ext:core/01_core.js:177:7)
    at async consumeBody (ext:deno_fetch/22_body.js:268:9)
    at async Object.fetch (file:///app/main.ts:132:27)
    at async mapped (ext:deno_http/00_serve.ts:391:18) {
  name: "BadResource"
}
[serve-worker-100] BadResource: Cannot read body as underlying resource unavailable
    at ext:deno_fetch/22_body.js:170:19
    at eventLoopTick (ext:core/01_core.js:177:7)
    at async consumeBody (ext:deno_fetch/22_body.js:268:9)
    at async Object.fetch (file:///app/main.ts:132:27)
    at async mapped (ext:deno_http/00_serve.ts:391:18) {
  name: "BadResource"
}
[serve-worker-101] BadResource: Cannot read body as underlying resource unavailable
    at ext:deno_fetch/22_body.js:170:19
    at eventLoopTick (ext:core/01_core.js:177:7)
    at async consumeBody (ext:deno_fetch/22_body.js:268:9)
    at async Object.fetch (file:///app/main.ts:132:27)
    at async mapped (ext:deno_http/00_serve.ts:391:18) {
  name: "BadResource"
}
[serve-worker-104] BadResource: Cannot read body as underlying resource unavailable
    at ext:deno_fetch/22_body.js:170:19
    at eventLoopTick (ext:core/01_core.js:177:7)
    at async consumeBody (ext:deno_fetch/22_body.js:268:9)
    at async Object.fetch (file:///app/main.ts:132:27)
    at async mapped (ext:deno_http/00_serve.ts:391:18) {
  name: "BadResource"
}
[serve-worker-42] BadResource: Cannot read body as underlying resource unavailable
    at ext:deno_fetch/22_body.js:170:19
    at eventLoopTick (ext:core/01_core.js:177:7)
    at async consumeBody (ext:deno_fetch/22_body.js:268:9)
    at async Object.fetch (file:///app/main.ts:132:27)
    at async mapped (ext:deno_http/00_serve.ts:391:18) {
  name: "BadResource"
}
[serve-worker-123] Http: error reading a body from connection
    at async readableStreamCollectIntoUint8Array (ext:deno_web/06_streams.js:1095:19)
    at async consumeBody (ext:deno_fetch/22_body.js:268:9)
    at async Object.fetch (file:///app/main.ts:125:40)
    at async mapped (ext:deno_http/00_serve.ts:391:18) {
  name: "Http"
}
[serve-worker-101] Http: error reading a body from connection
    at async readableStreamCollectIntoUint8Array (ext:deno_web/06_streams.js:1095:19)
    at async consumeBody (ext:deno_fetch/22_body.js:268:9)
    at async Object.fetch (file:///app/main.ts:125:40)
    at async mapped (ext:deno_http/00_serve.ts:391:18) {
  name: "Http"
}
[serve-worker-101] Http: error reading a body from connection
    at async readableStreamCollectIntoUint8Array (ext:deno_web/06_streams.js:1095:19)
    at async consumeBody (ext:deno_fetch/22_body.js:268:9)
    at async Object.fetch (file:///app/main.ts:125:40)
    at async mapped (ext:deno_http/00_serve.ts:391:18) {
  name: "Http"
}
[serve-worker-56] Http: error reading a body from connection
    at async readableStreamCollectIntoUint8Array (ext:deno_web/06_streams.js:1095:19)
    at async consumeBody (ext:deno_fetch/22_body.js:268:9)
    at async Object.fetch (file:///app/main.ts:125:40)
    at async mapped (ext:deno_http/00_serve.ts:391:18) {
  name: "Http"
}
[serve-worker-78] Http: error reading a body from connection
    at async readableStreamCollectIntoUint8Array (ext:deno_web/06_streams.js:1095:19)
    at async consumeBody (ext:deno_fetch/22_body.js:268:9)
    at async Object.fetch (file:///app/main.ts:125:40)
    at async mapped (ext:deno_http/00_serve.ts:391:18) {
  name: "Http"
}
[serve-worker-0 ] BadResource: Cannot read body as underlying resource unavailable
    at ext:deno_fetch/22_body.js:170:19
    at eventLoopTick (ext:core/01_core.js:177:7)
    at async consumeBody (ext:deno_fetch/22_body.js:268:9)
    at async Object.fetch (file:///app/main.ts:132:27)
    at async mapped (ext:deno_http/00_serve.ts:391:18) {
  name: "BadResource"
}
[serve-worker-99] BadResource: Cannot read body as underlying resource unavailable
    at ext:deno_fetch/22_body.js:170:19
    at eventLoopTick (ext:core/01_core.js:177:7)
    at async consumeBody (ext:deno_fetch/22_body.js:268:9)
    at async Object.fetch (file:///app/main.ts:132:27)
    at async mapped (ext:deno_http/00_serve.ts:391:18) {
  name: "BadResource"
}
[serve-worker-72] Http: error reading a body from connection
    at async readableStreamCollectIntoUint8Array (ext:deno_web/06_streams.js:1095:19)
    at async consumeBody (ext:deno_fetch/22_body.js:268:9)
    at async Object.fetch (file:///app/main.ts:125:40)
    at async mapped (ext:deno_http/00_serve.ts:391:18) {
  name: "Http"
}
[serve-worker-121] Http: error reading a body from connection
    at async readableStreamCollectIntoUint8Array (ext:deno_web/06_streams.js:1095:19)
    at async consumeBody (ext:deno_fetch/22_body.js:268:9)
    at async Object.fetch (file:///app/main.ts:125:40)
    at async mapped (ext:deno_http/00_serve.ts:391:18) {
  name: "Http"
}
[serve-worker-121] Http: error reading a body from connection
    at async readableStreamCollectIntoUint8Array (ext:deno_web/06_streams.js:1095:19)
    at async consumeBody (ext:deno_fetch/22_body.js:268:9)
    at async Object.fetch (file:///app/main.ts:125:40)
    at async mapped (ext:deno_http/00_serve.ts:391:18) {
  name: "Http"
}
[serve-worker-86] Http: error reading a body from connection
    at async readableStreamCollectIntoUint8Array (ext:deno_web/06_streams.js:1095:19)
    at async consumeBody (ext:deno_fetch/22_body.js:268:9)
    at async Object.fetch (file:///app/main.ts:125:40)
    at async mapped (ext:deno_http/00_serve.ts:391:18) {
  name: "Http"
}
[serve-worker-6 ] Http: error reading a body from connection
    at async readableStreamCollectIntoUint8Array (ext:deno_web/06_streams.js:1095:19)
    at async consumeBody (ext:deno_fetch/22_body.js:268:9)
    at async Object.fetch (file:///app/main.ts:125:40)
    at async mapped (ext:deno_http/00_serve.ts:391:18) {
  name: "Http"
}
[serve-worker-5 ] Http: error reading a body from connection
    at async readableStreamCollectIntoUint8Array (ext:deno_web/06_streams.js:1095:19)
    at async consumeBody (ext:deno_fetch/22_body.js:268:9)
    at async Object.fetch (file:///app/main.ts:125:40)
    at async mapped (ext:deno_http/00_serve.ts:391:18) {
  name: "Http"
}
[serve-worker-30] Http: error reading a body from connection
    at async readableStreamCollectIntoUint8Array (ext:deno_web/06_streams.js:1095:19)
    at async consumeBody (ext:deno_fetch/22_body.js:268:9)
    at async Object.fetch (file:///app/main.ts:125:40)
    at async mapped (ext:deno_http/00_serve.ts:391:18) {
  name: "Http"
}
[serve-worker-45] Http: error reading a body from connection
    at async readableStreamCollectIntoUint8Array (ext:deno_web/06_streams.js:1095:19)
    at async consumeBody (ext:deno_fetch/22_body.js:268:9)
    at async Object.fetch (file:///app/main.ts:125:40)
    at async mapped (ext:deno_http/00_serve.ts:391:18) {
  name: "Http"
}
[serve-worker-17] BadResource: Cannot read body as underlying resource unavailable
    at ext:deno_fetch/22_body.js:170:19
    at eventLoopTick (ext:core/01_core.js:177:7)
    at async consumeBody (ext:deno_fetch/22_body.js:268:9)
    at async Object.fetch (file:///app/main.ts:132:27)
    at async mapped (ext:deno_http/00_serve.ts:391:18) {
  name: "BadResource"
}
[serve-worker-36] Http: error reading a body from connection
    at async readableStreamCollectIntoUint8Array (ext:deno_web/06_streams.js:1095:19)
    at async consumeBody (ext:deno_fetch/22_body.js:268:9)
    at async Object.fetch (file:///app/main.ts:125:40)
    at async mapped (ext:deno_http/00_serve.ts:391:18) {
  name: "Http"
}
[serve-worker-71] BadResource: Cannot read body as underlying resource unavailable
    at ext:deno_fetch/22_body.js:170:19
    at eventLoopTick (ext:core/01_core.js:177:7)
    at async consumeBody (ext:deno_fetch/22_body.js:268:9)
    at async Object.fetch (file:///app/main.ts:132:27)
    at async mapped (ext:deno_http/00_serve.ts:391:18) {
  name: "BadResource"
}
[serve-worker-70] Http: error reading a body from connection
    at async readableStreamCollectIntoUint8Array (ext:deno_web/06_streams.js:1095:19)
    at async consumeBody (ext:deno_fetch/22_body.js:268:9)
    at async Object.fetch (file:///app/main.ts:125:40)
    at async mapped (ext:deno_http/00_serve.ts:391:18) {
  name: "Http"
}
[serve-worker-107] Http: error reading a body from connection
    at async readableStreamCollectIntoUint8Array (ext:deno_web/06_streams.js:1095:19)
    at async consumeBody (ext:deno_fetch/22_body.js:268:9)
    at async Object.fetch (file:///app/main.ts:125:40)
    at async mapped (ext:deno_http/00_serve.ts:391:18) {
  name: "Http"
}
[serve-worker-55] Http: error reading a body from connection
    at async readableStreamCollectIntoUint8Array (ext:deno_web/06_streams.js:1095:19)
    at async consumeBody (ext:deno_fetch/22_body.js:268:9)
    at async Object.fetch (file:///app/main.ts:125:40)
    at async mapped (ext:deno_http/00_serve.ts:391:18) {
  name: "Http"
}
[serve-worker-12] Http: error reading a body from connection
    at async readableStreamCollectIntoUint8Array (ext:deno_web/06_streams.js:1095:19)
    at async consumeBody (ext:deno_fetch/22_body.js:268:9)
    at async Object.fetch (file:///app/main.ts:125:40)
    at async mapped (ext:deno_http/00_serve.ts:391:18) {
  name: "Http"
}
[serve-worker-55] Http: error reading a body from connection
    at async readableStreamCollectIntoUint8Array (ext:deno_web/06_streams.js:1095:19)
    at async consumeBody (ext:deno_fetch/22_body.js:268:9)
    at async Object.fetch (file:///app/main.ts:125:40)
    at async mapped (ext:deno_http/00_serve.ts:391:18) {
  name: "Http"
}
[serve-worker-69] Http: error reading a body from connection
    at async readableStreamCollectIntoUint8Array (ext:deno_web/06_streams.js:1095:19)
    at async consumeBody (ext:deno_fetch/22_body.js:268:9)
    at async Object.fetch (file:///app/main.ts:125:40)
    at async mapped (ext:deno_http/00_serve.ts:391:18) {
  name: "Http"
}
[serve-worker-78] Http: error reading a body from connection
    at async readableStreamCollectIntoUint8Array (ext:deno_web/06_streams.js:1095:19)
    at async consumeBody (ext:deno_fetch/22_body.js:268:9)
    at async Object.fetch (file:///app/main.ts:125:40)
    at async mapped (ext:deno_http/00_serve.ts:391:18) {
  name: "Http"
}
[serve-worker-7 ] Http: error reading a body from connection
    at async readableStreamCollectIntoUint8Array (ext:deno_web/06_streams.js:1095:19)
    at async consumeBody (ext:deno_fetch/22_body.js:268:9)
    at async Object.fetch (file:///app/main.ts:125:40)
    at async mapped (ext:deno_http/00_serve.ts:391:18) {
  name: "Http"
}
[serve-worker-90] BadResource: Cannot read body as underlying resource unavailable
    at ext:deno_fetch/22_body.js:170:19
    at eventLoopTick (ext:core/01_core.js:177:7)
    at async consumeBody (ext:deno_fetch/22_body.js:268:9)
    at async Object.fetch (file:///app/main.ts:132:27)
    at async mapped (ext:deno_http/00_serve.ts:391:18) {
  name: "BadResource"
}
[serve-worker-90] BadResource: Cannot read body as underlying resource unavailable
    at ext:deno_fetch/22_body.js:170:19
    at eventLoopTick (ext:core/01_core.js:177:7)
    at async consumeBody (ext:deno_fetch/22_body.js:268:9)
    at async Object.fetch (file:///app/main.ts:132:27)
    at async mapped (ext:deno_http/00_serve.ts:391:18) {
  name: "BadResource"
}
[serve-worker-111] Http: error reading a body from connection
    at async readableStreamCollectIntoUint8Array (ext:deno_web/06_streams.js:1095:19)
    at async consumeBody (ext:deno_fetch/22_body.js:268:9)
    at async Object.fetch (file:///app/main.ts:125:40)
    at async mapped (ext:deno_http/00_serve.ts:391:18) {
  name: "Http"
}
[serve-worker-111] Http: error reading a body from connection
    at async readableStreamCollectIntoUint8Array (ext:deno_web/06_streams.js:1095:19)
    at async consumeBody (ext:deno_fetch/22_body.js:268:9)
    at async Object.fetch (file:///app/main.ts:125:40)
    at async mapped (ext:deno_http/00_serve.ts:391:18) {
  name: "Http"
}
[serve-worker-86] Http: error reading a body from connection
    at async readableStreamCollectIntoUint8Array (ext:deno_web/06_streams.js:1095:19)
    at async consumeBody (ext:deno_fetch/22_body.js:268:9)
    at async Object.fetch (file:///app/main.ts:125:40)
    at async mapped (ext:deno_http/00_serve.ts:391:18) {
  name: "Http"
}
[serve-worker-104] Http: error reading a body from connection
    at async readableStreamCollectIntoUint8Array (ext:deno_web/06_streams.js:1095:19)
    at async consumeBody (ext:deno_fetch/22_body.js:268:9)
    at async Object.fetch (file:///app/main.ts:125:40)
    at async mapped (ext:deno_http/00_serve.ts:391:18) {
  name: "Http"
}
[serve-worker-118] Http: error reading a body from connection
    at async readableStreamCollectIntoUint8Array (ext:deno_web/06_streams.js:1095:19)
    at async consumeBody (ext:deno_fetch/22_body.js:268:9)
    at async Object.fetch (file:///app/main.ts:125:40)
    at async mapped (ext:deno_http/00_serve.ts:391:18) {
  name: "Http"
}
[serve-worker-71] Http: error reading a body from connection
    at async readableStreamCollectIntoUint8Array (ext:deno_web/06_streams.js:1095:19)
    at async consumeBody (ext:deno_fetch/22_body.js:268:9)
    at async Object.fetch (file:///app/main.ts:125:40)
    at async mapped (ext:deno_http/00_serve.ts:391:18) {
  name: "Http"
}
[serve-worker-23] Http: error reading a body from connection
    at async readableStreamCollectIntoUint8Array (ext:deno_web/06_streams.js:1095:19)
    at async consumeBody (ext:deno_fetch/22_body.js:268:9)
    at async Object.fetch (file:///app/main.ts:125:40)
    at async mapped (ext:deno_http/00_serve.ts:391:18) {
  name: "Http"
}
[serve-worker-45] Http: error reading a body from connection
    at async readableStreamCollectIntoUint8Array (ext:deno_web/06_streams.js:1095:19)
    at async consumeBody (ext:deno_fetch/22_body.js:268:9)
    at async Object.fetch (file:///app/main.ts:125:40)
    at async mapped (ext:deno_http/00_serve.ts:391:18) {
  name: "Http"
}
[serve-worker-110] BadResource: Cannot read body as underlying resource unavailable
    at ext:deno_fetch/22_body.js:170:19
    at eventLoopTick (ext:core/01_core.js:177:7)
    at async consumeBody (ext:deno_fetch/22_body.js:268:9)
    at async Object.fetch (file:///app/main.ts:132:27)
    at async mapped (ext:deno_http/00_serve.ts:391:18) {
  name: "BadResource"
}
[serve-worker-47] Http: error reading a body from connection
    at async readableStreamCollectIntoUint8Array (ext:deno_web/06_streams.js:1095:19)
    at async consumeBody (ext:deno_fetch/22_body.js:268:9)
    at async Object.fetch (file:///app/main.ts:125:40)
    at async mapped (ext:deno_http/00_serve.ts:391:18) {
  name: "Http"
}
[serve-worker-118] Http: error reading a body from connection
    at async readableStreamCollectIntoUint8Array (ext:deno_web/06_streams.js:1095:19)
    at async consumeBody (ext:deno_fetch/22_body.js:268:9)
    at async Object.fetch (file:///app/main.ts:125:40)
    at async mapped (ext:deno_http/00_serve.ts:391:18) {
  name: "Http"
}
[serve-worker-0 ] Http: error reading a body from connection
    at async readableStreamCollectIntoUint8Array (ext:deno_web/06_streams.js:1095:19)
    at async consumeBody (ext:deno_fetch/22_body.js:268:9)
    at async Object.fetch (file:///app/main.ts:125:40)
    at async mapped (ext:deno_http/00_serve.ts:391:18) {
  name: "Http"
}
[serve-worker-18] Http: error reading a body from connection
    at async readableStreamCollectIntoUint8Array (ext:deno_web/06_streams.js:1095:19)
    at async consumeBody (ext:deno_fetch/22_body.js:268:9)
    at async Object.fetch (file:///app/main.ts:125:40)
    at async mapped (ext:deno_http/00_serve.ts:391:18) {
  name: "Http"
}
[serve-worker-114] BadResource: Cannot read body as underlying resource unavailable
    at ext:deno_fetch/22_body.js:170:19
    at eventLoopTick (ext:core/01_core.js:177:7)
    at async consumeBody (ext:deno_fetch/22_body.js:268:9)
    at async Object.fetch (file:///app/main.ts:132:27)
    at async mapped (ext:deno_http/00_serve.ts:391:18) {
  name: "BadResource"
}
[serve-worker-119] Http: error reading a body from connection
    at async readableStreamCollectIntoUint8Array (ext:deno_web/06_streams.js:1095:19)
    at async consumeBody (ext:deno_fetch/22_body.js:268:9)
    at async Object.fetch (file:///app/main.ts:125:40)
    at async mapped (ext:deno_http/00_serve.ts:391:18) {
  name: "Http"
}
[serve-worker-118] Http: error reading a body from connection
    at async readableStreamCollectIntoUint8Array (ext:deno_web/06_streams.js:1095:19)
    at async consumeBody (ext:deno_fetch/22_body.js:268:9)
    at async Object.fetch (file:///app/main.ts:125:40)
    at async mapped (ext:deno_http/00_serve.ts:391:18) {
  name: "Http"
}
[serve-worker-66] Http: error reading a body from connection
    at async readableStreamCollectIntoUint8Array (ext:deno_web/06_streams.js:1095:19)
    at async consumeBody (ext:deno_fetch/22_body.js:268:9)
    at async Object.fetch (file:///app/main.ts:125:40)
    at async mapped (ext:deno_http/00_serve.ts:391:18) {
  name: "Http"
}
[serve-worker-73] Http: error reading a body from connection
    at async readableStreamCollectIntoUint8Array (ext:deno_web/06_streams.js:1095:19)
    at async consumeBody (ext:deno_fetch/22_body.js:268:9)
    at async Object.fetch (file:///app/main.ts:125:40)
    at async mapped (ext:deno_http/00_serve.ts:391:18) {
  name: "Http"
}
[serve-worker-109] Http: error reading a body from connection
    at async readableStreamCollectIntoUint8Array (ext:deno_web/06_streams.js:1095:19)
    at async consumeBody (ext:deno_fetch/22_body.js:268:9)
    at async Object.fetch (file:///app/main.ts:125:40)
    at async mapped (ext:deno_http/00_serve.ts:391:18) {
  name: "Http"
}
[serve-worker-15] Http: error reading a body from connection
    at async readableStreamCollectIntoUint8Array (ext:deno_web/06_streams.js:1095:19)
    at async consumeBody (ext:deno_fetch/22_body.js:268:9)
    at async Object.fetch (file:///app/main.ts:125:40)
    at async mapped (ext:deno_http/00_serve.ts:391:18) {
  name: "Http"
}
[serve-worker-62] Http: error reading a body from connection
    at async readableStreamCollectIntoUint8Array (ext:deno_web/06_streams.js:1095:19)
    at async consumeBody (ext:deno_fetch/22_body.js:268:9)
    at async Object.fetch (file:///app/main.ts:125:40)
    at async mapped (ext:deno_http/00_serve.ts:391:18) {
  name: "Http"
}
[serve-worker-26] Http: error reading a body from connection
    at async readableStreamCollectIntoUint8Array (ext:deno_web/06_streams.js:1095:19)
    at async consumeBody (ext:deno_fetch/22_body.js:268:9)
    at async Object.fetch (file:///app/main.ts:125:40)
    at async mapped (ext:deno_http/00_serve.ts:391:18) {
  name: "Http"
}
[serve-worker-23] Http: error reading a body from connection
    at async readableStreamCollectIntoUint8Array (ext:deno_web/06_streams.js:1095:19)
    at async consumeBody (ext:deno_fetch/22_body.js:268:9)
    at async Object.fetch (file:///app/main.ts:125:40)
    at async mapped (ext:deno_http/00_serve.ts:391:18) {
  name: "Http"
}
[serve-worker-2 ] Http: error reading a body from connection
    at async readableStreamCollectIntoUint8Array (ext:deno_web/06_streams.js:1095:19)
    at async consumeBody (ext:deno_fetch/22_body.js:268:9)
    at async Object.fetch (file:///app/main.ts:125:40)
    at async mapped (ext:deno_http/00_serve.ts:391:18) {
  name: "Http"
}
[serve-worker-113] Http: error reading a body from connection
    at async readableStreamCollectIntoUint8Array (ext:deno_web/06_streams.js:1095:19)
    at async consumeBody (ext:deno_fetch/22_body.js:268:9)
    at async Object.fetch (file:///app/main.ts:125:40)
    at async mapped (ext:deno_http/00_serve.ts:391:18) {
  name: "Http"
}
[serve-worker-110] Http: error reading a body from connection
    at async readableStreamCollectIntoUint8Array (ext:deno_web/06_streams.js:1095:19)
    at async consumeBody (ext:deno_fetch/22_body.js:268:9)
    at async Object.fetch (file:///app/main.ts:125:40)
    at async mapped (ext:deno_http/00_serve.ts:391:18) {
  name: "Http"
}
[serve-worker-121] Http: error reading a body from connection
    at async readableStreamCollectIntoUint8Array (ext:deno_web/06_streams.js:1095:19)
    at async consumeBody (ext:deno_fetch/22_body.js:268:9)
    at async Object.fetch (file:///app/main.ts:125:40)
    at async mapped (ext:deno_http/00_serve.ts:391:18) {
  name: "Http"
}
[serve-worker-63] Http: error reading a body from connection
    at async readableStreamCollectIntoUint8Array (ext:deno_web/06_streams.js:1095:19)
    at async consumeBody (ext:deno_fetch/22_body.js:268:9)
    at async Object.fetch (file:///app/main.ts:125:40)
    at async mapped (ext:deno_http/00_serve.ts:391:18) {
  name: "Http"
}
[serve-worker-110] Http: error reading a body from connection
    at async readableStreamCollectIntoUint8Array (ext:deno_web/06_streams.js:1095:19)
    at async consumeBody (ext:deno_fetch/22_body.js:268:9)
    at async Object.fetch (file:///app/main.ts:125:40)
    at async mapped (ext:deno_http/00_serve.ts:391:18) {
  name: "Http"
}
[serve-worker-110] Http: error reading a body from connection
    at async readableStreamCollectIntoUint8Array (ext:deno_web/06_streams.js:1095:19)
    at async consumeBody (ext:deno_fetch/22_body.js:268:9)
    at async Object.fetch (file:///app/main.ts:125:40)
    at async mapped (ext:deno_http/00_serve.ts:391:18) {
  name: "Http"
}
[serve-worker-65] Http: error reading a body from connection
    at async readableStreamCollectIntoUint8Array (ext:deno_web/06_streams.js:1095:19)
    at async consumeBody (ext:deno_fetch/22_body.js:268:9)
    at async Object.fetch (file:///app/main.ts:125:40)
    at async mapped (ext:deno_http/00_serve.ts:391:18) {
  name: "Http"
}
[serve-worker-83] Http: error reading a body from connection
    at async readableStreamCollectIntoUint8Array (ext:deno_web/06_streams.js:1095:19)
    at async consumeBody (ext:deno_fetch/22_body.js:268:9)
    at async Object.fetch (file:///app/main.ts:125:40)
    at async mapped (ext:deno_http/00_serve.ts:391:18) {
  name: "Http"
}
[serve-worker-92] Http: error reading a body from connection
    at async readableStreamCollectIntoUint8Array (ext:deno_web/06_streams.js:1095:19)
    at async consumeBody (ext:deno_fetch/22_body.js:268:9)
    at async Object.fetch (file:///app/main.ts:125:40)
    at async mapped (ext:deno_http/00_serve.ts:391:18) {
  name: "Http"
}
[serve-worker-120] Http: error reading a body from connection
    at async readableStreamCollectIntoUint8Array (ext:deno_web/06_streams.js:1095:19)
    at async consumeBody (ext:deno_fetch/22_body.js:268:9)
    at async Object.fetch (file:///app/main.ts:125:40)
    at async mapped (ext:deno_http/00_serve.ts:391:18) {
  name: "Http"
}
[serve-worker-120] Http: error reading a body from connection
    at async readableStreamCollectIntoUint8Array (ext:deno_web/06_streams.js:1095:19)
    at async consumeBody (ext:deno_fetch/22_body.js:268:9)
    at async Object.fetch (file:///app/main.ts:125:40)
    at async mapped (ext:deno_http/00_serve.ts:391:18) {
  name: "Http"
}
[serve-worker-120] Http: error reading a body from connection
    at async readableStreamCollectIntoUint8Array (ext:deno_web/06_streams.js:1095:19)
    at async consumeBody (ext:deno_fetch/22_body.js:268:9)
    at async Object.fetch (file:///app/main.ts:125:40)
    at async mapped (ext:deno_http/00_serve.ts:391:18) {
  name: "Http"
}
[serve-worker-120] Http: error reading a body from connection
    at async readableStreamCollectIntoUint8Array (ext:deno_web/06_streams.js:1095:19)
    at async consumeBody (ext:deno_fetch/22_body.js:268:9)
    at async Object.fetch (file:///app/main.ts:125:40)
    at async mapped (ext:deno_http/00_serve.ts:391:18) {
  name: "Http"
}
[serve-worker-4 ] Http: error reading a body from connection
    at async readableStreamCollectIntoUint8Array (ext:deno_web/06_streams.js:1095:19)
    at async consumeBody (ext:deno_fetch/22_body.js:268:9)
    at async Object.fetch (file:///app/main.ts:125:40)
    at async mapped (ext:deno_http/00_serve.ts:391:18) {
  name: "Http"
}
[serve-worker-6 ] BadResource: Cannot read body as underlying resource unavailable
    at ext:deno_fetch/22_body.js:170:19
    at eventLoopTick (ext:core/01_core.js:177:7)
    at async consumeBody (ext:deno_fetch/22_body.js:268:9)
    at async Object.fetch (file:///app/main.ts:132:27)
    at async mapped (ext:deno_http/00_serve.ts:391:18) {
  name: "BadResource"
}
[serve-worker-123] Http: error reading a body from connection
    at async readableStreamCollectIntoUint8Array (ext:deno_web/06_streams.js:1095:19)
    at async consumeBody (ext:deno_fetch/22_body.js:268:9)
    at async Object.fetch (file:///app/main.ts:125:40)
    at async mapped (ext:deno_http/00_serve.ts:391:18) {
  name: "Http"
}
[serve-worker-61] Http: error reading a body from connection
    at async readableStreamCollectIntoUint8Array (ext:deno_web/06_streams.js:1095:19)
    at async consumeBody (ext:deno_fetch/22_body.js:268:9)
    at async Object.fetch (file:///app/main.ts:125:40)
    at async mapped (ext:deno_http/00_serve.ts:391:18) {
  name: "Http"
}
[serve-worker-71] Http: error reading a body from connection
    at async readableStreamCollectIntoUint8Array (ext:deno_web/06_streams.js:1095:19)
    at async consumeBody (ext:deno_fetch/22_body.js:268:9)
    at async Object.fetch (file:///app/main.ts:125:40)
    at async mapped (ext:deno_http/00_serve.ts:391:18) {
  name: "Http"
}
[serve-worker-18] Http: error reading a body from connection
    at async readableStreamCollectIntoUint8Array (ext:deno_web/06_streams.js:1095:19)
    at async consumeBody (ext:deno_fetch/22_body.js:268:9)
    at async Object.fetch (file:///app/main.ts:125:40)
    at async mapped (ext:deno_http/00_serve.ts:391:18) {
  name: "Http"
}
[serve-worker-111] Http: error reading a body from connection
    at async readableStreamCollectIntoUint8Array (ext:deno_web/06_streams.js:1095:19)
    at async consumeBody (ext:deno_fetch/22_body.js:268:9)
    at async Object.fetch (file:///app/main.ts:125:40)
    at async mapped (ext:deno_http/00_serve.ts:391:18) {
  name: "Http"
}
[serve-worker-111] Http: error reading a body from connection
    at async readableStreamCollectIntoUint8Array (ext:deno_web/06_streams.js:1095:19)
    at async consumeBody (ext:deno_fetch/22_body.js:268:9)
    at async Object.fetch (file:///app/main.ts:125:40)
    at async mapped (ext:deno_http/00_serve.ts:391:18) {
  name: "Http"
}
[serve-worker-111] Http: error reading a body from connection
    at async readableStreamCollectIntoUint8Array (ext:deno_web/06_streams.js:1095:19)
    at async consumeBody (ext:deno_fetch/22_body.js:268:9)
    at async Object.fetch (file:///app/main.ts:125:40)
    at async mapped (ext:deno_http/00_serve.ts:391:18) {
  name: "Http"
}
[serve-worker-24] BadResource: Cannot read body as underlying resource unavailable
    at ext:deno_fetch/22_body.js:170:19
    at eventLoopTick (ext:core/01_core.js:177:7)
    at async consumeBody (ext:deno_fetch/22_body.js:268:9)
    at async Object.fetch (file:///app/main.ts:132:27)
    at async mapped (ext:deno_http/00_serve.ts:391:18) {
  name: "BadResource"
}
[serve-worker-50] Http: error reading a body from connection
    at async readableStreamCollectIntoUint8Array (ext:deno_web/06_streams.js:1095:19)
    at async consumeBody (ext:deno_fetch/22_body.js:268:9)
    at async Object.fetch (file:///app/main.ts:125:40)
    at async mapped (ext:deno_http/00_serve.ts:391:18) {
  name: "Http"
}
[serve-worker-32] BadResource: Cannot read body as underlying resource unavailable
    at ext:deno_fetch/22_body.js:170:19
    at eventLoopTick (ext:core/01_core.js:177:7)
    at async consumeBody (ext:deno_fetch/22_body.js:268:9)
    at async Object.fetch (file:///app/main.ts:132:27)
    at async mapped (ext:deno_http/00_serve.ts:391:18) {
  name: "BadResource"
}
[serve-worker-76] BadResource: Cannot read body as underlying resource unavailable
    at ext:deno_fetch/22_body.js:170:19
    at eventLoopTick (ext:core/01_core.js:177:7)
    at async consumeBody (ext:deno_fetch/22_body.js:268:9)
    at async Object.fetch (file:///app/main.ts:132:27)
    at async mapped (ext:deno_http/00_serve.ts:391:18) {
  name: "BadResource"
}
[serve-worker-76] BadResource: Cannot read body as underlying resource unavailable
    at ext:deno_fetch/22_body.js:170:19
    at eventLoopTick (ext:core/01_core.js:177:7)
    at async consumeBody (ext:deno_fetch/22_body.js:268:9)
    at async Object.fetch (file:///app/main.ts:132:27)
    at async mapped (ext:deno_http/00_serve.ts:391:18) {
  name: "BadResource"
}
[serve-worker-17] BadResource: Cannot read body as underlying resource unavailable
    at ext:deno_fetch/22_body.js:170:19
    at eventLoopTick (ext:core/01_core.js:177:7)
    at async consumeBody (ext:deno_fetch/22_body.js:268:9)
    at async Object.fetch (file:///app/main.ts:132:27)
    at async mapped (ext:deno_http/00_serve.ts:391:18) {
  name: "BadResource"
}
[serve-worker-9 ] Http: error reading a body from connection
    at async readableStreamCollectIntoUint8Array (ext:deno_web/06_streams.js:1095:19)
    at async consumeBody (ext:deno_fetch/22_body.js:268:9)
    at async Object.fetch (file:///app/main.ts:125:40)
    at async mapped (ext:deno_http/00_serve.ts:391:18) {
  name: "Http"
}
[serve-worker-26] BadResource: Cannot read body as underlying resource unavailable
    at ext:deno_fetch/22_body.js:170:19
    at eventLoopTick (ext:core/01_core.js:177:7)
    at async consumeBody (ext:deno_fetch/22_body.js:268:9)
    at async Object.fetch (file:///app/main.ts:132:27)
    at async mapped (ext:deno_http/00_serve.ts:391:18) {
  name: "BadResource"
}
[serve-worker-11] BadResource: Cannot read body as underlying resource unavailable
    at ext:deno_fetch/22_body.js:170:19
    at eventLoopTick (ext:core/01_core.js:177:7)
    at async consumeBody (ext:deno_fetch/22_body.js:268:9)
    at async Object.fetch (file:///app/main.ts:132:27)
    at async mapped (ext:deno_http/00_serve.ts:391:18) {
  name: "BadResource"
}
[serve-worker-22] BadResource: Cannot read body as underlying resource unavailable
    at ext:deno_fetch/22_body.js:170:19
    at eventLoopTick (ext:core/01_core.js:177:7)
    at async consumeBody (ext:deno_fetch/22_body.js:268:9)
    at async Object.fetch (file:///app/main.ts:132:27)
    at async mapped (ext:deno_http/00_serve.ts:391:18) {
  name: "BadResource"
}
[serve-worker-44] Http: error reading a body from connection
    at async readableStreamCollectIntoUint8Array (ext:deno_web/06_streams.js:1095:19)
    at async consumeBody (ext:deno_fetch/22_body.js:268:9)
    at async Object.fetch (file:///app/main.ts:125:40)
    at async mapped (ext:deno_http/00_serve.ts:391:18) {
  name: "Http"
}
[serve-worker-88] BadResource: Cannot read body as underlying resource unavailable
    at ext:deno_fetch/22_body.js:170:19
    at eventLoopTick (ext:core/01_core.js:177:7)
    at async consumeBody (ext:deno_fetch/22_body.js:268:9)
    at async Object.fetch (file:///app/main.ts:132:27)
    at async mapped (ext:deno_http/00_serve.ts:391:18) {
  name: "BadResource"
}
[serve-worker-7 ] Http: error reading a body from connection
    at async readableStreamCollectIntoUint8Array (ext:deno_web/06_streams.js:1095:19)
    at async consumeBody (ext:deno_fetch/22_body.js:268:9)
    at async Object.fetch (file:///app/main.ts:125:40)
    at async mapped (ext:deno_http/00_serve.ts:391:18) {
  name: "Http"
}
[serve-worker-95] Http: error reading a body from connection
    at async readableStreamCollectIntoUint8Array (ext:deno_web/06_streams.js:1095:19)
    at async consumeBody (ext:deno_fetch/22_body.js:268:9)
    at async Object.fetch (file:///app/main.ts:125:40)
    at async mapped (ext:deno_http/00_serve.ts:391:18) {
  name: "Http"
}
[serve-worker-108] BadResource: Cannot read body as underlying resource unavailable
    at ext:deno_fetch/22_body.js:170:19
    at eventLoopTick (ext:core/01_core.js:177:7)
    at async consumeBody (ext:deno_fetch/22_body.js:268:9)
    at async Object.fetch (file:///app/main.ts:132:27)
    at async mapped (ext:deno_http/00_serve.ts:391:18) {
  name: "BadResource"
}
[serve-worker-53] BadResource: Cannot read body as underlying resource unavailable
    at ext:deno_fetch/22_body.js:170:19
    at eventLoopTick (ext:core/01_core.js:177:7)
    at async consumeBody (ext:deno_fetch/22_body.js:268:9)
    at async Object.fetch (file:///app/main.ts:132:27)
    at async mapped (ext:deno_http/00_serve.ts:391:18) {
  name: "BadResource"
}
[serve-worker-14] BadResource: Cannot read body as underlying resource unavailable
    at ext:deno_fetch/22_body.js:170:19
    at eventLoopTick (ext:core/01_core.js:177:7)
    at async consumeBody (ext:deno_fetch/22_body.js:268:9)
    at async Object.fetch (file:///app/main.ts:132:27)
    at async mapped (ext:deno_http/00_serve.ts:391:18) {
  name: "BadResource"
}
[serve-worker-58] Http: error reading a body from connection
    at async readableStreamCollectIntoUint8Array (ext:deno_web/06_streams.js:1095:19)
    at async consumeBody (ext:deno_fetch/22_body.js:268:9)
    at async Object.fetch (file:///app/main.ts:125:40)
    at async mapped (ext:deno_http/00_serve.ts:391:18) {
  name: "Http"
}
[serve-worker-24] Http: error reading a body from connection
    at async readableStreamCollectIntoUint8Array (ext:deno_web/06_streams.js:1095:19)
    at async consumeBody (ext:deno_fetch/22_body.js:268:9)
    at async Object.fetch (file:///app/main.ts:125:40)
    at async mapped (ext:deno_http/00_serve.ts:391:18) {
  name: "Http"
}
[serve-worker-39] Http: error reading a body from connection
    at async readableStreamCollectIntoUint8Array (ext:deno_web/06_streams.js:1095:19)
    at async consumeBody (ext:deno_fetch/22_body.js:268:9)
    at async Object.fetch (file:///app/main.ts:125:40)
    at async mapped (ext:deno_http/00_serve.ts:391:18) {
  name: "Http"
}
[serve-worker-107] BadResource: Cannot read body as underlying resource unavailable
    at ext:deno_fetch/22_body.js:170:19
    at eventLoopTick (ext:core/01_core.js:177:7)
    at async consumeBody (ext:deno_fetch/22_body.js:268:9)
    at async Object.fetch (file:///app/main.ts:132:27)
    at async mapped (ext:deno_http/00_serve.ts:391:18) {
  name: "BadResource"
}
[serve-worker-54] Http: error reading a body from connection
    at async readableStreamCollectIntoUint8Array (ext:deno_web/06_streams.js:1095:19)
    at async consumeBody (ext:deno_fetch/22_body.js:268:9)
    at async Object.fetch (file:///app/main.ts:125:40)
    at async mapped (ext:deno_http/00_serve.ts:391:18) {
  name: "Http"
}
[serve-worker-72] BadResource: Cannot read body as underlying resource unavailable
    at ext:deno_fetch/22_body.js:170:19
    at eventLoopTick (ext:core/01_core.js:177:7)
    at async consumeBody (ext:deno_fetch/22_body.js:268:9)
    at async Object.fetch (file:///app/main.ts:132:27)
    at async mapped (ext:deno_http/00_serve.ts:391:18) {
  name: "BadResource"
}
[serve-worker-36] Http: error reading a body from connection
    at async readableStreamCollectIntoUint8Array (ext:deno_web/06_streams.js:1095:19)
    at async consumeBody (ext:deno_fetch/22_body.js:268:9)
    at async Object.fetch (file:///app/main.ts:125:40)
    at async mapped (ext:deno_http/00_serve.ts:391:18) {
  name: "Http"
}
[serve-worker-94] BadResource: Cannot read body as underlying resource unavailable
    at ext:deno_fetch/22_body.js:170:19
    at eventLoopTick (ext:core/01_core.js:177:7)
    at async consumeBody (ext:deno_fetch/22_body.js:268:9)
    at async Object.fetch (file:///app/main.ts:132:27)
    at async mapped (ext:deno_http/00_serve.ts:391:18) {
  name: "BadResource"
}
[serve-worker-101] Http: error reading a body from connection
    at async readableStreamCollectIntoUint8Array (ext:deno_web/06_streams.js:1095:19)
    at async consumeBody (ext:deno_fetch/22_body.js:268:9)
    at async Object.fetch (file:///app/main.ts:125:40)
    at async mapped (ext:deno_http/00_serve.ts:391:18) {
  name: "Http"
}
[serve-worker-68] Http: error reading a body from connection
    at async readableStreamCollectIntoUint8Array (ext:deno_web/06_streams.js:1095:19)
    at async consumeBody (ext:deno_fetch/22_body.js:268:9)
    at async Object.fetch (file:///app/main.ts:125:40)
    at async mapped (ext:deno_http/00_serve.ts:391:18) {
  name: "Http"
}
[serve-worker-6 ] BadResource: Cannot read body as underlying resource unavailable
    at ext:deno_fetch/22_body.js:170:19
    at eventLoopTick (ext:core/01_core.js:177:7)
    at async consumeBody (ext:deno_fetch/22_body.js:268:9)
    at async Object.fetch (file:///app/main.ts:132:27)
    at async mapped (ext:deno_http/00_serve.ts:391:18) {
  name: "BadResource"
}
[serve-worker-17] Http: error reading a body from connection
    at async readableStreamCollectIntoUint8Array (ext:deno_web/06_streams.js:1095:19)
    at async consumeBody (ext:deno_fetch/22_body.js:268:9)
    at async Object.fetch (file:///app/main.ts:125:40)
    at async mapped (ext:deno_http/00_serve.ts:391:18) {
  name: "Http"
}
[serve-worker-1 ] BadResource: Cannot read body as underlying resource unavailable
    at ext:deno_fetch/22_body.js:170:19
    at eventLoopTick (ext:core/01_core.js:177:7)
    at async consumeBody (ext:deno_fetch/22_body.js:268:9)
    at async Object.fetch (file:///app/main.ts:132:27)
    at async mapped (ext:deno_http/00_serve.ts:391:18) {
  name: "BadResource"
}
[serve-worker-18] Http: error reading a body from connection
    at async readableStreamCollectIntoUint8Array (ext:deno_web/06_streams.js:1095:19)
    at async consumeBody (ext:deno_fetch/22_body.js:268:9)
    at async Object.fetch (file:///app/main.ts:125:40)
    at async mapped (ext:deno_http/00_serve.ts:391:18) {
  name: "Http"
}
[serve-worker-92] Http: error reading a body from connection
    at async readableStreamCollectIntoUint8Array (ext:deno_web/06_streams.js:1095:19)
    at async consumeBody (ext:deno_fetch/22_body.js:268:9)
    at async Object.fetch (file:///app/main.ts:125:40)
    at async mapped (ext:deno_http/00_serve.ts:391:18) {
  name: "Http"
}
[serve-worker-25] Http: error reading a body from connection
    at async readableStreamCollectIntoUint8Array (ext:deno_web/06_streams.js:1095:19)
    at async consumeBody (ext:deno_fetch/22_body.js:268:9)
    at async Object.fetch (file:///app/main.ts:125:40)
    at async mapped (ext:deno_http/00_serve.ts:391:18) {
  name: "Http"
}
[serve-worker-99] Http: error reading a body from connection
    at async readableStreamCollectIntoUint8Array (ext:deno_web/06_streams.js:1095:19)
    at async consumeBody (ext:deno_fetch/22_body.js:268:9)
    at async Object.fetch (file:///app/main.ts:125:40)
    at async mapped (ext:deno_http/00_serve.ts:391:18) {
  name: "Http"
}
[serve-worker-65] Http: error reading a body from connection
    at async readableStreamCollectIntoUint8Array (ext:deno_web/06_streams.js:1095:19)
    at async consumeBody (ext:deno_fetch/22_body.js:268:9)
    at async Object.fetch (file:///app/main.ts:125:40)
    at async mapped (ext:deno_http/00_serve.ts:391:18) {
  name: "Http"
}
[serve-worker-42] BadResource: Cannot read body as underlying resource unavailable
    at ext:deno_fetch/22_body.js:170:19
    at eventLoopTick (ext:core/01_core.js:177:7)
    at async consumeBody (ext:deno_fetch/22_body.js:268:9)
    at async Object.fetch (file:///app/main.ts:132:27)
    at async mapped (ext:deno_http/00_serve.ts:391:18) {
  name: "BadResource"
}
[serve-worker-70] BadResource: Cannot read body as underlying resource unavailable
    at ext:deno_fetch/22_body.js:170:19
    at eventLoopTick (ext:core/01_core.js:177:7)
    at async consumeBody (ext:deno_fetch/22_body.js:268:9)
    at async Object.fetch (file:///app/main.ts:132:27)
    at async mapped (ext:deno_http/00_serve.ts:391:18) {
  name: "BadResource"
}
[serve-worker-10] BadResource: Cannot read body as underlying resource unavailable
    at ext:deno_fetch/22_body.js:170:19
    at eventLoopTick (ext:core/01_core.js:177:7)
    at async consumeBody (ext:deno_fetch/22_body.js:268:9)
    at async Object.fetch (file:///app/main.ts:132:27)
    at async mapped (ext:deno_http/00_serve.ts:391:18) {
  name: "BadResource"
}
[serve-worker-0 ] Http: error reading a body from connection
    at async readableStreamCollectIntoUint8Array (ext:deno_web/06_streams.js:1095:19)
    at async consumeBody (ext:deno_fetch/22_body.js:268:9)
    at async Object.fetch (file:///app/main.ts:125:40)
    at async mapped (ext:deno_http/00_serve.ts:391:18) {
  name: "Http"
}
[serve-worker-43] BadResource: Cannot read body as underlying resource unavailable
    at ext:deno_fetch/22_body.js:170:19
    at eventLoopTick (ext:core/01_core.js:177:7)
    at async consumeBody (ext:deno_fetch/22_body.js:268:9)
    at async Object.fetch (file:///app/main.ts:132:27)
    at async mapped (ext:deno_http/00_serve.ts:391:18) {
  name: "BadResource"
}
[serve-worker-124] BadResource: Cannot read body as underlying resource unavailable
    at ext:deno_fetch/22_body.js:170:19
    at eventLoopTick (ext:core/01_core.js:177:7)
    at async consumeBody (ext:deno_fetch/22_body.js:268:9)
    at async Object.fetch (file:///app/main.ts:132:27)
    at async mapped (ext:deno_http/00_serve.ts:391:18) {
  name: "BadResource"
}
[serve-worker-124] BadResource: Cannot read body as underlying resource unavailable
    at ext:deno_fetch/22_body.js:170:19
    at eventLoopTick (ext:core/01_core.js:177:7)
    at async consumeBody (ext:deno_fetch/22_body.js:268:9)
    at async Object.fetch (file:///app/main.ts:132:27)
    at async mapped (ext:deno_http/00_serve.ts:391:18) {
  name: "BadResource"
}
[serve-worker-50] Http: error reading a body from connection
    at async readableStreamCollectIntoUint8Array (ext:deno_web/06_streams.js:1095:19)
    at async consumeBody (ext:deno_fetch/22_body.js:268:9)
    at async Object.fetch (file:///app/main.ts:125:40)
    at async mapped (ext:deno_http/00_serve.ts:391:18) {
  name: "Http"
}
[serve-worker-91] BadResource: Cannot read body as underlying resource unavailable
    at ext:deno_fetch/22_body.js:170:19
    at eventLoopTick (ext:core/01_core.js:177:7)
    at async consumeBody (ext:deno_fetch/22_body.js:268:9)
    at async Object.fetch (file:///app/main.ts:132:27)
    at async mapped (ext:deno_http/00_serve.ts:391:18) {
  name: "BadResource"
}
[serve-worker-104] BadResource: Cannot read body as underlying resource unavailable
    at ext:deno_fetch/22_body.js:170:19
    at eventLoopTick (ext:core/01_core.js:177:7)
    at async consumeBody (ext:deno_fetch/22_body.js:268:9)
    at async Object.fetch (file:///app/main.ts:132:27)
    at async mapped (ext:deno_http/00_serve.ts:391:18) {
  name: "BadResource"
}
[serve-worker-104] BadResource: Cannot read body as underlying resource unavailable
    at ext:deno_fetch/22_body.js:170:19
    at eventLoopTick (ext:core/01_core.js:177:7)
    at async consumeBody (ext:deno_fetch/22_body.js:268:9)
    at async Object.fetch (file:///app/main.ts:132:27)
    at async mapped (ext:deno_http/00_serve.ts:391:18) {
  name: "BadResource"
}
[serve-worker-6 ] Http: error reading a body from connection
    at async readableStreamCollectIntoUint8Array (ext:deno_web/06_streams.js:1095:19)
    at async consumeBody (ext:deno_fetch/22_body.js:268:9)
    at async Object.fetch (file:///app/main.ts:125:40)
    at async mapped (ext:deno_http/00_serve.ts:391:18) {
  name: "Http"
}
[serve-worker-7 ] Http: error reading a body from connection
    at async readableStreamCollectIntoUint8Array (ext:deno_web/06_streams.js:1095:19)
    at async consumeBody (ext:deno_fetch/22_body.js:268:9)
    at async Object.fetch (file:///app/main.ts:125:40)
    at async mapped (ext:deno_http/00_serve.ts:391:18) {
  name: "Http"
}
[serve-worker-127] Http: error reading a body from connection
    at async readableStreamCollectIntoUint8Array (ext:deno_web/06_streams.js:1095:19)
    at async consumeBody (ext:deno_fetch/22_body.js:268:9)
    at async Object.fetch (file:///app/main.ts:125:40)
    at async mapped (ext:deno_http/00_serve.ts:391:18) {
  name: "Http"
}
[serve-worker-100] Http: error reading a body from connection
    at async readableStreamCollectIntoUint8Array (ext:deno_web/06_streams.js:1095:19)
    at async consumeBody (ext:deno_fetch/22_body.js:268:9)
    at async Object.fetch (file:///app/main.ts:125:40)
    at async mapped (ext:deno_http/00_serve.ts:391:18) {
  name: "Http"
}
[serve-worker-98] Http: error reading a body from connection
    at async readableStreamCollectIntoUint8Array (ext:deno_web/06_streams.js:1095:19)
    at async consumeBody (ext:deno_fetch/22_body.js:268:9)
    at async Object.fetch (file:///app/main.ts:125:40)
    at async mapped (ext:deno_http/00_serve.ts:391:18) {
  name: "Http"
}
[serve-worker-71] Http: error reading a body from connection
    at async readableStreamCollectIntoUint8Array (ext:deno_web/06_streams.js:1095:19)
    at async consumeBody (ext:deno_fetch/22_body.js:268:9)
    at async Object.fetch (file:///app/main.ts:125:40)
    at async mapped (ext:deno_http/00_serve.ts:391:18) {
  name: "Http"
}
[serve-worker-39] Http: error reading a body from connection
    at async readableStreamCollectIntoUint8Array (ext:deno_web/06_streams.js:1095:19)
    at async consumeBody (ext:deno_fetch/22_body.js:268:9)
    at async Object.fetch (file:///app/main.ts:125:40)
    at async mapped (ext:deno_http/00_serve.ts:391:18) {
  name: "Http"
}
[serve-worker-107] BadResource: Cannot read body as underlying resource unavailable
    at ext:deno_fetch/22_body.js:170:19
    at eventLoopTick (ext:core/01_core.js:177:7)
    at async consumeBody (ext:deno_fetch/22_body.js:268:9)
    at async Object.fetch (file:///app/main.ts:132:27)
    at async mapped (ext:deno_http/00_serve.ts:391:18) {
  name: "BadResource"
}
[serve-worker-4 ] Http: error reading a body from connection
    at async readableStreamCollectIntoUint8Array (ext:deno_web/06_streams.js:1095:19)
    at async consumeBody (ext:deno_fetch/22_body.js:268:9)
    at async Object.fetch (file:///app/main.ts:125:40)
    at async mapped (ext:deno_http/00_serve.ts:391:18) {
  name: "Http"
}
[serve-worker-64] BadResource: Cannot read body as underlying resource unavailable
    at ext:deno_fetch/22_body.js:170:19
    at eventLoopTick (ext:core/01_core.js:177:7)
    at async consumeBody (ext:deno_fetch/22_body.js:268:9)
    at async Object.fetch (file:///app/main.ts:132:27)
    at async mapped (ext:deno_http/00_serve.ts:391:18) {
  name: "BadResource"
}
[serve-worker-99] Http: error reading a body from connection
    at async readableStreamCollectIntoUint8Array (ext:deno_web/06_streams.js:1095:19)
    at async consumeBody (ext:deno_fetch/22_body.js:268:9)
    at async Object.fetch (file:///app/main.ts:125:40)
    at async mapped (ext:deno_http/00_serve.ts:391:18) {
  name: "Http"
}
[serve-worker-31] Http: error reading a body from connection
    at async readableStreamCollectIntoUint8Array (ext:deno_web/06_streams.js:1095:19)
    at async consumeBody (ext:deno_fetch/22_body.js:268:9)
    at async Object.fetch (file:///app/main.ts:125:40)
    at async mapped (ext:deno_http/00_serve.ts:391:18) {
  name: "Http"
}
[serve-worker-20] BadResource: Cannot read body as underlying resource unavailable
    at ext:deno_fetch/22_body.js:170:19
    at eventLoopTick (ext:core/01_core.js:177:7)
    at async consumeBody (ext:deno_fetch/22_body.js:268:9)
    at async Object.fetch (file:///app/main.ts:132:27)
    at async mapped (ext:deno_http/00_serve.ts:391:18) {
  name: "BadResource"
}
[serve-worker-31] Http: error reading a body from connection
    at async readableStreamCollectIntoUint8Array (ext:deno_web/06_streams.js:1095:19)
    at async consumeBody (ext:deno_fetch/22_body.js:268:9)
    at async Object.fetch (file:///app/main.ts:125:40)
    at async mapped (ext:deno_http/00_serve.ts:391:18) {
  name: "Http"
}
[serve-worker-20] BadResource: Cannot read body as underlying resource unavailable
    at ext:deno_fetch/22_body.js:170:19
    at eventLoopTick (ext:core/01_core.js:177:7)
    at async consumeBody (ext:deno_fetch/22_body.js:268:9)
    at async Object.fetch (file:///app/main.ts:132:27)
    at async mapped (ext:deno_http/00_serve.ts:391:18) {
  name: "BadResource"
}
[serve-worker-20] BadResource: Cannot read body as underlying resource unavailable
    at ext:deno_fetch/22_body.js:170:19
    at eventLoopTick (ext:core/01_core.js:177:7)
    at async consumeBody (ext:deno_fetch/22_body.js:268:9)
    at async Object.fetch (file:///app/main.ts:132:27)
    at async mapped (ext:deno_http/00_serve.ts:391:18) {
  name: "BadResource"
}
[serve-worker-39] BadResource: Cannot read body as underlying resource unavailable
    at ext:deno_fetch/22_body.js:170:19
    at eventLoopTick (ext:core/01_core.js:177:7)
    at async consumeBody (ext:deno_fetch/22_body.js:268:9)
    at async Object.fetch (file:///app/main.ts:132:27)
    at async mapped (ext:deno_http/00_serve.ts:391:18) {
  name: "BadResource"
}
[serve-worker-39] BadResource: Cannot read body as underlying resource unavailable
    at ext:deno_fetch/22_body.js:170:19
    at eventLoopTick (ext:core/01_core.js:177:7)
    at async consumeBody (ext:deno_fetch/22_body.js:268:9)
    at async Object.fetch (file:///app/main.ts:132:27)
    at async mapped (ext:deno_http/00_serve.ts:391:18) {
  name: "BadResource"
}
[serve-worker-107] Http: error reading a body from connection
    at async readableStreamCollectIntoUint8Array (ext:deno_web/06_streams.js:1095:19)
    at async consumeBody (ext:deno_fetch/22_body.js:268:9)
    at async Object.fetch (file:///app/main.ts:125:40)
    at async mapped (ext:deno_http/00_serve.ts:391:18) {
  name: "Http"
}
[serve-worker-39] Http: error reading a body from connection
    at async readableStreamCollectIntoUint8Array (ext:deno_web/06_streams.js:1095:19)
    at async consumeBody (ext:deno_fetch/22_body.js:268:9)
    at async Object.fetch (file:///app/main.ts:125:40)
    at async mapped (ext:deno_http/00_serve.ts:391:18) {
  name: "Http"
}
[serve-worker-15] Http: error reading a body from connection
    at async readableStreamCollectIntoUint8Array (ext:deno_web/06_streams.js:1095:19)
    at async consumeBody (ext:deno_fetch/22_body.js:268:9)
    at async Object.fetch (file:///app/main.ts:125:40)
    at async mapped (ext:deno_http/00_serve.ts:391:18) {
  name: "Http"
}
[serve-worker-15] Http: error reading a body from connection
    at async readableStreamCollectIntoUint8Array (ext:deno_web/06_streams.js:1095:19)
    at async consumeBody (ext:deno_fetch/22_body.js:268:9)
    at async Object.fetch (file:///app/main.ts:125:40)
    at async mapped (ext:deno_http/00_serve.ts:391:18) {
  name: "Http"
}
[serve-worker-15] Http: error reading a body from connection
    at async readableStreamCollectIntoUint8Array (ext:deno_web/06_streams.js:1095:19)
    at async consumeBody (ext:deno_fetch/22_body.js:268:9)
    at async Object.fetch (file:///app/main.ts:125:40)
    at async mapped (ext:deno_http/00_serve.ts:391:18) {
  name: "Http"
}
[serve-worker-57] Http: error reading a body from connection
    at async readableStreamCollectIntoUint8Array (ext:deno_web/06_streams.js:1095:19)
    at async consumeBody (ext:deno_fetch/22_body.js:268:9)
    at async Object.fetch (file:///app/main.ts:125:40)
    at async mapped (ext:deno_http/00_serve.ts:391:18) {
  name: "Http"
}
[serve-worker-98] Http: error reading a body from connection
    at async readableStreamCollectIntoUint8Array (ext:deno_web/06_streams.js:1095:19)
    at async consumeBody (ext:deno_fetch/22_body.js:268:9)
    at async Object.fetch (file:///app/main.ts:125:40)
    at async mapped (ext:deno_http/00_serve.ts:391:18) {
  name: "Http"
}
[serve-worker-101] Http: error reading a body from connection
    at async readableStreamCollectIntoUint8Array (ext:deno_web/06_streams.js:1095:19)
    at async consumeBody (ext:deno_fetch/22_body.js:268:9)
    at async Object.fetch (file:///app/main.ts:125:40)
    at async mapped (ext:deno_http/00_serve.ts:391:18) {
  name: "Http"
}
[serve-worker-49] Http: error reading a body from connection
    at async readableStreamCollectIntoUint8Array (ext:deno_web/06_streams.js:1095:19)
    at async consumeBody (ext:deno_fetch/22_body.js:268:9)
    at async Object.fetch (file:///app/main.ts:125:40)
    at async mapped (ext:deno_http/00_serve.ts:391:18) {
  name: "Http"
}
[serve-worker-85] BadResource: Cannot read body as underlying resource unavailable
    at ext:deno_fetch/22_body.js:170:19
    at eventLoopTick (ext:core/01_core.js:177:7)
    at async consumeBody (ext:deno_fetch/22_body.js:268:9)
    at async Object.fetch (file:///app/main.ts:132:27)
    at async mapped (ext:deno_http/00_serve.ts:391:18) {
  name: "BadResource"
}
[serve-worker-105] Http: error reading a body from connection
    at async readableStreamCollectIntoUint8Array (ext:deno_web/06_streams.js:1095:19)
    at async consumeBody (ext:deno_fetch/22_body.js:268:9)
    at async Object.fetch (file:///app/main.ts:125:40)
    at async mapped (ext:deno_http/00_serve.ts:391:18) {
  name: "Http"
}
[serve-worker-48] Http: error reading a body from connection
    at async readableStreamCollectIntoUint8Array (ext:deno_web/06_streams.js:1095:19)
    at async consumeBody (ext:deno_fetch/22_body.js:268:9)
    at async Object.fetch (file:///app/main.ts:125:40)
    at async mapped (ext:deno_http/00_serve.ts:391:18) {
  name: "Http"
}
[serve-worker-20] Http: error reading a body from connection
    at async readableStreamCollectIntoUint8Array (ext:deno_web/06_streams.js:1095:19)
    at async consumeBody (ext:deno_fetch/22_body.js:268:9)
    at async Object.fetch (file:///app/main.ts:125:40)
    at async mapped (ext:deno_http/00_serve.ts:391:18) {
  name: "Http"
}
[serve-worker-10] Http: error reading a body from connection
    at async readableStreamCollectIntoUint8Array (ext:deno_web/06_streams.js:1095:19)
    at async consumeBody (ext:deno_fetch/22_body.js:268:9)
    at async Object.fetch (file:///app/main.ts:125:40)
    at async mapped (ext:deno_http/00_serve.ts:391:18) {
  name: "Http"
}
[serve-worker-20] Http: error reading a body from connection
    at async readableStreamCollectIntoUint8Array (ext:deno_web/06_streams.js:1095:19)
    at async consumeBody (ext:deno_fetch/22_body.js:268:9)
    at async Object.fetch (file:///app/main.ts:125:40)
    at async mapped (ext:deno_http/00_serve.ts:391:18) {
  name: "Http"
}
[serve-worker-6 ] Http: error reading a body from connection
    at async readableStreamCollectIntoUint8Array (ext:deno_web/06_streams.js:1095:19)
    at async consumeBody (ext:deno_fetch/22_body.js:268:9)
    at async Object.fetch (file:///app/main.ts:125:40)
    at async mapped (ext:deno_http/00_serve.ts:391:18) {
  name: "Http"
}
[serve-worker-43] Http: error reading a body from connection
    at async readableStreamCollectIntoUint8Array (ext:deno_web/06_streams.js:1095:19)
    at async consumeBody (ext:deno_fetch/22_body.js:268:9)
    at async Object.fetch (file:///app/main.ts:125:40)
    at async mapped (ext:deno_http/00_serve.ts:391:18) {
  name: "Http"
}
[serve-worker-65] Http: error reading a body from connection
    at async readableStreamCollectIntoUint8Array (ext:deno_web/06_streams.js:1095:19)
    at async consumeBody (ext:deno_fetch/22_body.js:268:9)
    at async Object.fetch (file:///app/main.ts:125:40)
    at async mapped (ext:deno_http/00_serve.ts:391:18) {
  name: "Http"
}
[serve-worker-109] Http: error reading a body from connection
    at async readableStreamCollectIntoUint8Array (ext:deno_web/06_streams.js:1095:19)
    at async consumeBody (ext:deno_fetch/22_body.js:268:9)
    at async Object.fetch (file:///app/main.ts:125:40)
    at async mapped (ext:deno_http/00_serve.ts:391:18) {
  name: "Http"
}
[serve-worker-7 ] Http: error reading a body from connection
    at async readableStreamCollectIntoUint8Array (ext:deno_web/06_streams.js:1095:19)
    at async consumeBody (ext:deno_fetch/22_body.js:268:9)
    at async Object.fetch (file:///app/main.ts:125:40)
    at async mapped (ext:deno_http/00_serve.ts:391:18) {
  name: "Http"
}
[serve-worker-65] Http: error reading a body from connection
    at async readableStreamCollectIntoUint8Array (ext:deno_web/06_streams.js:1095:19)
    at async consumeBody (ext:deno_fetch/22_body.js:268:9)
    at async Object.fetch (file:///app/main.ts:125:40)
    at async mapped (ext:deno_http/00_serve.ts:391:18) {
  name: "Http"
}
[serve-worker-97] BadResource: Cannot read body as underlying resource unavailable
    at ext:deno_fetch/22_body.js:170:19
    at eventLoopTick (ext:core/01_core.js:177:7)
    at async consumeBody (ext:deno_fetch/22_body.js:268:9)
    at async Object.fetch (file:///app/main.ts:132:27)
    at async mapped (ext:deno_http/00_serve.ts:391:18) {
  name: "BadResource"
}
[serve-worker-103] Http: error reading a body from connection
    at async readableStreamCollectIntoUint8Array (ext:deno_web/06_streams.js:1095:19)
    at async consumeBody (ext:deno_fetch/22_body.js:268:9)
    at async Object.fetch (file:///app/main.ts:125:40)
    at async mapped (ext:deno_http/00_serve.ts:391:18) {
  name: "Http"
}
[serve-worker-20] Http: error reading a body from connection
    at async readableStreamCollectIntoUint8Array (ext:deno_web/06_streams.js:1095:19)
    at async consumeBody (ext:deno_fetch/22_body.js:268:9)
    at async Object.fetch (file:///app/main.ts:125:40)
    at async mapped (ext:deno_http/00_serve.ts:391:18) {
  name: "Http"
}
[serve-worker-53] Http: error reading a body from connection
    at async readableStreamCollectIntoUint8Array (ext:deno_web/06_streams.js:1095:19)
    at async consumeBody (ext:deno_fetch/22_body.js:268:9)
    at async Object.fetch (file:///app/main.ts:125:40)
    at async mapped (ext:deno_http/00_serve.ts:391:18) {
  name: "Http"
}
[serve-worker-100] Http: error reading a body from connection
    at async readableStreamCollectIntoUint8Array (ext:deno_web/06_streams.js:1095:19)
    at async consumeBody (ext:deno_fetch/22_body.js:268:9)
    at async Object.fetch (file:///app/main.ts:125:40)
    at async mapped (ext:deno_http/00_serve.ts:391:18) {
  name: "Http"
}
[serve-worker-124] Http: error reading a body from connection
    at async readableStreamCollectIntoUint8Array (ext:deno_web/06_streams.js:1095:19)
    at async consumeBody (ext:deno_fetch/22_body.js:268:9)
    at async Object.fetch (file:///app/main.ts:125:40)
    at async mapped (ext:deno_http/00_serve.ts:391:18) {
  name: "Http"
}
[serve-worker-100] Http: error reading a body from connection
    at async readableStreamCollectIntoUint8Array (ext:deno_web/06_streams.js:1095:19)
    at async consumeBody (ext:deno_fetch/22_body.js:268:9)
    at async Object.fetch (file:///app/main.ts:125:40)
    at async mapped (ext:deno_http/00_serve.ts:391:18) {
  name: "Http"
}
[serve-worker-7 ] Http: error reading a body from connection
    at async readableStreamCollectIntoUint8Array (ext:deno_web/06_streams.js:1095:19)
    at async consumeBody (ext:deno_fetch/22_body.js:268:9)
    at async Object.fetch (file:///app/main.ts:125:40)
    at async mapped (ext:deno_http/00_serve.ts:391:18) {
  name: "Http"
}
[serve-worker-124] Http: error reading a body from connection
    at async readableStreamCollectIntoUint8Array (ext:deno_web/06_streams.js:1095:19)
    at async consumeBody (ext:deno_fetch/22_body.js:268:9)
    at async Object.fetch (file:///app/main.ts:125:40)
    at async mapped (ext:deno_http/00_serve.ts:391:18) {
  name: "Http"
}
[serve-worker-124] Http: error reading a body from connection
    at async readableStreamCollectIntoUint8Array (ext:deno_web/06_streams.js:1095:19)
    at async consumeBody (ext:deno_fetch/22_body.js:268:9)
    at async Object.fetch (file:///app/main.ts:125:40)
    at async mapped (ext:deno_http/00_serve.ts:391:18) {
  name: "Http"
}
[serve-worker-74] Http: error reading a body from connection
    at async readableStreamCollectIntoUint8Array (ext:deno_web/06_streams.js:1095:19)
    at async consumeBody (ext:deno_fetch/22_body.js:268:9)
    at async Object.fetch (file:///app/main.ts:125:40)
    at async mapped (ext:deno_http/00_serve.ts:391:18) {
  name: "Http"
}
[serve-worker-87] Http: error reading a body from connection
    at async readableStreamCollectIntoUint8Array (ext:deno_web/06_streams.js:1095:19)
    at async consumeBody (ext:deno_fetch/22_body.js:268:9)
    at async Object.fetch (file:///app/main.ts:125:40)
    at async mapped (ext:deno_http/00_serve.ts:391:18) {
  name: "Http"
}
[serve-worker-43] Http: error reading a body from connection
    at async readableStreamCollectIntoUint8Array (ext:deno_web/06_streams.js:1095:19)
    at async consumeBody (ext:deno_fetch/22_body.js:268:9)
    at async Object.fetch (file:///app/main.ts:125:40)
    at async mapped (ext:deno_http/00_serve.ts:391:18) {
  name: "Http"
}
[serve-worker-46] Http: error reading a body from connection
    at async readableStreamCollectIntoUint8Array (ext:deno_web/06_streams.js:1095:19)
    at async consumeBody (ext:deno_fetch/22_body.js:268:9)
    at async Object.fetch (file:///app/main.ts:125:40)
    at async mapped (ext:deno_http/00_serve.ts:391:18) {
  name: "Http"
}
[serve-worker-77] Http: error reading a body from connection
    at async readableStreamCollectIntoUint8Array (ext:deno_web/06_streams.js:1095:19)
    at async consumeBody (ext:deno_fetch/22_body.js:268:9)
    at async Object.fetch (file:///app/main.ts:125:40)
    at async mapped (ext:deno_http/00_serve.ts:391:18) {
  name: "Http"
}
[serve-worker-77] BadResource: Cannot read body as underlying resource unavailable
    at ext:deno_fetch/22_body.js:170:19
    at eventLoopTick (ext:core/01_core.js:177:7)
    at async consumeBody (ext:deno_fetch/22_body.js:268:9)
    at async Object.fetch (file:///app/main.ts:132:27)
    at async mapped (ext:deno_http/00_serve.ts:391:18) {
  name: "BadResource"
}
[serve-worker-87] Http: error reading a body from connection
    at async readableStreamCollectIntoUint8Array (ext:deno_web/06_streams.js:1095:19)
    at async consumeBody (ext:deno_fetch/22_body.js:268:9)
    at async Object.fetch (file:///app/main.ts:125:40)
    at async mapped (ext:deno_http/00_serve.ts:391:18) {
  name: "Http"
}
[serve-worker-36] Http: error reading a body from connection
    at async readableStreamCollectIntoUint8Array (ext:deno_web/06_streams.js:1095:19)
    at async consumeBody (ext:deno_fetch/22_body.js:268:9)
    at async Object.fetch (file:///app/main.ts:125:40)
    at async mapped (ext:deno_http/00_serve.ts:391:18) {
  name: "Http"
}
[serve-worker-94] BadResource: Cannot read body as underlying resource unavailable
    at ext:deno_fetch/22_body.js:170:19
    at eventLoopTick (ext:core/01_core.js:177:7)
    at async consumeBody (ext:deno_fetch/22_body.js:268:9)
    at async Object.fetch (file:///app/main.ts:132:27)
    at async mapped (ext:deno_http/00_serve.ts:391:18) {
  name: "BadResource"
}
[serve-worker-5 ] Http: error reading a body from connection
    at async readableStreamCollectIntoUint8Array (ext:deno_web/06_streams.js:1095:19)
    at async consumeBody (ext:deno_fetch/22_body.js:268:9)
    at async Object.fetch (file:///app/main.ts:125:40)
    at async mapped (ext:deno_http/00_serve.ts:391:18) {
  name: "Http"
}
[serve-worker-3 ] Http: error reading a body from connection
    at async readableStreamCollectIntoUint8Array (ext:deno_web/06_streams.js:1095:19)
    at async consumeBody (ext:deno_fetch/22_body.js:268:9)
    at async Object.fetch (file:///app/main.ts:125:40)
    at async mapped (ext:deno_http/00_serve.ts:391:18) {
  name: "Http"
}
[serve-worker-43] Http: error reading a body from connection
    at async readableStreamCollectIntoUint8Array (ext:deno_web/06_streams.js:1095:19)
    at async consumeBody (ext:deno_fetch/22_body.js:268:9)
    at async Object.fetch (file:///app/main.ts:125:40)
    at async mapped (ext:deno_http/00_serve.ts:391:18) {
  name: "Http"
}
[serve-worker-43] Http: error reading a body from connection
    at async readableStreamCollectIntoUint8Array (ext:deno_web/06_streams.js:1095:19)
    at async consumeBody (ext:deno_fetch/22_body.js:268:9)
    at async Object.fetch (file:///app/main.ts:125:40)
    at async mapped (ext:deno_http/00_serve.ts:391:18) {
  name: "Http"
}
[serve-worker-77] BadResource: Cannot read body as underlying resource unavailable
    at ext:deno_fetch/22_body.js:170:19
    at eventLoopTick (ext:core/01_core.js:177:7)
    at async consumeBody (ext:deno_fetch/22_body.js:268:9)
    at async Object.fetch (file:///app/main.ts:132:27)
    at async mapped (ext:deno_http/00_serve.ts:391:18) {
  name: "BadResource"
}
[serve-worker-41] Http: error reading a body from connection
    at async readableStreamCollectIntoUint8Array (ext:deno_web/06_streams.js:1095:19)
    at async consumeBody (ext:deno_fetch/22_body.js:268:9)
    at async Object.fetch (file:///app/main.ts:125:40)
    at async mapped (ext:deno_http/00_serve.ts:391:18) {
  name: "Http"
}
[serve-worker-41] BadResource: Cannot read body as underlying resource unavailable
    at ext:deno_fetch/22_body.js:170:19
    at eventLoopTick (ext:core/01_core.js:177:7)
    at async consumeBody (ext:deno_fetch/22_body.js:268:9)
    at async Object.fetch (file:///app/main.ts:132:27)
    at async mapped (ext:deno_http/00_serve.ts:391:18) {
  name: "BadResource"
}
[serve-worker-41] Http: error reading a body from connection
    at async readableStreamCollectIntoUint8Array (ext:deno_web/06_streams.js:1095:19)
    at async consumeBody (ext:deno_fetch/22_body.js:268:9)
    at async Object.fetch (file:///app/main.ts:125:40)
    at async mapped (ext:deno_http/00_serve.ts:391:18) {
  name: "Http"
}
[serve-worker-41] Http: error reading a body from connection
    at async readableStreamCollectIntoUint8Array (ext:deno_web/06_streams.js:1095:19)
    at async consumeBody (ext:deno_fetch/22_body.js:268:9)
    at async Object.fetch (file:///app/main.ts:125:40)
    at async mapped (ext:deno_http/00_serve.ts:391:18) {
  name: "Http"
}
[serve-worker-97] Http: error reading a body from connection
    at async readableStreamCollectIntoUint8Array (ext:deno_web/06_streams.js:1095:19)
    at async consumeBody (ext:deno_fetch/22_body.js:268:9)
    at async Object.fetch (file:///app/main.ts:125:40)
    at async mapped (ext:deno_http/00_serve.ts:391:18) {
  name: "Http"
}
[serve-worker-97] Http: error reading a body from connection
    at async readableStreamCollectIntoUint8Array (ext:deno_web/06_streams.js:1095:19)
    at async consumeBody (ext:deno_fetch/22_body.js:268:9)
    at async Object.fetch (file:///app/main.ts:125:40)
    at async mapped (ext:deno_http/00_serve.ts:391:18) {
  name: "Http"
}
[serve-worker-97] Http: error reading a body from connection
    at async readableStreamCollectIntoUint8Array (ext:deno_web/06_streams.js:1095:19)
    at async consumeBody (ext:deno_fetch/22_body.js:268:9)
    at async Object.fetch (file:///app/main.ts:125:40)
    at async mapped (ext:deno_http/00_serve.ts:391:18) {
  name: "Http"
}
[serve-worker-30] Http: error reading a body from connection
    at async readableStreamCollectIntoUint8Array (ext:deno_web/06_streams.js:1095:19)
    at async consumeBody (ext:deno_fetch/22_body.js:268:9)
    at async Object.fetch (file:///app/main.ts:125:40)
    at async mapped (ext:deno_http/00_serve.ts:391:18) {
  name: "Http"
}
[serve-worker-30] Http: error reading a body from connection
    at async readableStreamCollectIntoUint8Array (ext:deno_web/06_streams.js:1095:19)
    at async consumeBody (ext:deno_fetch/22_body.js:268:9)
    at async Object.fetch (file:///app/main.ts:125:40)
    at async mapped (ext:deno_http/00_serve.ts:391:18) {
  name: "Http"
}
[serve-worker-3 ] Http: error reading a body from connection
    at async readableStreamCollectIntoUint8Array (ext:deno_web/06_streams.js:1095:19)
    at async consumeBody (ext:deno_fetch/22_body.js:268:9)
    at async Object.fetch (file:///app/main.ts:125:40)
    at async mapped (ext:deno_http/00_serve.ts:391:18) {
  name: "Http"
}
[serve-worker-3 ] Http: error reading a body from connection
    at async readableStreamCollectIntoUint8Array (ext:deno_web/06_streams.js:1095:19)
    at async consumeBody (ext:deno_fetch/22_body.js:268:9)
    at async Object.fetch (file:///app/main.ts:125:40)
    at async mapped (ext:deno_http/00_serve.ts:391:18) {
  name: "Http"
}
[serve-worker-3 ] Http: error reading a body from connection
    at async readableStreamCollectIntoUint8Array (ext:deno_web/06_streams.js:1095:19)
    at async consumeBody (ext:deno_fetch/22_body.js:268:9)
    at async Object.fetch (file:///app/main.ts:125:40)
    at async mapped (ext:deno_http/00_serve.ts:391:18) {
  name: "Http"
}
[serve-worker-3 ] Http: error reading a body from connection
    at async readableStreamCollectIntoUint8Array (ext:deno_web/06_streams.js:1095:19)
    at async consumeBody (ext:deno_fetch/22_body.js:268:9)
    at async Object.fetch (file:///app/main.ts:125:40)
    at async mapped (ext:deno_http/00_serve.ts:391:18) {
  name: "Http"
}
[serve-worker-30] Http: error reading a body from connection
    at async readableStreamCollectIntoUint8Array (ext:deno_web/06_streams.js:1095:19)
    at async consumeBody (ext:deno_fetch/22_body.js:268:9)
    at async Object.fetch (file:///app/main.ts:125:40)
    at async mapped (ext:deno_http/00_serve.ts:391:18) {
  name: "Http"
}
