[1] Puma starting in cluster mode...
[1] * Puma version: 7.2.0 ("On The Corner")
[1] * Ruby version: ruby 4.0.2 (2026-03-17 revision d3da9fec82) +YJIT +MN +PRISM [x86_64-linux]
[1] *  Min threads: 3
[1] *  Max threads: 3
[1] *  Environment: production
[1] *   Master PID: 1
[1] *      Workers: 128
[1] *     Restarts: (✔) hot (✖) phased (✖) refork
[1] * Preloading application
[1] * Listening on http://0.0.0.0:8080
[1] Use Ctrl-C to stop
[1] ! WARNING: Detected `RUBY_MN_THREADS=1`
[1] ! This setting is known to cause performance regressions with Puma.
[1] ! Consider disabling this environment variable: https://github.com/puma/puma/issues/3720
[1] - Worker 0 (PID: 8) booted in 0.45s, phase: 0
[1] - Worker 1 (PID: 12) booted in 0.44s, phase: 0
[1] - Worker 2 (PID: 16) booted in 0.44s, phase: 0
[1] - Worker 3 (PID: 20) booted in 0.44s, phase: 0
[1] - Worker 4 (PID: 25) booted in 0.43s, phase: 0
[1] - Worker 5 (PID: 31) booted in 0.43s, phase: 0
[1] - Worker 6 (PID: 37) booted in 0.43s, phase: 0
[1] - Worker 7 (PID: 41) booted in 0.42s, phase: 0
[1] - Worker 8 (PID: 47) booted in 0.42s, phase: 0
[1] - Worker 9 (PID: 53) booted in 0.42s, phase: 0
[1] - Worker 10 (PID: 58) booted in 0.42s, phase: 0
[1] - Worker 11 (PID: 63) booted in 0.41s, phase: 0
[1] - Worker 12 (PID: 71) booted in 0.41s, phase: 0
[1] - Worker 13 (PID: 78) booted in 0.4s, phase: 0
[1] - Worker 14 (PID: 87) booted in 0.4s, phase: 0
[1] - Worker 15 (PID: 94) booted in 0.39s, phase: 0
[1] - Worker 16 (PID: 98) booted in 0.39s, phase: 0
[1] - Worker 17 (PID: 103) booted in 0.39s, phase: 0
[1] - Worker 18 (PID: 109) booted in 0.39s, phase: 0
[1] - Worker 19 (PID: 113) booted in 0.39s, phase: 0
[1] - Worker 20 (PID: 118) booted in 0.38s, phase: 0
[1] - Worker 21 (PID: 123) booted in 0.38s, phase: 0
[1] - Worker 22 (PID: 130) booted in 0.38s, phase: 0
[1] - Worker 23 (PID: 136) booted in 0.38s, phase: 0
[1] - Worker 24 (PID: 142) booted in 0.37s, phase: 0
[1] - Worker 25 (PID: 148) booted in 0.37s, phase: 0
[1] - Worker 26 (PID: 155) booted in 0.37s, phase: 0
[1] - Worker 27 (PID: 161) booted in 0.36s, phase: 0
[1] - Worker 28 (PID: 167) booted in 0.36s, phase: 0
[1] - Worker 29 (PID: 173) booted in 0.36s, phase: 0
[1] - Worker 30 (PID: 181) booted in 0.35s, phase: 0
[1] - Worker 31 (PID: 187) booted in 0.35s, phase: 0
[1] - Worker 32 (PID: 191) booted in 0.35s, phase: 0
[1] - Worker 33 (PID: 198) booted in 0.35s, phase: 0
[1] - Worker 34 (PID: 204) booted in 0.34s, phase: 0
[1] - Worker 35 (PID: 210) booted in 0.34s, phase: 0
[1] - Worker 36 (PID: 216) booted in 0.34s, phase: 0
[1] - Worker 37 (PID: 223) booted in 0.33s, phase: 0
[1] - Worker 38 (PID: 228) booted in 0.33s, phase: 0
[1] - Worker 39 (PID: 235) booted in 0.32s, phase: 0
[1] - Worker 40 (PID: 241) booted in 0.32s, phase: 0
[1] - Worker 41 (PID: 247) booted in 0.31s, phase: 0
[1] - Worker 42 (PID: 253) booted in 0.31s, phase: 0
[1] - Worker 43 (PID: 258) booted in 0.31s, phase: 0
[1] - Worker 44 (PID: 264) booted in 0.3s, phase: 0
[1] - Worker 45 (PID: 269) booted in 0.3s, phase: 0
[1] - Worker 46 (PID: 275) booted in 0.3s, phase: 0
[1] - Worker 47 (PID: 282) booted in 0.29s, phase: 0
[1] - Worker 48 (PID: 288) booted in 0.29s, phase: 0
[1] - Worker 49 (PID: 295) booted in 0.28s, phase: 0
[1] - Worker 50 (PID: 300) booted in 0.28s, phase: 0
[1] - Worker 51 (PID: 306) booted in 0.28s, phase: 0
[1] - Worker 52 (PID: 311) booted in 0.28s, phase: 0
[1] - Worker 53 (PID: 316) booted in 0.27s, phase: 0
[1] - Worker 54 (PID: 322) booted in 0.27s, phase: 0
[1] - Worker 55 (PID: 328) booted in 0.27s, phase: 0
[1] - Worker 56 (PID: 334) booted in 0.26s, phase: 0
[1] - Worker 57 (PID: 339) booted in 0.26s, phase: 0
[1] - Worker 58 (PID: 346) booted in 0.26s, phase: 0
[1] - Worker 59 (PID: 353) booted in 0.25s, phase: 0
[1] - Worker 60 (PID: 359) booted in 0.25s, phase: 0
[1] - Worker 61 (PID: 365) booted in 0.25s, phase: 0
[1] - Worker 62 (PID: 369) booted in 0.25s, phase: 0
[1] - Worker 63 (PID: 375) booted in 0.24s, phase: 0
[1] - Worker 64 (PID: 381) booted in 0.24s, phase: 0
[1] - Worker 65 (PID: 387) booted in 0.24s, phase: 0
[1] - Worker 66 (PID: 392) booted in 0.24s, phase: 0
[1] - Worker 67 (PID: 398) booted in 0.23s, phase: 0
[1] - Worker 68 (PID: 404) booted in 0.23s, phase: 0
[1] - Worker 69 (PID: 410) booted in 0.23s, phase: 0
[1] - Worker 70 (PID: 415) booted in 0.23s, phase: 0
[1] - Worker 71 (PID: 422) booted in 0.22s, phase: 0
[1] - Worker 72 (PID: 428) booted in 0.22s, phase: 0
[1] - Worker 73 (PID: 434) booted in 0.22s, phase: 0
[1] - Worker 74 (PID: 439) booted in 0.22s, phase: 0
[1] - Worker 75 (PID: 445) booted in 0.22s, phase: 0
[1] - Worker 76 (PID: 452) booted in 0.22s, phase: 0
[1] - Worker 77 (PID: 458) booted in 0.22s, phase: 0
[1] - Worker 78 (PID: 465) booted in 0.22s, phase: 0
[1] - Worker 79 (PID: 473) booted in 0.21s, phase: 0
[1] - Worker 80 (PID: 480) booted in 0.21s, phase: 0
[1] - Worker 81 (PID: 487) booted in 0.21s, phase: 0
[1] - Worker 82 (PID: 494) booted in 0.2s, phase: 0
[1] - Worker 83 (PID: 499) booted in 0.2s, phase: 0
[1] - Worker 84 (PID: 504) booted in 0.2s, phase: 0
[1] - Worker 85 (PID: 509) booted in 0.19s, phase: 0
[1] - Worker 86 (PID: 514) booted in 0.19s, phase: 0
[1] - Worker 87 (PID: 520) booted in 0.19s, phase: 0
[1] - Worker 88 (PID: 525) booted in 0.19s, phase: 0
[1] - Worker 89 (PID: 531) booted in 0.18s, phase: 0
[1] - Worker 90 (PID: 537) booted in 0.18s, phase: 0
[1] - Worker 91 (PID: 544) booted in 0.18s, phase: 0
[1] - Worker 92 (PID: 550) booted in 0.17s, phase: 0
[1] - Worker 93 (PID: 558) booted in 0.17s, phase: 0
[1] - Worker 94 (PID: 562) booted in 0.17s, phase: 0
[1] - Worker 95 (PID: 569) booted in 0.16s, phase: 0
[1] - Worker 96 (PID: 575) booted in 0.16s, phase: 0
[1] - Worker 97 (PID: 580) booted in 0.16s, phase: 0
[1] - Worker 98 (PID: 585) booted in 0.15s, phase: 0
[1] - Worker 99 (PID: 592) booted in 0.15s, phase: 0
[1] - Worker 100 (PID: 598) booted in 0.15s, phase: 0
[1] - Worker 101 (PID: 605) booted in 0.14s, phase: 0
[1] - Worker 102 (PID: 612) booted in 0.14s, phase: 0
[1] - Worker 103 (PID: 618) booted in 0.14s, phase: 0
[1] - Worker 104 (PID: 624) booted in 0.13s, phase: 0
[1] - Worker 105 (PID: 629) booted in 0.13s, phase: 0
[1] - Worker 106 (PID: 634) booted in 0.13s, phase: 0
[1] - Worker 107 (PID: 640) booted in 0.13s, phase: 0
[1] - Worker 108 (PID: 644) booted in 0.12s, phase: 0
[1] - Worker 109 (PID: 651) booted in 0.12s, phase: 0
[1] - Worker 110 (PID: 658) booted in 0.12s, phase: 0
[1] - Worker 111 (PID: 665) booted in 0.11s, phase: 0
[1] - Worker 112 (PID: 672) booted in 0.11s, phase: 0
[1] - Worker 113 (PID: 679) booted in 0.1s, phase: 0
[1] - Worker 114 (PID: 685) booted in 0.1s, phase: 0
[1] - Worker 115 (PID: 691) booted in 0.09s, phase: 0
[1] - Worker 116 (PID: 696) booted in 0.09s, phase: 0
[1] - Worker 117 (PID: 702) booted in 0.09s, phase: 0
[1] - Worker 118 (PID: 706) booted in 0.09s, phase: 0
[1] - Worker 119 (PID: 712) booted in 0.08s, phase: 0
[1] - Worker 120 (PID: 718) booted in 0.08s, phase: 0
[1] - Worker 121 (PID: 723) booted in 0.08s, phase: 0
[1] - Worker 122 (PID: 729) booted in 0.08s, phase: 0
[1] - Worker 123 (PID: 735) booted in 0.07s, phase: 0
[1] - Worker 124 (PID: 740) booted in 0.07s, phase: 0
[1] - Worker 125 (PID: 747) booted in 0.07s, phase: 0
[1] - Worker 126 (PID: 754) booted in 0.06s, phase: 0
[1] - Worker 127 (PID: 760) booted in 0.06s, phase: 0
