2026-04-02T16:30:35.486407Z   INFO - kemal: [production] Kemal is ready to lead at http://0.0.0.0:8080
2026-04-02T16:30:35.576858Z   INFO - kemal: [production] Kemal is ready to lead at http://0.0.0.0:8080
2026-04-02T16:30:35.577369Z   INFO - kemal: [production] Kemal is ready to lead at http://0.0.0.0:8080
2026-04-02T16:30:35.577491Z   INFO - kemal: [production] Kemal is ready to lead at http://0.0.0.0:8080
2026-04-02T16:30:35.578752Z   INFO - kemal: [production] Kemal is ready to lead at http://0.0.0.0:8080
2026-04-02T16:30:35.580091Z   INFO - kemal: [production] Kemal is ready to lead at http://0.0.0.0:8080
2026-04-02T16:30:35.580088Z   INFO - kemal: [production] Kemal is ready to lead at http://0.0.0.0:8080
2026-04-02T16:30:35.676384Z   INFO - kemal: [production] Kemal is ready to lead at http://0.0.0.0:8080
2026-04-02T16:30:35.677367Z   INFO - kemal: [production] Kemal is ready to lead at http://0.0.0.0:8080
2026-04-02T16:30:35.677623Z   INFO - kemal: [production] Kemal is ready to lead at http://0.0.0.0:8080
2026-04-02T16:30:35.679487Z   INFO - kemal: [production] Kemal is ready to lead at http://0.0.0.0:8080
2026-04-02T16:30:35.680036Z   INFO - kemal: [production] Kemal is ready to lead at http://0.0.0.0:8080
2026-04-02T16:30:35.680824Z   INFO - kemal: [production] Kemal is ready to lead at http://0.0.0.0:8080
2026-04-02T16:30:35.681240Z   INFO - kemal: [production] Kemal is ready to lead at http://0.0.0.0:8080
2026-04-02T16:30:35.681305Z   INFO - kemal: [production] Kemal is ready to lead at http://0.0.0.0:8080
2026-04-02T16:30:35.681432Z   INFO - kemal: [production] Kemal is ready to lead at http://0.0.0.0:8080
2026-04-02T16:30:35.681894Z   INFO - kemal: [production] Kemal is ready to lead at http://0.0.0.0:8080
2026-04-02T16:30:35.776728Z   INFO - kemal: [production] Kemal is ready to lead at http://0.0.0.0:8080
2026-04-02T16:30:35.777898Z   INFO - kemal: [production] Kemal is ready to lead at http://0.0.0.0:8080
2026-04-02T16:30:35.779882Z   INFO - kemal: [production] Kemal is ready to lead at http://0.0.0.0:8080
2026-04-02T16:30:35.877582Z   INFO - kemal: [production] Kemal is ready to lead at http://0.0.0.0:8080
2026-04-02T16:30:35.877929Z   INFO - kemal: [production] Kemal is ready to lead at http://0.0.0.0:8080
2026-04-02T16:30:35.878147Z   INFO - kemal: [production] Kemal is ready to lead at http://0.0.0.0:8080
2026-04-02T16:30:35.879873Z   INFO - kemal: [production] Kemal is ready to lead at http://0.0.0.0:8080
2026-04-02T16:30:35.978424Z   INFO - kemal: [production] Kemal is ready to lead at http://0.0.0.0:8080
2026-04-02T16:30:35.978729Z   INFO - kemal: [production] Kemal is ready to lead at http://0.0.0.0:8080
2026-04-02T16:30:35.979844Z   INFO - kemal: [production] Kemal is ready to lead at http://0.0.0.0:8080
2026-04-02T16:30:35.980078Z   INFO - kemal: [production] Kemal is ready to lead at http://0.0.0.0:8080
2026-04-02T16:30:35.980342Z   INFO - kemal: [production] Kemal is ready to lead at http://0.0.0.0:8080
2026-04-02T16:30:35.981589Z   INFO - kemal: [production] Kemal is ready to lead at http://0.0.0.0:8080
2026-04-02T16:30:35.986246Z   INFO - kemal: [production] Kemal is ready to lead at http://0.0.0.0:8080
2026-04-02T16:30:36.076638Z   INFO - kemal: [production] Kemal is ready to lead at http://0.0.0.0:8080
2026-04-02T16:30:36.077381Z   INFO - kemal: [production] Kemal is ready to lead at http://0.0.0.0:8080
2026-04-02T16:30:36.077375Z   INFO - kemal: [production] Kemal is ready to lead at http://0.0.0.0:8080
2026-04-02T16:30:36.077998Z   INFO - kemal: [production] Kemal is ready to lead at http://0.0.0.0:8080
2026-04-02T16:30:36.078054Z   INFO - kemal: [production] Kemal is ready to lead at http://0.0.0.0:8080
2026-04-02T16:30:36.078370Z   INFO - kemal: [production] Kemal is ready to lead at http://0.0.0.0:8080
2026-04-02T16:30:36.079478Z   INFO - kemal: [production] Kemal is ready to lead at http://0.0.0.0:8080
2026-04-02T16:30:36.080816Z   INFO - kemal: [production] Kemal is ready to lead at http://0.0.0.0:8080
2026-04-02T16:30:36.082119Z   INFO - kemal: [production] Kemal is ready to lead at http://0.0.0.0:8080
2026-04-02T16:30:36.176444Z   INFO - kemal: [production] Kemal is ready to lead at http://0.0.0.0:8080
2026-04-02T16:30:36.176719Z   INFO - kemal: [production] Kemal is ready to lead at http://0.0.0.0:8080
2026-04-02T16:30:36.176975Z   INFO - kemal: [production] Kemal is ready to lead at http://0.0.0.0:8080
2026-04-02T16:30:36.177315Z   INFO - kemal: [production] Kemal is ready to lead at http://0.0.0.0:8080
2026-04-02T16:30:36.178496Z   INFO - kemal: [production] Kemal is ready to lead at http://0.0.0.0:8080
2026-04-02T16:30:36.178611Z   INFO - kemal: [production] Kemal is ready to lead at http://0.0.0.0:8080
2026-04-02T16:30:36.179062Z   INFO - kemal: [production] Kemal is ready to lead at http://0.0.0.0:8080
2026-04-02T16:30:36.180162Z   INFO - kemal: [production] Kemal is ready to lead at http://0.0.0.0:8080
2026-04-02T16:30:36.181306Z   INFO - kemal: [production] Kemal is ready to lead at http://0.0.0.0:8080
2026-04-02T16:30:36.279082Z   INFO - kemal: [production] Kemal is ready to lead at http://0.0.0.0:8080
2026-04-02T16:30:36.279336Z   INFO - kemal: [production] Kemal is ready to lead at http://0.0.0.0:8080
2026-04-02T16:30:36.282267Z   INFO - kemal: [production] Kemal is ready to lead at http://0.0.0.0:8080
2026-04-02T16:30:36.376734Z   INFO - kemal: [production] Kemal is ready to lead at http://0.0.0.0:8080
2026-04-02T16:30:36.377022Z   INFO - kemal: [production] Kemal is ready to lead at http://0.0.0.0:8080
2026-04-02T16:30:36.377284Z   INFO - kemal: [production] Kemal is ready to lead at http://0.0.0.0:8080
2026-04-02T16:30:36.377649Z   INFO - kemal: [production] Kemal is ready to lead at http://0.0.0.0:8080
2026-04-02T16:30:36.378335Z   INFO - kemal: [production] Kemal is ready to lead at http://0.0.0.0:8080
2026-04-02T16:30:36.378375Z   INFO - kemal: [production] Kemal is ready to lead at http://0.0.0.0:8080
2026-04-02T16:30:36.378419Z   INFO - kemal: [production] Kemal is ready to lead at http://0.0.0.0:8080
2026-04-02T16:30:36.378394Z   INFO - kemal: [production] Kemal is ready to lead at http://0.0.0.0:8080
2026-04-02T16:30:36.378468Z   INFO - kemal: [production] Kemal is ready to lead at http://0.0.0.0:8080
2026-04-02T16:30:36.378506Z   INFO - kemal: [production] Kemal is ready to lead at http://0.0.0.0:8080
2026-04-02T16:30:36.378698Z   INFO - kemal: [production] Kemal is ready to lead at http://0.0.0.0:8080
2026-04-02T16:30:36.378725Z   INFO - kemal: [production] Kemal is ready to lead at http://0.0.0.0:8080
2026-04-02T16:30:36.378947Z   INFO - kemal: [production] Kemal is ready to lead at http://0.0.0.0:8080
2026-04-02T16:30:36.378946Z   INFO - kemal: [production] Kemal is ready to lead at http://0.0.0.0:8080
2026-04-02T16:30:36.379070Z   INFO - kemal: [production] Kemal is ready to lead at http://0.0.0.0:8080
2026-04-02T16:30:36.379138Z   INFO - kemal: [production] Kemal is ready to lead at http://0.0.0.0:8080
2026-04-02T16:30:36.379238Z   INFO - kemal: [production] Kemal is ready to lead at http://0.0.0.0:8080
2026-04-02T16:30:36.379272Z   INFO - kemal: [production] Kemal is ready to lead at http://0.0.0.0:8080
2026-04-02T16:30:36.380194Z   INFO - kemal: [production] Kemal is ready to lead at http://0.0.0.0:8080
2026-04-02T16:30:36.380355Z   INFO - kemal: [production] Kemal is ready to lead at http://0.0.0.0:8080
2026-04-02T16:30:36.380510Z   INFO - kemal: [production] Kemal is ready to lead at http://0.0.0.0:8080
2026-04-02T16:30:36.380587Z   INFO - kemal: [production] Kemal is ready to lead at http://0.0.0.0:8080
2026-04-02T16:30:36.381673Z   INFO - kemal: [production] Kemal is ready to lead at http://0.0.0.0:8080
2026-04-02T16:30:36.382107Z   INFO - kemal: [production] Kemal is ready to lead at http://0.0.0.0:8080
2026-04-02T16:30:36.382567Z   INFO - kemal: [production] Kemal is ready to lead at http://0.0.0.0:8080
2026-04-02T16:30:36.383832Z   INFO - kemal: [production] Kemal is ready to lead at http://0.0.0.0:8080
2026-04-02T16:30:36.386352Z   INFO - kemal: [production] Kemal is ready to lead at http://0.0.0.0:8080
2026-04-02T16:30:36.476861Z   INFO - kemal: [production] Kemal is ready to lead at http://0.0.0.0:8080
2026-04-02T16:30:36.476947Z   INFO - kemal: [production] Kemal is ready to lead at http://0.0.0.0:8080
2026-04-02T16:30:36.476958Z   INFO - kemal: [production] Kemal is ready to lead at http://0.0.0.0:8080
2026-04-02T16:30:36.477802Z   INFO - kemal: [production] Kemal is ready to lead at http://0.0.0.0:8080
2026-04-02T16:30:36.478462Z   INFO - kemal: [production] Kemal is ready to lead at http://0.0.0.0:8080
2026-04-02T16:30:36.479168Z   INFO - kemal: [production] Kemal is ready to lead at http://0.0.0.0:8080
2026-04-02T16:30:36.479192Z   INFO - kemal: [production] Kemal is ready to lead at http://0.0.0.0:8080
2026-04-02T16:30:36.479291Z   INFO - kemal: [production] Kemal is ready to lead at http://0.0.0.0:8080
2026-04-02T16:30:36.479372Z   INFO - kemal: [production] Kemal is ready to lead at http://0.0.0.0:8080
2026-04-02T16:30:36.479589Z   INFO - kemal: [production] Kemal is ready to lead at http://0.0.0.0:8080
2026-04-02T16:30:36.479589Z   INFO - kemal: [production] Kemal is ready to lead at http://0.0.0.0:8080
2026-04-02T16:30:36.480203Z   INFO - kemal: [production] Kemal is ready to lead at http://0.0.0.0:8080
2026-04-02T16:30:36.480388Z   INFO - kemal: [production] Kemal is ready to lead at http://0.0.0.0:8080
2026-04-02T16:30:36.480421Z   INFO - kemal: [production] Kemal is ready to lead at http://0.0.0.0:8080
2026-04-02T16:30:36.480509Z   INFO - kemal: [production] Kemal is ready to lead at http://0.0.0.0:8080
2026-04-02T16:30:36.481276Z   INFO - kemal: [production] Kemal is ready to lead at http://0.0.0.0:8080
2026-04-02T16:30:36.481987Z   INFO - kemal: [production] Kemal is ready to lead at http://0.0.0.0:8080
2026-04-02T16:30:36.482390Z   INFO - kemal: [production] Kemal is ready to lead at http://0.0.0.0:8080
2026-04-02T16:30:36.483162Z   INFO - kemal: [production] Kemal is ready to lead at http://0.0.0.0:8080
2026-04-02T16:30:36.483699Z   INFO - kemal: [production] Kemal is ready to lead at http://0.0.0.0:8080
2026-04-02T16:30:36.484090Z   INFO - kemal: [production] Kemal is ready to lead at http://0.0.0.0:8080
2026-04-02T16:30:36.484090Z   INFO - kemal: [production] Kemal is ready to lead at http://0.0.0.0:8080
2026-04-02T16:30:36.484438Z   INFO - kemal: [production] Kemal is ready to lead at http://0.0.0.0:8080
2026-04-02T16:30:36.485335Z   INFO - kemal: [production] Kemal is ready to lead at http://0.0.0.0:8080
2026-04-02T16:30:36.486092Z   INFO - kemal: [production] Kemal is ready to lead at http://0.0.0.0:8080
2026-04-02T16:30:36.487140Z   INFO - kemal: [production] Kemal is ready to lead at http://0.0.0.0:8080
2026-04-02T16:30:36.488628Z   INFO - kemal: [production] Kemal is ready to lead at http://0.0.0.0:8080
2026-04-02T16:30:36.577265Z   INFO - kemal: [production] Kemal is ready to lead at http://0.0.0.0:8080
2026-04-02T16:30:36.577445Z   INFO - kemal: [production] Kemal is ready to lead at http://0.0.0.0:8080
2026-04-02T16:30:36.577483Z   INFO - kemal: [production] Kemal is ready to lead at http://0.0.0.0:8080
2026-04-02T16:30:36.578267Z   INFO - kemal: [production] Kemal is ready to lead at http://0.0.0.0:8080
2026-04-02T16:30:36.578465Z   INFO - kemal: [production] Kemal is ready to lead at http://0.0.0.0:8080
2026-04-02T16:30:36.579052Z   INFO - kemal: [production] Kemal is ready to lead at http://0.0.0.0:8080
2026-04-02T16:30:36.579528Z   INFO - kemal: [production] Kemal is ready to lead at http://0.0.0.0:8080
2026-04-02T16:30:36.580144Z   INFO - kemal: [production] Kemal is ready to lead at http://0.0.0.0:8080
2026-04-02T16:30:36.581924Z   INFO - kemal: [production] Kemal is ready to lead at http://0.0.0.0:8080
2026-04-02T16:30:36.582053Z   INFO - kemal: [production] Kemal is ready to lead at http://0.0.0.0:8080
2026-04-02T16:30:36.582183Z   INFO - kemal: [production] Kemal is ready to lead at http://0.0.0.0:8080
2026-04-02T16:30:36.582542Z   INFO - kemal: [production] Kemal is ready to lead at http://0.0.0.0:8080
2026-04-02T16:30:36.676439Z   INFO - kemal: [production] Kemal is ready to lead at http://0.0.0.0:8080
2026-04-02T16:30:36.677551Z   INFO - kemal: [production] Kemal is ready to lead at http://0.0.0.0:8080
2026-04-02T16:30:36.679314Z   INFO - kemal: [production] Kemal is ready to lead at http://0.0.0.0:8080
2026-04-02T16:30:36.679308Z   INFO - kemal: [production] Kemal is ready to lead at http://0.0.0.0:8080
2026-04-02T16:30:36.681481Z   INFO - kemal: [production] Kemal is ready to lead at http://0.0.0.0:8080
2026-04-02T16:30:36.682908Z   INFO - kemal: [production] Kemal is ready to lead at http://0.0.0.0:8080
2026-04-02T16:30:36.780008Z   INFO - kemal: [production] Kemal is ready to lead at http://0.0.0.0:8080
2026-04-02T16:30:36.781165Z   INFO - kemal: [production] Kemal is ready to lead at http://0.0.0.0:8080
2026-04-02T16:30:36.781855Z   INFO - kemal: [production] Kemal is ready to lead at http://0.0.0.0:8080
2026-04-02T16:30:36.881309Z   INFO - kemal: [production] Kemal is ready to lead at http://0.0.0.0:8080
Unhandled exception in spawn: Error while flushing data to the client (HTTP::Server::ClientErrorUnhandled exception in spawn: Error while flushing data to the client (HTTP::Server::ClientError)
)
Unhandled exception in spawn: Error while flushing data to the client (HTTP::Server::ClientError)
Unhandled exception in spawn: Error while flushing data to the client (HTTP::Server::ClientError)
Unhandled exception in spawn: Error while flushing data to the client (HTTP::Server::ClientError)
Unhandled exception in spawn: Error while flushing data to the client (HTTP::Server::ClientError)
Unhandled exception in spawn: Error while flushing data to the client (HTTP::Server::ClientError)
  from /app/server in '??'
  from /app/server in '??'
  from /app/server in '??'
  from /app/server in '??'
  from /app/server in '??'
  from /app/server in '??'
  from ???
Caused by: Error writing to socket (#<TCPSocket:0x7c33369844c0>): Connection reset by peer (IO::Error)
  from /app/server in '??'
  from /app/server in '??'
  from /app/server in '??'
  from /app/server in '??'
  from /app/server in '??'
  from /app/server in '??'
  from /app/server in '??'
  from ???
  from /app/server in '??'
  from /app/server in '??'
  from /app/server in '??'
  from /app/server in '??'
  from /app/server in '??'
  from /app/server in '??'
  from ???
Caused by: Error writing to socket (#<TCPSocket:0x7cb18b103be0>): Connection reset by peer (IO::Error)
  from /app/server in '??'
  from /app/server in '??'
  from /app/server in '??'
  from /app/server in '??'
  from /app/server in '??'
  from /app/server in '??'
  from /app/server in '??'
  from ???
  from /app/server in '??'
  from /app/server in '??'
  from /app/server in '??'
  from /app/server in '??'
  from /app/server in '??'
  from /app/server in '??'
  from ???
Caused by: Error writing to socket (#<TCPSocket:0x7f6c9aa51e40>): Connection reset by peer (IO::Error)
  from /app/server in '??'
  from /app/server in '??'
  from /app/server in '??'
  from /app/server in '??'
  from /app/server in '??'
  from /app/server in '??'
  from /app/server in '??'
  from ???
  from /app/server in '??'
  from /app/server in '??'
  from /app/server in '??'
  from /app/server in '??'
  from /app/server in '??'
  from /app/server in '??'
  from ???
Caused by: Error writing to socket (#<TCPSocket:0x7c3be0d335f0>): Connection reset by peer (IO::Error)
  from /app/server in '??'
  from /app/server in '??'
  from /app/server in '??'
  from /app/server in '??'
  from /app/server in '??'
  from /app/server in '??'
  from /app/server in '??'
  from ???
Unhandled exception in spawn: Error while flushing data to the client (HTTP::Server::ClientError)
  from /app/server in '??'
  from /app/server in '??'
  from /app/server in '??'
  from /app/server in '??'
  from /app/server in '??'
  from /app/server in '??'
  from ???
Caused by: Error writing to socket (#<TCPSocket:0x7f6c9aaabe40>): Connection reset by peer (IO::Error)
  from /app/server in '??'
  from /app/server in '??'
  from /app/server in '??'
  from /app/server in '??'
  from /app/server in '??'
  from /app/server in '??'
  from /app/server in '??'
  from ???
Unhandled exception in spawn: Error while flushing data to the client (HTTP::Server::ClientError)
Unhandled exception in spawn: Error while flushing data to the client (HTTP::Server::ClientError)
  from /app/server in '??'
  from /app/server in '??'
  from /app/server in '??'
  from /app/server in '??'
  from /app/server in '??'
  from /app/server in '??'
  from ???
Caused by: Error writing to socket (#<TCPSocket:0x7891bafa9d10>): Connection reset by peer (IO::ErrorUnhandled exception in spawn: Error while flushing data to the client (HTTP::Server::ClientError)
  from /app/server in '??'
)
  from /app/server in '??'
  from /app/server in '??'
  from /app/server in '??'
  from /app/server in '??'
  from /app/server in '??'
  from ???
Caused by: Error writing to socket (#<TCPSocket:0x7c3be0debd10>): Connection reset by peer (IO::Error)
  from /app/server in '??'
  from /app/server in '??'
  from /app/server in '??'
  from /app/server in '??'
  from /app/server in '??'
  from /app/server in '??'
  from /app/server in '??'
  from ???
  from /app/server in '??'
  from /app/server in '??'
  from /app/server in '??'
  from /app/server in '??'
  from /app/server in '??'
  from /app/server in '??'
  from /app/server in '??'
  from ???
  from /app/server in '??'
  from /app/server in '??'
  from /app/server in '??'
  from /app/server in '??'
  from /app/server in '??'
  from /app/server in '??'
  from ???
Caused by: Error writing to socket (#<TCPSocket:0x75412f461390>): Connection reset by peer (IO::Error)
  from /app/server in '??'
  from /app/server in '??'
  from /app/server in '??'
  from /app/server in '??'
  from /app/server in '??'
  from /app/server in '??'
  from /app/server in '??'
  from ???
  from /app/server in '??'
  from /app/server in '??'
  from /app/server in '??'
  from /app/server in '??'
  from /app/server in '??'
  from /app/server in '??'
  from ???
Caused by: Error writing to socket (#<TCPSocket:0x73b77a52b5f0>): Connection reset by peer (IO::Error)
  from /app/server in '??'
  from /app/server in '??'
  from /app/server in '??'
  from /app/server in '??'
  from /app/server in '??'
  from /app/server in '??'
  from /app/server in '??'
  from ???
Unhandled exception in spawn: Error while flushing data to the client (HTTP::Server::ClientError)
  from /app/server in '??'
  from /app/server in '??'
  from /app/server in '??'
  from /app/server in '??'
  from /app/server in '??'
  from /app/server in '??'
  from ???
Unhandled exception in spawn: Error while flushing data to the client (HTTP::Server::ClientErrorCaused by: Error writing to socket (#<TCPSocket:0x7891bafa9260>): Connection reset by peer (IO::Error)
)
  from /app/server in '??'
  from /app/server in '??'
  from /app/server in '??'
  from /app/server in '??'
  from /app/server in '??'
  from /app/server in '??'
  from /app/server in '??'
  from /app/server in '??'
  from /app/server in '??'
  from /app/server in '??'
  from /app/server in '??'
  from /app/server in '??'
  from ???
  from /app/server in '??'
Caused by: Error writing to socket (#<TCPSocket:0x73b77a04d4c0>): Connection reset by peer (IO::Error  from ???
)
  from /app/server in '??'
  from /app/server in '??'
  from /app/server in '??'
  from /app/server in '??'
  from /app/server in '??'
  from /app/server in '??'
  from /app/server in '??'
  from ???
  from /app/server in '??'
  from /app/server in '??'
  from /app/server in '??'
  from /app/server in '??'
  from /app/server in '??'
  from /app/server in '??'
  from ???
Caused by: Error writing to socket (#<TCPSocket:0x789367761000>): Connection reset by peer (IO::Error)
  from /app/server in '??'
  from /app/server in '??'
  from /app/server in '??'
  from /app/server in '??'
  from /app/server in '??'
  from /app/server in '??'
  from /app/server in '??'
  from ???
  from /app/server in '??'
  from /app/server in '??'
  from /app/server in '??'
  from /app/server in '??'
  from /app/server in '??'
  from /app/server in '??'
  from ???
Caused by: Error writing to socket (#<TCPSocket:0x79f6a58b1980>): Connection reset by peer (IO::Error)
  from /app/server in '??'
  from /app/server in '??'
Unhandled exception in spawn: Error while flushing data to the client (HTTP::Server::ClientError  from /app/server in '??'
)
  from /app/server in '??'
  from /app/server in '??'
  from /app/server in '??'
  from /app/server in '??'
  from ???
  from /app/server in '??'
  from /app/server in '??'
  from /app/server in '??'
  from /app/server in '??'
  from /app/server in '??'
  from /app/server in '??'
  from ???
Caused by: Error writing to socket (#<TCPSocket:0x75412f461d10>): Connection reset by peer (IO::Error)
  from /app/server in '??'
  from /app/server in '??'
  from /app/server in '??'
  from /app/server in '??'
  from /app/server in '??'
  from /app/server in '??'
  from /app/server in '??'
  from ???
Unhandled exception in spawn: Error while flushing data to the client (HTTP::Server::ClientError)
  from /app/server in '??'
  from /app/server in '??'
  from /app/server in '??'
  from /app/server in '??'
  from /app/server in '??'
  from /app/server in '??'
  from ???
Caused by: Error writing to socket (#<TCPSocket:0x7df63612d130>): Connection reset by peer (IO::Error)
  from /app/server in '??'
  from /app/server in '??'
  from /app/server in '??'
  from /app/server in '??'
  from /app/server in '??'
  from /app/server in '??'
  from /app/server in '??'
  from ???
Unhandled exception in spawn: Error while flushing data to the client (HTTP::Server::ClientError)
  from /app/server in '??'
  from /app/server in '??'
  from /app/server in '??'
  from /app/server in '??'
  from /app/server in '??'
  from /app/server in '??'
  from ???
Caused by: Error writing to socket (#<TCPSocket:0x7891b5123e40>): Connection reset by peer (IO::Error)
  from /app/server in '??'
  from /app/server in '??'
  from /app/server in '??'
  from /app/server in '??'
  from /app/server in '??'
  from /app/server in '??'
  from /app/server in '??'
  from ???
Unhandled exception in spawn: Error while flushing data to the client (HTTP::Server::ClientError)
  from /app/server in '??'
  from /app/server in '??'
  from /app/server in '??'
  from /app/server in '??'
  from /app/server in '??'
  from /app/server in '??'
  from ???
Caused by: Error writing to socket (#<TCPSocket:0x789281423390>): Connection reset by peer (IO::Error)
  from /app/server in '??'
  from /app/server in '??'
  from /app/server in '??'
  from /app/server in '??'
  from /app/server in '??'
  from /app/server in '??'
  from /app/server in '??'
  from ???
Unhandled exception in spawn: Error while flushing data to the client (HTTP::Server::ClientError)
  from /app/server in '??'
  from /app/server in '??'
  from /app/server in '??'
  from /app/server in '??'
  from /app/server in '??'
  from /app/server in '??'
  from ???
Caused by: Error writing to socket (#<TCPSocket:0x7891bbc26be0>): Connection reset by peer (IO::Error)
  from /app/server in '??'
  from /app/server in '??'
  from /app/server in '??'
  from /app/server in '??'
  from /app/server in '??'
  from /app/server in '??'
  from /app/server in '??'
  from ???
Unhandled exception in spawn: Error while flushing data to the client (HTTP::Server::ClientError)
  from /app/server in '??'
  from /app/server in '??'
  from /app/server in '??'
  from /app/server in '??'
  from /app/server in '??'
  from /app/server in '??'
  from ???
Caused by: Error writing to socket (#<TCPSocket:0x7891bbbccab0>): Connection reset by peer (IO::Error)
  from /app/server in '??'
  from /app/server in '??'
  from /app/server in '??'
  from /app/server in '??'
  from /app/server in '??'
  from /app/server in '??'
  from /app/server in '??'
  from ???
Unhandled exception in spawn: Error while flushing data to the client (HTTP::Server::ClientError)
  from /app/server in '??'
  from /app/server in '??'
  from /app/server in '??'
  from /app/server in '??'
  from /app/server in '??'
  from /app/server in '??'
  from ???
Caused by: Error writing to socket (#<TCPSocket:0x7891bb66c850>): Connection reset by peer (IO::Error)
  from /app/server in '??'
  from /app/server in '??'
  from /app/server in '??'
  from /app/server in '??'
  from /app/server in '??'
  from /app/server in '??'
  from /app/server in '??'
  from ???
Unhandled exception in spawn: Error while flushing data to the client (HTTP::Server::ClientError)
Unhandled exception in spawn: Error while flushing data to the client (HTTP::Server::ClientError)
  from /app/server in '??'
  from /app/server in '??'
  from /app/server in '??'
  from /app/server in '??'
  from /app/server in '??'
  from /app/server in '??'
  from ???
Caused by: Error writing to socket (#<TCPSocket:0x7c3be3fea720>): Connection reset by peer (IO::Error)
  from /app/server in '??'
  from /app/server in '??'
  from /app/server in '??'
  from /app/server in '??'
  from /app/server in '??'
  from /app/server in '??'
  from /app/server in '??'
  from ???
Unhandled exception in spawn: Error while flushing data to the client (HTTP::Server::ClientError)
Unhandled exception in spawn: Error while flushing data to the client (HTTP::Server::ClientError)
Unhandled exception in spawn: Error while flushing data to the client (HTTP::Server::ClientError)
  from /app/server in '??'
  from /app/server in '??'
  from /app/server in '??'
  from /app/server in '??'
  from /app/server in '??'
  from /app/server in '??'
  from ???
Caused by: Error writing to socket (#<TCPSocket:0x7891bbbccbe0>): Connection reset by peer (IO::Error)
  from /app/server in '??'
  from /app/server in '??'
  from /app/server in '??'
  from /app/server in '??'
  from /app/server in '??'
  from /app/server in '??'
  from /app/server in '??'
  from ???
  from /app/server in '??'
  from /app/server in '??'
  from /app/server in '??'
  from /app/server in '??'
  from /app/server in '??'
  from /app/server in '??'
  from ???
Caused by: Error writing to socket (#<TCPSocket:0x7a52b5f9ad10>): Connection reset by peer (IO::Error)
  from /app/server in '??'
  from /app/server in '??'
  from /app/server in '??'
  from /app/server in '??'
  from /app/server in '??'
  from /app/server in '??'
  from /app/server in '??'
  from ???
  from /app/server in '??'
  from /app/server in '??'
  from /app/server in '??'
  from /app/server in '??'
  from /app/server in '??'
  from /app/server in '??'
  from ???
Caused by: Error writing to socket (#<TCPSocket:0x7bdb150debe0>): Connection reset by peer (IO::Error)
  from /app/server in '??'
  from /app/server in '??'
  from /app/server in '??'
  from /app/server in '??'
  from /app/server in '??'
  from /app/server in '??'
  from /app/server in '??'
  from ???
  from /app/server in '??'
  from /app/server in '??'
  from /app/server in '??'
  from /app/server in '??'
  from /app/server in '??'
  from /app/server in '??'
  from ???
Caused by: Error writing to socket (#<TCPSocket:0x729a49fda260>): Connection reset by peer (IO::Error)
  from /app/server in '??'
  from /app/server in '??'
  from /app/server in '??'
  from /app/server in '??'
  from /app/server in '??'
  from /app/server in '??'
  from /app/server in '??'
  from ???
Unhandled exception in spawn: Error while flushing data to the client (HTTP::Server::ClientError)
  from /app/server in '??'
  from /app/server in '??'
  from /app/server in '??'
  from /app/server in '??'
  from /app/server in '??'
  from /app/server in '??'
  from ???
Caused by: Error writing to socket (#<TCPSocket:0x7c3be0c71be0>): Connection reset by peer (IO::Error)
  from /app/server in '??'
  from /app/server in '??'
  from /app/server in '??'
  from /app/server in '??'
  from /app/server in '??'
  from /app/server in '??'
  from /app/server in '??'
  from ???
Unhandled exception in spawn: Error while flushing data to the client (HTTP::Server::ClientError)
  from /app/server in '??'
  from /app/server in '??'
  from /app/server in '??'
  from /app/server in '??'
  from /app/server in '??'
  from /app/server in '??'
  from ???
Caused by: Error writing to socket (#<TCPSocket:0x7893672f1ab0>): Connection reset by peer (IO::Error)
  from /app/server in '??'
  from /app/server in '??'
  from /app/server in '??'
  from /app/server in '??'
  from /app/server in '??'
  from /app/server in '??'
  from /app/server in '??'
  from ???
Unhandled exception in spawn: Error while flushing data to the client (HTTP::Server::ClientError)
Unhandled exception in spawn: Error while flushing data to the client (HTTP::Server::ClientErrorUnhandled exception in spawn: Error while flushing data to the client (HTTP::Server::ClientError)
)
  from /app/server in '??'
  from /app/server in '??'
  from /app/server in '??'
  from /app/server in '??'
  from /app/server in '??'
  from /app/server in '??'
  from ???
Caused by: Error writing to socket (#<TCPSocket:0x7f6c9aaab850>): Connection reset by peer (IO::Error)
  from /app/server in '??'
  from /app/server in '??'
  from /app/server in '??'
  from /app/server in '??'
  from /app/server in '??'
  from /app/server in '??'
  from /app/server in '??'
  from ???
Unhandled exception in spawn: Error while flushing data to the client (HTTP::Server::ClientError)
Unhandled exception in spawn: Error while flushing data to the client (HTTP::Server::ClientError)
Unhandled exception in spawn: Error while flushing data to the client (HTTP::Server::ClientError)
Unhandled exception in spawn: Error while flushing data to the client (HTTP::Server::ClientError)
Unhandled exception in spawn: Error while flushing data to the client (HTTP::Server::ClientError)
Unhandled exception in spawn: Error while flushing data to the client (HTTP::Server::ClientError)
Unhandled exception in spawn: Error while flushing data to the client (HTTP::Server::ClientError)
Unhandled exception in spawn: Error while flushing data to the client (HTTP::Server::ClientError)
Unhandled exception in spawn: Error while flushing data to the client (HTTP::Server::ClientError)
  from /app/server in '??'
  from /app/server in '??'
  from /app/server in '??'
  from /app/server in '??'
  from /app/server in '??'
  from /app/server in '??'
  from ???
Caused by: Error writing to socket (#<TCPSocket:0x7fa6f1bff390>): Connection reset by peer (IO::Error)
  from /app/server in '??'
  from /app/server in '??'
  from /app/server in '??'
  from /app/server in '??'
  from /app/server in '??'
  from /app/server in '??'
  from /app/server in '??'
  from ???
  from /app/server in '??'
  from /app/server in '??'
  from /app/server in '??'
  from /app/server in '??'
  from /app/server in '??'
  from /app/server in '??'
  from ???
Caused by: Error writing to socket (#<TCPSocket:0x752f51702720>): Connection reset by peer (IO::Error)
  from /app/server in '??'
  from /app/server in '??'
  from /app/server in '??'
  from /app/server in '??'
  from /app/server in '??'
  from /app/server in '??'
  from /app/server in '??'
  from ???
  from /app/server in '??'
  from /app/server in '??'
  from /app/server in '??'
  from /app/server in '??'
  from /app/server in '??'
  from /app/server in '??'
  from ???
Caused by: Error writing to socket (#<TCPSocket:0x737d2bbf75f0>): Connection reset by peer (IO::Error)
  from /app/server in '??'
  from /app/server in '??'
  from /app/server in '??'
  from /app/server in '??'
  from /app/server in '??'
  from /app/server in '??'
  from /app/server in '??'
  from /app/server in '??'
  from /app/server in '??'
  from /app/server in '??'
  from /app/server in '??'
  from ???
  from /app/server in '??'
  from /app/server in '??'
Caused by: Error writing to socket (#<TCPSocket:0x7712104f0130>): Connection reset by peer (IO::Error  from ???
)
  from /app/server in '??'
  from /app/server in '??'
  from /app/server in '??'
  from /app/server in '??'
  from /app/server in '??'
  from /app/server in '??'
  from /app/server in '??'
  from ???
Unhandled exception in spawn: Error while flushing data to the client (HTTP::Server::ClientError)
  from /app/server in '??'
  from /app/server in '??'
  from /app/server in '??'
  from /app/server in '??'
  from /app/server in '??'
  from /app/server in '??'
  from ???
Caused by: Error writing to socket (#<TCPSocket:0x76e72c2eb390>): Connection reset by peer (IO::Error)
  from /app/server in '??'
  from /app/server in '??'
  from /app/server in '??'
  from /app/server in '??'
  from /app/server in '??'
  from /app/server in '??'
  from /app/server in '??'
  from ???
  from /app/server in '??'
  from /app/server in '??'
  from /app/server in '??'
  from /app/server in '??'
  from /app/server in '??'
  from /app/server in '??'
  from ???
Caused by: Error writing to socket (#<TCPSocket:0x70586a515e40>): Connection reset by peer (IO::Error)
Unhandled exception in spawn: Error while flushing data to the client (HTTP::Server::ClientError)
  from /app/server in '??'
  from /app/server in '??'
  from /app/server in '??'
  from /app/server in '??'
  from /app/server in '??'
  from /app/server in '??'
  from /app/server in '??'
  from ???
  from /app/server in '??'
  from /app/server in '??'
  from /app/server in '??'
  from /app/server in '??'
  from /app/server in '??'
  from /app/server in '??'
  from ???
Caused by: Error writing to socket (#<TCPSocket:0x7712104f05f0>): Connection reset by peer (IO::Error)
  from /app/server in '??'
  from /app/server in '??'
  from /app/server in '??'
  from /app/server in '??'
  from /app/server in '??'
  from /app/server in '??'
  from /app/server in '??'
  from ???
  from /app/server in '??'
  from /app/server in '??'
  from /app/server in '??'
  from /app/server in '??'
  from /app/server in '??'
  from /app/server in '??'
  from /app/server in '??'
  from /app/server in '??'
  from /app/server in '??'
  from /app/server in '??'
  from /app/server in '??'
  from ???
  from /app/server in '??'
  from ???
Caused by: Error writing to socket (#<TCPSocket:0x7cbbdc20ad10>): Connection reset by peer (IO::Error)
Caused by: Error writing to socket (#<TCPSocket:0x72789d6404c0>): Connection reset by peer (IO::Error)
  from /app/server in '??'
  from /app/server in '??'
  from /app/server in '??'
  from /app/server in '??'
  from /app/server in '??'
  from /app/server in '??'
  from /app/server in '??'
  from /app/server in '??'
  from /app/server in '??'
  from /app/server in '??'
  from ???
  from /app/server in '??'
  from /app/server in '??'
  from /app/server in '??'
  from /app/server in '??'
  from ???
  from /app/server in '??'
  from /app/server in '??'
  from /app/server in '??'
  from /app/server in '??'
  from /app/server in '??'
  from /app/server in '??'
  from ???
Caused by: Error writing to socket (#<TCPSocket:0x7a01b46e3d10>): Connection reset by peer (IO::Error)
  from /app/server in '??'
  from /app/server in '??'
  from /app/server in '??'
  from /app/server in '??'
  from /app/server in '??'
  from /app/server in '??'
  from /app/server in '??'
  from ???
  from /app/server in '??'
  from /app/server in '??'
  from /app/server in '??'
  from /app/server in '??'
  from /app/server in '??'
  from /app/server in '??'
  from ???
Caused by: Error writing to socket (#<TCPSocket:0x736bc2cb7be0>): Connection reset by peer (IO::Error)
  from /app/server in '??'
  from /app/server in '??'
  from /app/server in '??'
  from /app/server in '??'
  from /app/server in '??'
  from /app/server in '??'
  from /app/server in '??'
  from ???
Unhandled exception in spawn: Error while flushing data to the client (HTTP::Server::ClientError)
  from /app/server in '??'
  from /app/server in '??'
  from /app/server in '??'
  from /app/server in '??'
  from /app/server in '??'
  from /app/server in '??'
  from ???
Caused by: Error writing to socket (#<TCPSocket:0x72789d566ab0>): Connection reset by peer (IO::Error)
  from /app/server in '??'
  from /app/server in '??'
  from /app/server in '??'
  from /app/server in '??'
  from /app/server in '??'
  from /app/server in '??'
  from /app/server in '??'
  from ???
  from /app/server in '??'
  from /app/server in '??'
  from /app/server in '??'
  from /app/server in '??'
  from /app/server in '??'
  from /app/server in '??'
  from ???
Caused by: Error writing to socket (#<TCPSocket:0x75dd7e2d4390>): Connection reset by peer (IO::Error)
  from /app/server in '??'
  from /app/server in '??'
  from /app/server in '??'
  from /app/server in '??'
  from /app/server in '??'
  from /app/server in '??'
  from /app/server in '??'
  from ???
  from /app/server in '??'
  from /app/server in '??'
  from /app/server in '??'
  from /app/server in '??'
  from /app/server in '??'
  from /app/server in '??'
  from ???
Caused by: Error writing to socket (#<TCPSocket:0x75a689832000>): Connection reset by peer (IO::Error)
  from /app/server in '??'
  from /app/server in '??'
  from /app/server in '??'
  from /app/server in '??'
  from /app/server in '??'
  from /app/server in '??'
  from /app/server in '??'
  from ???
Unhandled exception in spawn: Error while flushing data to the client (HTTP::Server::ClientError)
  from /app/server in '??'
  from /app/server in '??'
  from /app/server in '??'
  from /app/server in '??'
  from /app/server in '??'
  from /app/server in '??'
  from ???
Caused by: Error writing to socket (#<TCPSocket:0x75a689bf0720>): Connection reset by peer (IO::Error)
  from /app/server in '??'
  from /app/server in '??'
  from /app/server in '??'
  from /app/server in '??'
  from /app/server in '??'
  from /app/server in '??'
  from /app/server in '??'
  from ???
Unhandled exception in spawn: Error while flushing data to the client (HTTP::Server::ClientError)
  from /app/server in '??'
  from /app/server in '??'
  from /app/server in '??'
  from /app/server in '??'
  from /app/server in '??'
  from /app/server in '??'
  from ???
Caused by: Error writing to socket (#<TCPSocket:0x7dcb53913be0>): Connection reset by peer (IO::Error)
  from /app/server in '??'
  from /app/server in '??'
  from /app/server in '??'
  from /app/server in '??'
  from /app/server in '??'
  from /app/server in '??'
  from /app/server in '??'
  from ???
Unhandled exception in spawn: Error while flushing data to the client (HTTP::Server::ClientError)
  from /app/server in '??'
  from /app/server in '??'
  from /app/server in '??'
  from /app/server in '??'
  from /app/server in '??'
  from /app/server in '??'
  from ???
Caused by: Error writing to socket (#<TCPSocket:0x705869fbdbe0>): Connection reset by peer (IO::Error)
  from /app/server in '??'
  from /app/server in '??'
  from /app/server in '??'
  from /app/server in '??'
  from /app/server in '??'
  from /app/server in '??'
  from /app/server in '??'
Unhandled exception in spawn: Error while flushing data to the client (HTTP::Server::ClientError  from ???
Unhandled exception in spawn: Error while flushing data to the client (HTTP::Server::ClientError)
Unhandled exception in spawn: Error while flushing data to the client (HTTP::Server::ClientError)
)
Unhandled exception in spawn: Error while flushing data to the client (HTTP::Server::ClientError)
  from /app/server in '??'
  from /app/server in '??'
  from /app/server in '??'
  from /app/server in '??'
  from /app/server in '??'
  from /app/server in '??'
  from ???
Caused by: Error writing to socket (#<TCPSocket:0x76e72be41be0>): Connection reset by peer (IO::Error)
Unhandled exception in spawn: Error while flushing data to the client (HTTP::Server::ClientError)
  from /app/server in '??'
  from /app/server in '??'
  from /app/server in '??'
  from /app/server in '??'
  from /app/server in '??'
  from /app/server in '??'
  from /app/server in '??'
  from ???
Unhandled exception in spawn: Error while flushing data to the client (HTTP::Server::ClientError)
Unhandled exception in spawn: Error while flushing data to the client (HTTP::Server::ClientError)
Unhandled exception in spawn: Error while flushing data to the client (HTTP::Server::ClientError)
Unhandled exception in spawn: Error while flushing data to the client (HTTP::Server::ClientError)
Unhandled exception in spawn: Error while flushing data to the client (HTTP::Server::ClientError)
Unhandled exception in spawn: Error while flushing data to the client (HTTP::Server::ClientError)
  from /app/server in '??'
  from /app/server in '??'
  from /app/server in '??'
  from /app/server in '??'
  from /app/server in '??'
  from /app/server in '??'
  from ???
Caused by: Error writing to socket (#<TCPSocket:0x7f6c9998d5f0>): Connection reset by peer (IO::Error)
  from /app/server in '??'
  from /app/server in '??'
  from /app/server in '??'
  from /app/server in '??'
  from /app/server in '??'
  from /app/server in '??'
  from /app/server in '??'
  from ???
Unhandled exception in spawn: Error while flushing data to the client (HTTP::Server::ClientError)
Unhandled exception in spawn: Error while flushing data to the client (HTTP::Server::ClientError)
Unhandled exception in spawn: Error while flushing data to the client (HTTP::Server::ClientError)
  from /app/server in '??'
  from /app/server in '??'
  from /app/server in '??'
  from /app/server in '??'
  from /app/server in '??'
  from /app/server in '??'
  from ???
Caused by: Error writing to socket (#<TCPSocket:0x7fa6f1d33000>): Connection reset by peer (IO::Error)
  from /app/server in '??'
  from /app/server in '??'
  from /app/server in '??'
  from /app/server in '??'
  from /app/server in '??'
  from /app/server in '??'
  from /app/server in '??'
  from ???
Unhandled exception in spawn: Error while flushing data to the client (HTTP::Server::ClientError)
Unhandled exception in spawn: Error while flushing data to the client (HTTP::Server::ClientError)
  from /app/server in '??'
  from /app/server in '??'
  from /app/server in '??'
  from /app/server in '??'
  from /app/server in '??'
  from /app/server in '??'
  from ???
Caused by: Error writing to socket (#<TCPSocket:0x7cbbdc538720>): Connection reset by peer (IO::Error)
  from /app/server in '??'
  from /app/server in '??'
  from /app/server in '??'
  from /app/server in '??'
  from /app/server in '??'
  from /app/server in '??'
  from /app/server in '??'
  from ???
Unhandled exception in spawn: Error while flushing data to the client (HTTP::Server::ClientError)
Unhandled exception in spawn: Error while flushing data to the client (HTTP::Server::ClientError)
Unhandled exception in spawn: Error while flushing data to the client (HTTP::Server::ClientError)
Unhandled exception in spawn: Error while flushing data to the client (HTTP::Server::ClientError)
  from /app/server in '??'
  from /app/server in '??'
  from /app/server in '??'
  from /app/server in '??'
  from /app/server in '??'
  from /app/server in '??'
  from ???
Caused by: Error writing to socket (#<TCPSocket:0x7cbbdc5385f0>): Connection reset by peer (IO::Error)
  from /app/server in '??'
  from /app/server in '??'
  from /app/server in '??'
  from /app/server in '??'
  from /app/server in '??'
  from /app/server in '??'
  from /app/server in '??'
  from ???
Unhandled exception in spawn: Error while flushing data to the client (HTTP::Server::ClientError)
Unhandled exception in spawn: Error while flushing data to the client (HTTP::Server::ClientError)
Unhandled exception in spawn: Error while flushing data to the client (HTTP::Server::ClientError)
Unhandled exception in spawn: Error while flushing data to the client (HTTP::Server::ClientError)
Unhandled exception in spawn: Error while flushing data to the client (HTTP::Server::ClientError)
Unhandled exception in spawn: Error while flushing data to the client (HTTP::Server::ClientError)
Unhandled exception in spawn: Error while flushing data to the client (HTTP::Server::ClientError)
Unhandled exception in spawn: Error while flushing data to the client (HTTP::Server::ClientError)
Unhandled exception in spawn: Error while flushing data to the client (HTTP::Server::ClientError)
  from /app/server in '??'
  from /app/server in '??'
  from /app/server in '??'
  from /app/server in '??'
  from /app/server in '??'
  from /app/server in '??'
  from ???
Caused by: Error writing to socket (#<TCPSocket:0x73b77ca2c390>): Connection reset by peer (IO::Error)
  from /app/server in '??'
  from /app/server in '??'
  from /app/server in '??'
  from /app/server in '??'
  from /app/server in '??'
  from /app/server in '??'
  from /app/server in '??'
  from ???
Unhandled exception in spawn: Error while flushing data to the client (HTTP::Server::ClientError)
Unhandled exception in spawn: Error while flushing data to the client (HTTP::Server::ClientError)
  from /app/server in '??'
  from /app/server in '??'
  from /app/server in '??'
  from /app/server in '??'
  from /app/server in '??'
  from /app/server in '??'
  from ???
Caused by: Error writing to socket (#<TCPSocket:0x71d71e460390>): Connection reset by peer (IO::Error)
  from /app/server in '??'
  from /app/server in '??'
  from /app/server in '??'
  from /app/server in '??'
  from /app/server in '??'
  from /app/server in '??'
  from /app/server in '??'
  from ???
  from /app/server in '??'
  from /app/server in '??'
  from /app/server in '??'
  from /app/server in '??'
  from /app/server in '??'
  from /app/server in '??'
  from ???
Caused by: Error writing to socket (#<TCPSocket:0x7d378dec2be0>): Connection reset by peer (IO::Error)
  from /app/server in '??'
  from /app/server in '??'
  from /app/server in '??'
  from /app/server in '??'
  from /app/server in '??'
  from /app/server in '??'
  from /app/server in '??'
  from ???
  from /app/server in '??'
  from /app/server in '??'
  from /app/server in '??'
  from /app/server in '??'
  from /app/server in '??'
  from /app/server in '??'
  from ???
Caused by: Error writing to socket (#<TCPSocket:0x7c9ab94a6260>): Connection reset by peer (IO::Error)
  from /app/server in '??'
  from /app/server in '??'
  from /app/server in '??'
  from /app/server in '??'
  from /app/server in '??'
  from /app/server in '??'
  from /app/server in '??'
  from ???
  from /app/server in '??'
  from /app/server in '??'
  from /app/server in '??'
  from /app/server in '??'
  from /app/server in '??'
  from /app/server in '??'
  from ???
Caused by: Error writing to socket (#<TCPSocket:0x7704d28d1980>): Connection reset by peer (IO::Error)
  from /app/server in '??'
  from /app/server in '??'
  from /app/server in '??'
  from /app/server in '??'
  from /app/server in '??'
  from /app/server in '??'
  from /app/server in '??'
  from ???
Unhandled exception in spawn: Error while flushing data to the client (HTTP::Server::ClientError)
  from /app/server in '??'
  from /app/server in '??'
  from /app/server in '??'
  from /app/server in '??'
  from /app/server in '??'
  from /app/server in '??'
  from ???
Caused by: Error writing to socket (#<TCPSocket:0x7d378ddfb260>): Connection reset by peer (IO::Error)
  from /app/server in '??'
  from /app/server in '??'
  from /app/server in '??'
  from /app/server in '??'
  from /app/server in '??'
  from /app/server in '??'
  from /app/server in '??'
  from ???
  from /app/server in '??'
  from /app/server in '??'
  from /app/server in '??'
  from /app/server in '??'
  from /app/server in '??'
  from /app/server in '??'
  from ???
Caused by: Error writing to socket (#<TCPSocket:0x743330f79130>): Connection reset by peer (IO::Error)
  from /app/server in '??'
  from /app/server in '??'
  from /app/server in '??'
  from /app/server in '??'
  from /app/server in '??'
  from /app/server in '??'
  from /app/server in '??'
  from ???
Unhandled exception in spawn: Error while flushing data to the client (HTTP::Server::ClientError)
  from /app/server in '??'
  from /app/server in '??'
  from /app/server in '??'
  from /app/server in '??'
  from /app/server in '??'
  from /app/server in '??'
  from ???
Caused by: Error writing to socket (#<TCPSocket:0x7a01b4715be0>): Connection reset by peer (IO::Error)
  from /app/server in '??'
  from /app/server in '??'
  from /app/server in '??'
  from /app/server in '??'
  from /app/server in '??'
  from /app/server in '??'
  from /app/server in '??'
  from ???
  from /app/server in '??'
  from /app/server in '??'
  from /app/server in '??'
  from /app/server in '??'
  from /app/server in '??'
  from /app/server in '??'
  from ???
Caused by: Error writing to socket (#<TCPSocket:0x778f0a0e1ab0>): Connection reset by peer (IO::Error)
  from /app/server in '??'
  from /app/server in '??'
  from /app/server in '??'
  from /app/server in '??'
  from /app/server in '??'
  from /app/server in '??'
  from /app/server in '??'
  from ???
  from /app/server in '??'
  from /app/server in '??'
  from /app/server in '??'
  from /app/server in '??'
  from /app/server in '??'
  from /app/server in '??'
  from ???
Caused by: Error writing to socket (#<TCPSocket:0x70a565a05be0>): Connection reset by peer (IO::Error)
  from /app/server in '??'
  from /app/server in '??'
  from /app/server in '??'
  from /app/server in '??'
  from /app/server in '??'
  from /app/server in '??'
  from /app/server in '??'
  from ???
  from /app/server in '??'
  from /app/server in '??'
  from /app/server in '??'
  from /app/server in '??'
  from /app/server in '??'
  from /app/server in '??'
  from ???
Caused by: Error writing to socket (#<TCPSocket:0x7ed2c7054130>): Connection reset by peer (IO::Error)
  from /app/server in '??'
  from /app/server in '??'
  from /app/server in '??'
  from /app/server in '??'
  from /app/server in '??'
  from /app/server in '??'
  from /app/server in '??'
  from ???
Unhandled exception in spawn: Error while flushing data to the client (HTTP::Server::ClientError)
  from /app/server in '??'
  from /app/server in '??'
  from /app/server in '??'
  from /app/server in '??'
  from /app/server in '??'
  from /app/server in '??'
  from /app/server in '??'
  from /app/server in '??'
  from /app/server in '??'
  from /app/server in '??'
  from /app/server in '??'
  from /app/server in '??'
  from ???
  from ???
Caused by: Error writing to socket (#<TCPSocket:0x70a565a05850>): Connection reset by peer (IO::ErrorCaused by: Error writing to socket (#<TCPSocket:0x799958a714c0>): Connection reset by peer (IO::Error)
)
  from /app/server in '??'
  from /app/server in '??'
  from /app/server in '??'
  from /app/server in '??'
  from /app/server in '??'
  from /app/server in '??'
  from /app/server in '??'
  from /app/server in '??'
  from /app/server in '??'
  from /app/server in '??'
  from ???
  from /app/server in '??'
  from /app/server in '??'
  from /app/server in '??'
  from /app/server in '??'
  from ???
  from /app/server in '??'
  from /app/server in '??'
  from /app/server in '??'
  from /app/server in '??'
  from /app/server in '??'
  from /app/server in '??'
  from ???
Caused by: Error writing to socket (#<TCPSocket:0x76da1343a260>): Connection reset by peer (IO::Error)
  from /app/server in '??'
  from /app/server in '??'
  from /app/server in '??'
  from /app/server in '??'
  from /app/server in '??'
  from /app/server in '??'
  from /app/server in '??'
  from ???
  from /app/server in '??'
  from /app/server in '??'
  from /app/server in '??'
  from /app/server in '??'
  from /app/server in '??'
  from /app/server in '??'
  from ???
Caused by: Error writing to socket (#<TCPSocket:0x719822c10000>): Connection reset by peer (IO::Error)
  from /app/server in '??'
  from /app/server in '??'
  from /app/server in '??'
  from /app/server in '??'
  from /app/server in '??'
  from /app/server in '??'
  from /app/server in '??'
  from ???
  from /app/server in '??'
  from /app/server in '??'
  from /app/server in '??'
  from /app/server in '??'
  from /app/server in '??'
  from /app/server in '??'
  from ???
Caused by: Error writing to socket (#<TCPSocket:0x7c4847917ab0>): Connection reset by peer (IO::Error)
  from /app/server in '??'
  from /app/server in '??'
  from /app/server in '??'
  from /app/server in '??'
  from /app/server in '??'
  from /app/server in '??'
  from /app/server in '??'
  from ???
  from /app/server in '??'
  from /app/server in '??'
  from /app/server in '??'
  from /app/server in '??'
  from /app/server in '??'
  from /app/server in '??'
  from ???
Caused by: Error writing to socket (#<TCPSocket:0x7dffb3d4a980>): Connection reset by peer (IO::Error)
  from /app/server in '??'
  from /app/server in '??'
  from /app/server in '??'
  from /app/server in '??'
  from /app/server in '??'
  from /app/server in '??'
  from /app/server in '??'
  from /app/server in '??'
  from /app/server in '??'
  from /app/server in '??'
  from /app/server in '??'
  from ???
  from /app/server in '??'
  from /app/server in '??'
  from ???
Caused by: Error writing to socket (#<TCPSocket:0x723180438390>): Connection reset by peer (IO::Error)
  from /app/server in '??'
  from /app/server in '??'
  from /app/server in '??'
  from /app/server in '??'
  from /app/server in '??'
  from /app/server in '??'
  from /app/server in '??'
  from /app/server in '??'
  from /app/server in '??'
  from ???
  from /app/server in '??'
  from /app/server in '??'
  from /app/server in '??'
Caused by: Error writing to socket (#<TCPSocket:0x719bde6ccbe0>): Connection reset by peer (IO::Error  from /app/server in '??'
)
  from ???
  from /app/server in '??'
  from /app/server in '??'
  from /app/server in '??'
  from /app/server in '??'
  from /app/server in '??'
  from /app/server in '??'
  from /app/server in '??'
  from ???
  from /app/server in '??'
  from /app/server in '??'
  from /app/server in '??'
  from /app/server in '??'
  from /app/server in '??'
  from /app/server in '??'
  from ???
Caused by: Error writing to socket (#<TCPSocket:0x7ac4514d74c0>): Connection reset by peer (IO::Error)
  from /app/server in '??'
  from /app/server in '??'
  from /app/server in '??'
  from /app/server in '??'
  from /app/server in '??'
  from /app/server in '??'
  from /app/server in '??'
  from ???
  from /app/server in '??'
  from /app/server in '??'
  from /app/server in '??'
  from /app/server in '??'
  from /app/server in '??'
  from /app/server in '??'
  from ???
Caused by: Error writing to socket (#<TCPSocket:0x725c68dacab0>): Connection reset by peer (IO::Error)
  from /app/server in '??'
  from /app/server in '??'
  from /app/server in '??'
  from /app/server in '??'
  from /app/server in '??'
  from /app/server in '??'
  from /app/server in '??'
  from ???
  from /app/server in '??'
  from /app/server in '??'
  from /app/server in '??'
  from /app/server in '??'
  from /app/server in '??'
  from /app/server in '??'
  from /app/server in '??'
  from /app/server in '??'
  from /app/server in '??'
  from /app/server in '??'
  from /app/server in '??'
  from /app/server in '??'
  from ???
  from ???
  from /app/server in '??'
Caused by: Error writing to socket (#<TCPSocket:0x74af907774c0>): Connection reset by peer (IO::ErrorCaused by: Error writing to socket (#<TCPSocket:0x7cf530785130>): Connection reset by peer (IO::Error  from /app/server in '??'
  from /app/server in '??'
)
  from /app/server in '??'
)
  from /app/server in '??'
  from /app/server in '??'
  from /app/server in '??'
  from /app/server in '??'
  from /app/server in '??'
  from /app/server in '??'
  from /app/server in '??'
  from ???
  from /app/server in '??'
  from ???
Caused by: Error writing to socket (#<TCPSocket:0x73b98d75fab0>): Connection reset by peer (IO::ErrorCaused by: Error writing to socket (#<TCPSocket:0x78913b3c3e40>): Connection reset by peer (IO::Error)
)
  from /app/server in '??'
  from /app/server in '??'
  from /app/server in '??'
  from /app/server in '??'
  from /app/server in '??'
  from /app/server in '??'
  from /app/server in '??'
  from /app/server in '??'
  from /app/server in '??'
  from /app/server in '??'
  from /app/server in '??'
  from /app/server in '??'
  from /app/server in '??'
  from /app/server in '??'
  from /app/server in '??'
  from /app/server in '??'
  from /app/server in '??'
  from /app/server in '??'
  from /app/server in '??'
  from /app/server in '??'
  from /app/server in '??'
  from /app/server in '??'
  from /app/server in '??'
  from /app/server in '??'
  from ???
  from /app/server in '??'
  from /app/server in '??'
  from /app/server in '??'
  from /app/server in '??'
  from /app/server in '??'
  from ???
  from /app/server in '??'
  from /app/server in '??'
  from /app/server in '??'
  from /app/server in '??'
  from /app/server in '??'
  from /app/server in '??'
  from ???
  from /app/server in '??'
Unhandled exception in spawn: Error while flushing data to the client (HTTP::Server::ClientError  from /app/server in '??'
  from /app/server in '??'
Caused by: Error writing to socket (#<TCPSocket:0x790683195980>): Connection reset by peer (IO::Error  from /app/server in '??'
)
  from ???
Caused by: Error writing to socket (#<TCPSocket:0x77944c3c6ab0>): Connection reset by peer (IO::Error  from /app/server in '??'
)
  from ???
)
  from ???
  from /app/server in '??'
  from /app/server in '??'
  from /app/server in '??'
  from /app/server in '??'
  from /app/server in '??'
  from /app/server in '??'
  from /app/server in '??'
  from /app/server in '??'
  from /app/server in '??'
  from /app/server in '??'
  from /app/server in '??'
  from /app/server in '??'
  from /app/server in '??'
  from /app/server in '??'
  from /app/server in '??'
  from /app/server in '??'
  from /app/server in '??'
  from /app/server in '??'
  from ???
  from /app/server in '??'
  from /app/server in '??'
Caused by: Error writing to socket (#<TCPSocket:0x778f0a0e1980>): Connection reset by peer (IO::Error  from ???
  from ???
)
  from /app/server in '??'
  from /app/server in '??'
  from /app/server in '??'
  from /app/server in '??'
  from /app/server in '??'
  from /app/server in '??'
  from /app/server in '??'
  from ???
  from /app/server in '??'
  from /app/server in '??'
  from /app/server in '??'
  from /app/server in '??'
  from /app/server in '??'
  from /app/server in '??'
  from ???
Caused by: Error writing to socket (#<TCPSocket:0x7e7914db5ab0>): Connection reset by peer (IO::Error)
  from /app/server in '??'
  from /app/server in '??'
  from /app/server in '??'
  from /app/server in '??'
  from /app/server in '??'
  from /app/server in '??'
  from /app/server in '??'
  from ???
  from /app/server in '??'
  from /app/server in '??'
  from /app/server in '??'
  from /app/server in '??'
  from /app/server in '??'
  from /app/server in '??'
  from ???
Caused by: Error writing to socket (#<TCPSocket:0x75843b88dd10>): Connection reset by peer (IO::Error)
  from /app/server in '??'
  from /app/server in '??'
  from /app/server in '??'
  from /app/server in '??'
  from /app/server in '??'
  from /app/server in '??'
  from /app/server in '??'
  from ???
Unhandled exception in spawn: Error while flushing data to the client (HTTP::Server::ClientError)
  from /app/server in '??'
  from /app/server in '??'
  from /app/server in '??'
  from /app/server in '??'
  from /app/server in '??'
  from /app/server in '??'
  from ???
Caused by: Error writing to socket (#<TCPSocket:0x7ac451345260>): Connection reset by peer (IO::Error)
  from /app/server in '??'
  from /app/server in '??'
  from /app/server in '??'
  from /app/server in '??'
  from /app/server in '??'
  from /app/server in '??'
  from /app/server in '??'
  from ???
Unhandled exception in spawn: Error while flushing data to the client (HTTP::Server::ClientError)
  from /app/server in '??'
  from /app/server in '??'
  from /app/server in '??'
  from /app/server in '??'
  from /app/server in '??'
  from /app/server in '??'
  from ???
Caused by: Error writing to socket (#<TCPSocket:0x723179a1fd10>): Connection reset by peer (IO::Error)
  from /app/server in '??'
  from /app/server in '??'
  from /app/server in '??'
  from /app/server in '??'
  from /app/server in '??'
  from /app/server in '??'
  from /app/server in '??'
  from ???
Unhandled exception in spawn: Error while flushing data to the client (HTTP::Server::ClientError)
  from /app/server in '??'
  from /app/server in '??'
  from /app/server in '??'
  from /app/server in '??'
  from /app/server in '??'
  from /app/server in '??'
  from ???
Caused by: Error writing to socket (#<TCPSocket:0x7ec15a453000>): Connection reset by peer (IO::Error)
  from /app/server in '??'
  from /app/server in '??'
  from /app/server in '??'
  from /app/server in '??'
  from /app/server in '??'
  from /app/server in '??'
  from /app/server in '??'
  from ???
Unhandled exception in spawn: Error while flushing data to the client (HTTP::Server::ClientError)
  from /app/server in '??'
  from /app/server in '??'
  from /app/server in '??'
  from /app/server in '??'
  from /app/server in '??'
  from /app/server in '??'
  from ???
Caused by: Error writing to socket (#<TCPSocket:0x719bde80d980>): Connection reset by peer (IO::Error)
  from /app/server in '??'
  from /app/server in '??'
  from /app/server in '??'
  from /app/server in '??'
  from /app/server in '??'
  from /app/server in '??'
  from /app/server in '??'
  from ???
Unhandled exception in spawn: Error while flushing data to the client (HTTP::Server::ClientError)
Unhandled exception in spawn: Error while flushing data to the client (HTTP::Server::ClientError)
Unhandled exception in spawn: Error while flushing data to the client (HTTP::Server::ClientError)
  from /app/server in '??'
  from /app/server in '??'
  from /app/server in '??'
  from /app/server in '??'
  from /app/server in '??'
  from /app/server in '??'
  from /app/server in '??'
  from /app/server in '??'
  from /app/server in '??'
  from /app/server in '??'
  from ???
  from /app/server in '??'
Caused by: Error writing to socket (#<TCPSocket:0x7d9ca74f0720>): Connection reset by peer (IO::Error  from /app/server in '??'
)
  from ???
Caused by: Error writing to socket (#<TCPSocket:0x719bdee5f000>): Connection reset by peer (IO::Error)
  from /app/server in '??'
  from /app/server in '??'
  from /app/server in '??'
  from /app/server in '??'
  from /app/server in '??'
  from /app/server in '??'
  from /app/server in '??'
  from /app/server in '??'
  from /app/server in '??'
  from /app/server in '??'
  from /app/server in '??'
  from /app/server in '??'
  from /app/server in '??'
  from /app/server in '??'
  from ???
  from ???
  from /app/server in '??'
  from /app/server in '??'
  from /app/server in '??'
  from /app/server in '??'
  from /app/server in '??'
  from /app/server in '??'
  from ???
Caused by: Error writing to socket (#<TCPSocket:0x70172ceff850>): Connection reset by peer (IO::Error)
  from /app/server in '??'
  from /app/server in '??'
  from /app/server in '??'
  from /app/server in '??'
  from /app/server in '??'
  from /app/server in '??'
  from /app/server in '??'
  from ???
Unhandled exception in spawn: Error while flushing data to the client (HTTP::Server::ClientError)
Unhandled exception in spawn: Error while flushing data to the client (HTTP::Server::ClientError)
Unhandled exception in spawn: Error while flushing data to the client (HTTP::Server::ClientError)
  from /app/server in '??'
  from /app/server in '??'
  from /app/server in '??'
  from /app/server in '??'
  from /app/server in '??'
  from /app/server in '??'
  from ???
Caused by: Error writing to socket (#<TCPSocket:0x79f6a5a02130>): Connection reset by peer (IO::Error)
  from /app/server in '??'
  from /app/server in '??'
  from /app/server in '??'
  from /app/server in '??'
  from /app/server in '??'
  from /app/server in '??'
  from /app/server in '??'
  from ???
Unhandled exception in spawn: Error while flushing data to the client (HTTP::Server::ClientError)
  from /app/server in '??'
  from /app/server in '??'
  from /app/server in '??'
  from /app/server in '??'
  from /app/server in '??'
  from /app/server in '??'
  from ???
Caused by: Error writing to socket (#<TCPSocket:0x719bde501ab0>): Connection reset by peer (IO::Error)
  from /app/server in '??'
  from /app/server in '??'
  from /app/server in '??'
  from /app/server in '??'
  from /app/server in '??'
  from /app/server in '??'
  from /app/server in '??'
  from ???
Unhandled exception in spawn: Error while flushing data to the client (HTTP::Server::ClientError)
  from /app/server in '??'
  from /app/server in '??'
  from /app/server in '??'
  from /app/server in '??'
  from /app/server in '??'
  from /app/server in '??'
  from ???
Caused by: Error writing to socket (#<TCPSocket:0x71d71e460720>): Connection reset by peer (IO::Error)
  from /app/server in '??'
  from /app/server in '??'
  from /app/server in '??'
  from /app/server in '??'
  from /app/server in '??'
  from /app/server in '??'
  from /app/server in '??'
  from ???
Unhandled exception in spawn: Error while flushing data to the client (HTTP::Server::ClientError)
  from /app/server in '??'
  from /app/server in '??'
  from /app/server in '??'
  from /app/server in '??'
  from /app/server in '??'
  from /app/server in '??'
  from ???
Caused by: Error writing to socket (#<TCPSocket:0x719bde501850>): Connection reset by peer (IO::Error)
  from /app/server in '??'
  from /app/server in '??'
  from /app/server in '??'
  from /app/server in '??'
  from /app/server in '??'
  from /app/server in '??'
  from /app/server in '??'
  from ???
  from /app/server in '??'
  from /app/server in '??'
  from /app/server in '??'
  from /app/server in '??'
  from /app/server in '??'
  from /app/server in '??'
  from ???
Caused by: Error writing to socket (#<TCPSocket:0x7a137003d4c0>): Connection reset by peer (IO::Error)
  from /app/server in '??'
  from /app/server in '??'
  from /app/server in '??'
  from /app/server in '??'
  from /app/server in '??'
  from /app/server in '??'
  from /app/server in '??'
  from ???
  from /app/server in '??'
  from /app/server in '??'
  from /app/server in '??'
  from /app/server in '??'
  from /app/server in '??'
  from /app/server in '??'
  from ???
Caused by: Error writing to socket (#<TCPSocket:0x77f89d52c850>): Connection reset by peer (IO::Error)
  from /app/server in '??'
  from /app/server in '??'
  from /app/server in '??'
  from /app/server in '??'
  from /app/server in '??'
  from /app/server in '??'
  from /app/server in '??'
  from ???
Unhandled exception in spawn: Error while flushing data to the client (HTTP::Server::ClientError)
Unhandled exception in spawn: Error while flushing data to the client (HTTP::Server::ClientError)
  from /app/server in '??'
  from /app/server in '??'
  from /app/server in '??'
  from /app/server in '??'
  from /app/server in '??'
  from /app/server in '??'
  from ???
Caused by: Error writing to socket (#<TCPSocket:0x7a01b3da4130>): Connection reset by peer (IO::Error)
  from /app/server in '??'
  from /app/server in '??'
  from /app/server in '??'
  from /app/server in '??'
  from /app/server in '??'
  from /app/server in '??'
  from /app/server in '??'
  from ???
Unhandled exception in spawn: Error while flushing data to the client (HTTP::Server::ClientError)
Unhandled exception in spawn: Error while flushing data to the client (HTTP::Server::ClientError)
Unhandled exception in spawn: Error while flushing data to the client (HTTP::Server::ClientError)
  from /app/server in '??'
  from /app/server in '??'
  from /app/server in '??'
  from /app/server in '??'
  from /app/server in '??'
  from /app/server in '??'
  from ???
Caused by: Error writing to socket (#<TCPSocket:0x7fb2f285fe40>): Connection reset by peer (IO::Error  from /app/server in '??'
)
  from /app/server in '??'
  from /app/server in '??'
  from /app/server in '??'
  from /app/server in '??'
  from /app/server in '??'
  from ???
Caused by: Error writing to socket (#<TCPSocket:0x7a01adcafe40>): Connection reset by peer (IO::Error)
  from /app/server in '??'
  from /app/server in '??'
  from /app/server in '??'
  from /app/server in '??'
  from /app/server in '??'
  from /app/server in '??'
  from /app/server in '??'
  from /app/server in '??'
  from ???
  from /app/server in '??'
  from /app/server in '??'
  from /app/server in '??'
  from /app/server in '??'
  from /app/server in '??'
  from /app/server in '??'
  from ???
Unhandled exception in spawn: Error while flushing data to the client (HTTP::Server::ClientError)
  from /app/server in '??'
  from /app/server in '??'
  from /app/server in '??'
  from /app/server in '??'
  from /app/server in '??'
  from /app/server in '??'
  from ???
Caused by: Error writing to socket (#<TCPSocket:0x789137996390>): Connection reset by peer (IO::Error)
  from /app/server in '??'
  from /app/server in '??'
  from /app/server in '??'
  from /app/server in '??'
  from /app/server in '??'
  from /app/server in '??'
  from /app/server in '??'
  from ???
Unhandled exception in spawn: Error while flushing data to the client (HTTP::Server::ClientError)
Unhandled exception in spawn: Error while flushing data to the client (HTTP::Server::ClientError)
  from /app/server in '??'
  from /app/server in '??'
  from /app/server in '??'
  from /app/server in '??'
  from /app/server in '??'
  from /app/server in '??'
  from ???
Caused by: Error writing to socket (#<TCPSocket:0x7a01b47155f0>): Connection reset by peer (IO::Error)
  from /app/server in '??'
  from /app/server in '??'
  from /app/server in '??'
  from /app/server in '??'
  from /app/server in '??'
  from /app/server in '??'
  from /app/server in '??'
  from ???
  from /app/server in '??'
  from /app/server in '??'
  from /app/server in '??'
  from /app/server in '??'
  from /app/server in '??'
  from /app/server in '??'
  from ???
Caused by: Error writing to socket (#<TCPSocket:0x758e6653a4c0>): Connection reset by peer (IO::Error)
Unhandled exception in spawn: Error while flushing data to the client (HTTP::Server::ClientError)
  from /app/server in '??'
  from /app/server in '??'
  from /app/server in '??'
  from /app/server in '??'
  from /app/server in '??'
  from /app/server in '??'
  from /app/server in '??'
  from /app/server in '??'
  from /app/server in '??'
  from /app/server in '??'
  from /app/server in '??'
  from ???
  from /app/server in '??'
  from /app/server in '??'
  from ???
Caused by: Error writing to socket (#<TCPSocket:0x7a01adcafd10>): Connection reset by peer (IO::Error)
  from /app/server in '??'
  from /app/server in '??'
  from /app/server in '??'
  from /app/server in '??'
  from /app/server in '??'
  from /app/server in '??'
  from /app/server in '??'
  from ???
Unhandled exception in spawn: Error while flushing data to the client (HTTP::Server::ClientError)
  from /app/server in '??'
  from /app/server in '??'
  from /app/server in '??'
  from /app/server in '??'
  from /app/server in '??'
  from /app/server in '??'
  from ???
Caused by: Error writing to socket (#<TCPSocket:0x7a01b4715e40>): Connection reset by peer (IO::Error)
  from /app/server in '??'
  from /app/server in '??'
  from /app/server in '??'
  from /app/server in '??'
  from /app/server in '??'
  from /app/server in '??'
  from /app/server in '??'
  from ???
  from /app/server in '??'
  from /app/server in '??'
  from /app/server in '??'
  from /app/server in '??'
  from /app/server in '??'
  from /app/server in '??'
  from ???
Caused by: Error writing to socket (#<TCPSocket:0x7baf9b5ea260>): Connection reset by peer (IO::Error)
  from /app/server in '??'
  from /app/server in '??'
  from /app/server in '??'
  from /app/server in '??'
  from /app/server in '??'
  from /app/server in '??'
  from /app/server in '??'
  from ???
  from /app/server in '??'
  from /app/server in '??'
  from /app/server in '??'
  from /app/server in '??'
  from /app/server in '??'
  from /app/server in '??'
  from ???
Caused by: Error writing to socket (#<TCPSocket:0x7826bb2dc130>): Connection reset by peer (IO::Error)
  from /app/server in '??'
  from /app/server in '??'
  from /app/server in '??'
  from /app/server in '??'
  from /app/server in '??'
  from /app/server in '??'
  from /app/server in '??'
  from ???
Unhandled exception in spawn: Error while flushing data to the client (HTTP::Server::ClientError)
  from /app/server in '??'
  from /app/server in '??'
  from /app/server in '??'
  from /app/server in '??'
  from /app/server in '??'
  from /app/server in '??'
  from ???
Caused by: Error writing to socket (#<TCPSocket:0x77f89d67bd10>): Connection reset by peer (IO::Error)
  from /app/server in '??'
  from /app/server in '??'
  from /app/server in '??'
  from /app/server in '??'
  from /app/server in '??'
  from /app/server in '??'
  from /app/server in '??'
  from ???
Unhandled exception in spawn: Error while flushing data to the client (HTTP::Server::ClientError)
  from /app/server in '??'
  from /app/server in '??'
  from /app/server in '??'
  from /app/server in '??'
  from /app/server in '??'
  from /app/server in '??'
  from ???
Caused by: Error writing to socket (#<TCPSocket:0x70172ce93ab0>): Connection reset by peer (IO::Error)
  from /app/server in '??'
  from /app/server in '??'
  from /app/server in '??'
  from /app/server in '??'
  from /app/server in '??'
  from /app/server in '??'
  from /app/server in '??'
  from ???
Unhandled exception in spawn: Error while flushing data to the client (HTTP::Server::ClientError)
  from /app/server in '??'
  from /app/server in '??'
  from /app/server in '??'
  from /app/server in '??'
  from /app/server in '??'
  from /app/server in '??'
  from ???
Caused by: Error writing to socket (#<TCPSocket:0x7a1369c75980>): Connection reset by peer (IO::Error)
  from /app/server in '??'
  from /app/server in '??'
  from /app/server in '??'
  from /app/server in '??'
  from /app/server in '??'
  from /app/server in '??'
  from /app/server in '??'
  from ???
Unhandled exception in spawn: Error while flushing data to the client (HTTP::Server::ClientError)
  from /app/server in '??'
  from /app/server in '??'
  from /app/server in '??'
  from /app/server in '??'
  from /app/server in '??'
  from /app/server in '??'
  from ???
Caused by: Error writing to socket (#<TCPSocket:0x7baf9e432260>): Connection reset by peer (IO::Error)
  from /app/server in '??'
  from /app/server in '??'
  from /app/server in '??'
  from /app/server in '??'
  from /app/server in '??'
  from /app/server in '??'
  from /app/server in '??'
  from ???
Unhandled exception in spawn: Error while flushing data to the client (HTTP::Server::ClientError)
  from /app/server in '??'
  from /app/server in '??'
  from /app/server in '??'
  from /app/server in '??'
  from /app/server in '??'
  from /app/server in '??'
  from ???
Caused by: Error writing to socket (#<TCPSocket:0x7a13702a2850>): Connection reset by peer (IO::Error)
  from /app/server in '??'
  from /app/server in '??'
  from /app/server in '??'
  from /app/server in '??'
  from /app/server in '??'
  from /app/server in '??'
  from /app/server in '??'
  from ???
Unhandled exception in spawn: Error while flushing data to the client (HTTP::Server::ClientError)
  from /app/server in '??'
  from /app/server in '??'
  from /app/server in '??'
  from /app/server in '??'
  from /app/server in '??'
  from /app/server in '??'
  from ???
Caused by: Error writing to socket (#<TCPSocket:0x70172ceff260>): Connection reset by peer (IO::Error)
  from /app/server in '??'
  from /app/server in '??'
  from /app/server in '??'
  from /app/server in '??'
  from /app/server in '??'
  from /app/server in '??'
  from /app/server in '??'
  from ???
Unhandled exception in spawn: Error while flushing data to the client (HTTP::Server::ClientError)
  from /app/server in '??'
  from /app/server in '??'
  from /app/server in '??'
  from /app/server in '??'
  from /app/server in '??'
  from /app/server in '??'
  from ???
Caused by: Error writing to socket (#<TCPSocket:0x73b77a45be40>): Connection reset by peer (IO::Error)
  from /app/server in '??'
  from /app/server in '??'
  from /app/server in '??'
  from /app/server in '??'
  from /app/server in '??'
  from /app/server in '??'
  from /app/server in '??'
  from ???
Unhandled exception in spawn: Error while flushing data to the client (HTTP::Server::ClientError)
  from /app/server in '??'
  from /app/server in '??'
  from /app/server in '??'
  from /app/server in '??'
  from /app/server in '??'
  from /app/server in '??'
  from ???
Caused by: Error writing to socket (#<TCPSocket:0x78913b593390>): Connection reset by peer (IO::Error)
  from /app/server in '??'
  from /app/server in '??'
  from /app/server in '??'
  from /app/server in '??'
  from /app/server in '??'
  from /app/server in '??'
  from /app/server in '??'
  from ???
Unhandled exception in spawn: Error while flushing data to the client (HTTP::Server::ClientError)
  from /app/server in '??'
  from /app/server in '??'
  from /app/server in '??'
  from /app/server in '??'
  from /app/server in '??'
  from /app/server in '??'
  from ???
Caused by: Error writing to socket (#<TCPSocket:0x75a689832be0>): Connection reset by peer (IO::Error)
  from /app/server in '??'
  from /app/server in '??'
  from /app/server in '??'
  from /app/server in '??'
  from /app/server in '??'
  from /app/server in '??'
  from /app/server in '??'
  from ???
Unhandled exception in spawn: Error while flushing data to the client (HTTP::Server::ClientError)
  from /app/server in '??'
  from /app/server in '??'
  from /app/server in '??'
  from /app/server in '??'
  from /app/server in '??'
  from /app/server in '??'
  from ???
Caused by: Error writing to socket (#<TCPSocket:0x7dcb54039130>): Connection reset by peer (IO::Error)
  from /app/server in '??'
  from /app/server in '??'
  from /app/server in '??'
  from /app/server in '??'
  from /app/server in '??'
  from /app/server in '??'
  from /app/server in '??'
  from ???
Unhandled exception in spawn: Error while flushing data to the client (HTTP::Server::ClientError)
  from /app/server in '??'
  from /app/server in '??'
  from /app/server in '??'
Unhandled exception in spawn: Error while flushing data to the client (HTTP::Server::ClientError  from /app/server in '??'
  from /app/server in '??'
)
  from /app/server in '??'
  from ???
Caused by: Error writing to socket (#<TCPSocket:0x7c33395ae980>): Connection reset by peer (IO::Error)
  from /app/server in '??'
  from /app/server in '??'
  from /app/server in '??'
  from /app/server in '??'
  from /app/server in '??'
  from /app/server in '??'
  from /app/server in '??'
  from ???
Unhandled exception in spawn: Error while flushing data to the client (HTTP::Server::ClientError)
Unhandled exception in spawn: Error while flushing data to the client (HTTP::Server::ClientError)
  from /app/server in '??'
  from /app/server in '??'
  from /app/server in '??'
  from /app/server in '??'
  from /app/server in '??'
  from /app/server in '??'
  from ???
Caused by: Error writing to socket (#<TCPSocket:0x7826bba4d850>): Connection reset by peer (IO::Error)
  from /app/server in '??'
  from /app/server in '??'
  from /app/server in '??'
  from /app/server in '??'
  from /app/server in '??'
  from /app/server in '??'
  from /app/server in '??'
  from ???
Unhandled exception in spawn: Error while flushing data to the client (HTTP::Server::ClientError)
  from /app/server in '??'
  from /app/server in '??'
  from /app/server in '??'
  from /app/server in '??'
  from /app/server in '??'
  from /app/server in '??'
  from ???
Caused by: Error writing to socket (#<TCPSocket:0x789137ab8e40>): Connection reset by peer (IO::Error)
  from /app/server in '??'
  from /app/server in '??'
  from /app/server in '??'
  from /app/server in '??'
  from /app/server in '??'
  from /app/server in '??'
  from /app/server in '??'
  from ???
Unhandled exception in spawn: Error while flushing data to the client (HTTP::Server::ClientError)
  from /app/server in '??'
  from /app/server in '??'
  from /app/server in '??'
  from /app/server in '??'
  from /app/server in '??'
  from /app/server in '??'
  from ???
Caused by: Error writing to socket (#<TCPSocket:0x70172790be40>): Connection reset by peer (IO::Error)
  from /app/server in '??'
  from /app/server in '??'
  from /app/server in '??'
  from /app/server in '??'
  from /app/server in '??'
  from /app/server in '??'
  from /app/server in '??'
  from ???
Unhandled exception in spawn: Error while flushing data to the client (HTTP::Server::ClientError)
  from /app/server in '??'
  from /app/server in '??'
  from /app/server in '??'
  from /app/server in '??'
  from /app/server in '??'
  from /app/server in '??'
  from ???
Caused by: Error writing to socket (#<TCPSocket:0x7baf9b5eabe0>): Connection reset by peer (IO::Error)
  from /app/server in '??'
  from /app/server in '??'
  from /app/server in '??'
  from /app/server in '??'
  from /app/server in '??'
  from /app/server in '??'
  from /app/server in '??'
  from ???
Unhandled exception in spawn: Error while flushing data to the client (HTTP::Server::ClientError)
  from /app/server in '??'
  from /app/server in '??'
  from /app/server in '??'
  from /app/server in '??'
  from /app/server in '??'
  from /app/server in '??'
  from /app/server in '??'
  from /app/server in '??'
  from ???
  from /app/server in '??'
Caused by: Error writing to socket (#<TCPSocket:0x77f89d67b980>): Connection reset by peer (IO::Error  from /app/server in '??'
)
  from /app/server in '??'
  from /app/server in '??'
  from ???
Caused by: Error writing to socket (#<TCPSocket:0x77899f5404c0>): Connection reset by peer (IO::Error)
  from /app/server in '??'
  from /app/server in '??'
  from /app/server in '??'
  from /app/server in '??'
  from /app/server in '??'
  from /app/server in '??'
  from /app/server in '??'
  from /app/server in '??'
  from /app/server in '??'
  from /app/server in '??'
  from ???
  from /app/server in '??'
  from /app/server in '??'
  from /app/server in '??'
  from /app/server in '??'
  from ???
  from /app/server in '??'
  from /app/server in '??'
  from /app/server in '??'
  from /app/server in '??'
  from /app/server in '??'
  from /app/server in '??'
  from ???
Caused by: Error writing to socket (#<TCPSocket:0x7844ff6b84c0>): Connection reset by peer (IO::Error)
  from /app/server in '??'
  from /app/server in '??'
  from /app/server in '??'
  from /app/server in '??'
  from /app/server in '??'
  from /app/server in '??'
  from /app/server in '??'
  from ???
Unhandled exception in spawn: Error while flushing data to the client (HTTP::Server::ClientError)
  from /app/server in '??'
  from /app/server in '??'
  from /app/server in '??'
  from /app/server in '??'
  from /app/server in '??'
  from /app/server in '??'
  from ???
Caused by: Error writing to socket (#<TCPSocket:0x705869fbdab0>): Connection reset by peer (IO::Error)
  from /app/server in '??'
  from /app/server in '??'
  from /app/server in '??'
  from /app/server in '??'
  from /app/server in '??'
  from /app/server in '??'
  from /app/server in '??'
  from ???
Unhandled exception in spawn: Error while flushing data to the client (HTTP::Server::ClientError)
  from /app/server in '??'
  from /app/server in '??'
  from /app/server in '??'
  from /app/server in '??'
  from /app/server in '??'
  from /app/server in '??'
  from ???
Caused by: Error writing to socket (#<TCPSocket:0x71d71e460000>): Connection reset by peer (IO::Error)
  from /app/server in '??'
  from /app/server in '??'
  from /app/server in '??'
  from /app/server in '??'
  from /app/server in '??'
  from /app/server in '??'
  from /app/server in '??'
  from ???
Unhandled exception in spawn: Error while flushing data to the client (HTTP::Server::ClientError)
Unhandled exception in spawn: Error while flushing data to the client (HTTP::Server::ClientError)
  from /app/server in '??'
  from /app/server in '??'
  from /app/server in '??'
  from /app/server in '??'
Unhandled exception in spawn: Error while flushing data to the client (HTTP::Server::ClientError  from /app/server in '??'
  from /app/server in '??'
)
  from ???
Caused by: Error writing to socket (#<TCPSocket:0x737d25af64c0>): Connection reset by peer (IO::Error)
  from /app/server in '??'
  from /app/server in '??'
  from /app/server in '??'
  from /app/server in '??'
  from /app/server in '??'
  from /app/server in '??'
  from /app/server in '??'
  from ???
  from /app/server in '??'
  from /app/server in '??'
  from /app/server in '??'
  from /app/server in '??'
  from /app/server in '??'
  from /app/server in '??'
  from ???
Caused by: Error writing to socket (#<TCPSocket:0x799958884980>): Connection reset by peer (IO::Error)
  from /app/server in '??'
  from /app/server in '??'
  from /app/server in '??'
  from /app/server in '??'
  from /app/server in '??'
  from /app/server in '??'
  from /app/server in '??'
  from ???
Unhandled exception in spawn: Error while flushing data to the client (HTTP::Server::ClientError)
Unhandled exception in spawn: Error while flushing data to the client (HTTP::Server::ClientError)
  from /app/server in '??'
  from /app/server in '??'
  from /app/server in '??'
  from /app/server in '??'
  from /app/server in '??'
  from /app/server in '??'
  from ???
Caused by: Error writing to socket (#<TCPSocket:0x789281bbbd10>): Connection reset by peer (IO::Error)
  from /app/server in '??'
  from /app/server in '??'
  from /app/server in '??'
  from /app/server in '??'
  from /app/server in '??'
  from /app/server in '??'
  from /app/server in '??'
  from ???
  from /app/server in '??'
  from /app/server in '??'
  from /app/server in '??'
  from /app/server in '??'
  from /app/server in '??'
  from /app/server in '??'
  from ???
Caused by: Error writing to socket (#<TCPSocket:0x75538d49fbe0>): Connection reset by peer (IO::Error)
  from /app/server in '??'
  from /app/server in '??'
  from /app/server in '??'
  from /app/server in '??'
  from /app/server in '??'
  from /app/server in '??'
  from /app/server in '??'
  from ???
  from /app/server in '??'
  from /app/server in '??'
  from /app/server in '??'
  from /app/server in '??'
  from /app/server in '??'
  from /app/server in '??'
  from ???
Caused by: Error writing to socket (#<TCPSocket:0x7daf1aa86d10>): Connection reset by peer (IO::Error)
  from /app/server in '??'
  from /app/server in '??'
  from /app/server in '??'
  from /app/server in '??'
  from /app/server in '??'
  from /app/server in '??'
  from /app/server in '??'
  from ???
Unhandled exception in spawn: Error while flushing data to the client (HTTP::Server::ClientError)
  from /app/server in '??'
  from /app/server in '??'
  from /app/server in '??'
  from /app/server in '??'
  from /app/server in '??'
  from /app/server in '??'
  from ???
Caused by: Error writing to socket (#<TCPSocket:0x737d25af6720>): Connection reset by peer (IO::Error)
  from /app/server in '??'
  from /app/server in '??'
  from /app/server in '??'
  from /app/server in '??'
  from /app/server in '??'
  from /app/server in '??'
  from /app/server in '??'
  from ???
Unhandled exception in spawn: Error while flushing data to the client (HTTP::Server::ClientError)
  from /app/server in '??'
  from /app/server in '??'
  from /app/server in '??'
  from /app/server in '??'
  from /app/server in '??'
  from /app/server in '??'
  from ???
Caused by: Error writing to socket (#<TCPSocket:0x737d2b010720>): Connection reset by peer (IO::Error)
  from /app/server in '??'
  from /app/server in '??'
  from /app/server in '??'
  from /app/server in '??'
  from /app/server in '??'
  from /app/server in '??'
  from /app/server in '??'
  from ???
Unhandled exception in spawn: Error while flushing data to the client (HTTP::Server::ClientError)
  from /app/server in '??'
  from /app/server in '??'
  from /app/server in '??'
  from /app/server in '??'
  from /app/server in '??'
  from /app/server in '??'
  from ???
Caused by: Error writing to socket (#<TCPSocket:0x719bde56e130>): Connection reset by peer (IO::Error)
  from /app/server in '??'
  from /app/server in '??'
  from /app/server in '??'
  from /app/server in '??'
  from /app/server in '??'
  from /app/server in '??'
  from /app/server in '??'
  from ???
Unhandled exception in spawn: Error while flushing data to the client (HTTP::Server::ClientError)
  from /app/server in '??'
  from /app/server in '??'
  from /app/server in '??'
  from /app/server in '??'
  from /app/server in '??'
  from /app/server in '??'
  from ???
Caused by: Error writing to socket (#<TCPSocket:0x7ec15ab0c390>): Connection reset by peer (IO::Error)
  from /app/server in '??'
  from /app/server in '??'
  from /app/server in '??'
  from /app/server in '??'
  from /app/server in '??'
  from /app/server in '??'
  from /app/server in '??'
  from ???
Unhandled exception in spawn: Error while flushing data to the client (HTTP::Server::ClientError)
Unhandled exception in spawn: Error while flushing data to the client (HTTP::Server::ClientError)
  from /app/server in '??'
  from /app/server in '??'
  from /app/server in '??'
  from /app/server in '??'
  from /app/server in '??'
  from /app/server in '??'
  from ???
Caused by: Error writing to socket (#<TCPSocket:0x7dcb548c04c0>): Connection reset by peer (IO::Error)
  from /app/server in '??'
  from /app/server in '??'
  from /app/server in '??'
  from /app/server in '??'
  from /app/server in '??'
  from /app/server in '??'
  from /app/server in '??'
  from ???
  from /app/server in '??'
  from /app/server in '??'
  from /app/server in '??'
  from /app/server in '??'
  from /app/server in '??'
  from /app/server in '??'
  from ???
Caused by: Error writing to socket (#<TCPSocket:0x7aa39596d5f0>): Connection reset by peer (IO::Error)
  from /app/server in '??'
  from /app/server in '??'
  from /app/server in '??'
  from /app/server in '??'
  from /app/server in '??'
  from /app/server in '??'
  from /app/server in '??'
  from ???
Unhandled exception in spawn: Error while flushing data to the client (HTTP::Server::ClientError)
  from /app/server in '??'
  from /app/server in '??'
  from /app/server in '??'
  from /app/server in '??'
  from /app/server in '??'
  from /app/server in '??'
  from ???
Caused by: Error writing to socket (#<TCPSocket:0x7a52b5f9a980>): Connection reset by peer (IO::Error)
  from /app/server in '??'
  from /app/server in '??'
  from /app/server in '??'
  from /app/server in '??'
  from /app/server in '??'
  from /app/server in '??'
  from /app/server in '??'
  from ???
Unhandled exception in spawn: Error while flushing data to the client (HTTP::Server::ClientErrorUnhandled exception in spawn: Error while flushing data to the client (HTTP::Server::ClientError)
)
  from /app/server in '??'
  from /app/server in '??'
  from /app/server in '??'
  from /app/server in '??'
  from /app/server in '??'
  from /app/server in '??'
  from ???
Caused by: Error writing to socket (#<TCPSocket:0x77944bf52ab0>): Connection reset by peer (IO::Error)
  from /app/server in '??'
  from /app/server in '??'
  from /app/server in '??'
  from /app/server in '??'
  from /app/server in '??'
  from /app/server in '??'
  from /app/server in '??'
  from ???
Unhandled exception in spawn: Error while flushing data to the client (HTTP::Server::ClientError)
Unhandled exception in spawn: Error while flushing data to the client (HTTP::Server::ClientError)
  from /app/server in '??'
  from /app/server in '??'
  from /app/server in '??'
  from /app/server in '??'
  from /app/server in '??'
  from /app/server in '??'
  from ???
Caused by: Error writing to socket (#<TCPSocket:0x7cb18b1be5f0>): Connection reset by peer (IO::Error)
  from /app/server in '??'
  from /app/server in '??'
  from /app/server in '??'
  from /app/server in '??'
  from /app/server in '??'
  from /app/server in '??'
  from /app/server in '??'
  from ???
Unhandled exception in spawn: Error while flushing data to the client (HTTP::Server::ClientError)
  from /app/server in '??'
  from /app/server in '??'
  from /app/server in '??'
  from /app/server in '??'
  from /app/server in '??'
  from /app/server in '??'
  from ???
Caused by: Error writing to socket (#<TCPSocket:0x752f516b4980>): Connection reset by peer (IO::Error)
  from /app/server in '??'
  from /app/server in '??'
  from /app/server in '??'
  from /app/server in '??'
  from /app/server in '??'
  from /app/server in '??'
  from /app/server in '??'
  from ???
Unhandled exception in spawn: Error while flushing data to the client (HTTP::Server::ClientError)
  from /app/server in '??'
  from /app/server in '??'
  from /app/server in '??'
  from /app/server in '??'
  from /app/server in '??'
  from /app/server in '??'
  from ???
Caused by: Error writing to socket (#<TCPSocket:0x7dcb54744850>): Connection reset by peer (IO::Error)
  from /app/server in '??'
  from /app/server in '??'
  from /app/server in '??'
  from /app/server in '??'
  from /app/server in '??'
  from /app/server in '??'
  from /app/server in '??'
  from ???
  from /app/server in '??'
  from /app/server in '??'
  from /app/server in '??'
  from /app/server in '??'
  from /app/server in '??'
  from /app/server in '??'
  from ???
Caused by: Error writing to socket (#<TCPSocket:0x7d0f3bfede40>): Connection reset by peer (IO::Error)
  from /app/server in '??'
  from /app/server in '??'
  from /app/server in '??'
  from /app/server in '??'
  from /app/server in '??'
  from /app/server in '??'
  from /app/server in '??'
  from ???
  from /app/server in '??'
  from /app/server in '??'
  from /app/server in '??'
  from /app/server in '??'
  from /app/server in '??'
  from /app/server in '??'
  from ???
Caused by: Error writing to socket (#<TCPSocket:0x7b6588b705f0>): Connection reset by peer (IO::Error)
  from /app/server in '??'
  from /app/server in '??'
  from /app/server in '??'
  from /app/server in '??'
  from /app/server in '??'
  from /app/server in '??'
  from /app/server in '??'
  from ???
Unhandled exception in spawn: Error while flushing data to the client (HTTP::Server::ClientError)
  from /app/server in '??'
  from /app/server in '??'
  from /app/server in '??'
  from /app/server in '??'
  from /app/server in '??'
  from /app/server in '??'
  from ???
Caused by: Error writing to socket (#<TCPSocket:0x7cbbdb31a5f0>): Connection reset by peer (IO::Error)
  from /app/server in '??'
  from /app/server in '??'
  from /app/server in '??'
  from /app/server in '??'
  from /app/server in '??'
  from /app/server in '??'
  from /app/server in '??'
  from ???
Unhandled exception in spawn: Error while flushing data to the client (HTTP::Server::ClientError)
  from /app/server in '??'
  from /app/server in '??'
  from /app/server in '??'
  from /app/server in '??'
  from /app/server in '??'
  from /app/server in '??'
  from ???
Caused by: Error writing to socket (#<TCPSocket:0x7d0f3b8b2720>): Connection reset by peer (IO::Error)
  from /app/server in '??'
  from /app/server in '??'
  from /app/server in '??'
  from /app/server in '??'
  from /app/server in '??'
  from /app/server in '??'
  from /app/server in '??'
  from ???
Unhandled exception in spawn: Error while flushing data to the client (HTTP::Server::ClientError)
  from /app/server in '??'
  from /app/server in '??'
  from /app/server in '??'
  from /app/server in '??'
  from /app/server in '??'
  from /app/server in '??'
  from ???
Caused by: Error writing to socket (#<TCPSocket:0x7d0f3b8b25f0>): Connection reset by peer (IO::Error)
  from /app/server in '??'
  from /app/server in '??'
  from /app/server in '??'
  from /app/server in '??'
  from /app/server in '??'
  from /app/server in '??'
  from /app/server in '??'
  from ???
Unhandled exception in spawn: Error while flushing data to the client (HTTP::Server::ClientError)
  from /app/server in '??'
  from /app/server in '??'
  from /app/server in '??'
  from /app/server in '??'
  from /app/server in '??'
  from /app/server in '??'
  from ???
Caused by: Error writing to socket (#<TCPSocket:0x7d0f3b986980>): Connection reset by peer (IO::Error)
  from /app/server in '??'
  from /app/server in '??'
  from /app/server in '??'
  from /app/server in '??'
  from /app/server in '??'
  from /app/server in '??'
  from /app/server in '??'
  from ???
Unhandled exception in spawn: Error while flushing data to the client (HTTP::Server::ClientError)
  from /app/server in '??'
  from /app/server in '??'
  from /app/server in '??'
  from /app/server in '??'
  from /app/server in '??'
  from /app/server in '??'
  from ???
Caused by: Error writing to socket (#<TCPSocket:0x7dcb53924260>): Connection reset by peer (IO::Error)
  from /app/server in '??'
  from /app/server in '??'
  from /app/server in '??'
  from /app/server in '??'
  from /app/server in '??'
  from /app/server in '??'
  from /app/server in '??'
  from ???
Unhandled exception in spawn: Error while flushing data to the client (HTTP::Server::ClientError)
  from /app/server in '??'
  from /app/server in '??'
  from /app/server in '??'
  from /app/server in '??'
  from /app/server in '??'
  from /app/server in '??'
  from ???
Caused by: Error writing to socket (#<TCPSocket:0x75b4aa5b8850>): Connection reset by peer (IO::Error)
  from /app/server in '??'
  from /app/server in '??'
  from /app/server in '??'
  from /app/server in '??'
  from /app/server in '??'
  from /app/server in '??'
  from /app/server in '??'
  from ???
Unhandled exception in spawn: Error while flushing data to the client (HTTP::Server::ClientError)
  from /app/server in '??'
  from /app/server in '??'
  from /app/server in '??'
  from /app/server in '??'
  from /app/server in '??'
  from /app/server in '??'
  from ???
Caused by: Error writing to socket (#<TCPSocket:0x719bde80d720>): Connection reset by peer (IO::Error)
  from /app/server in '??'
  from /app/server in '??'
  from /app/server in '??'
  from /app/server in '??'
  from /app/server in '??'
  from /app/server in '??'
  from /app/server in '??'
  from ???
